{"target": -2.751522717577049, "params": {"learning_rate": 1.0535565938828688, "neurons": 38.73822468830389}, "datetime": {"datetime": "2023-05-07 10:52:43", "elapsed": 824.12049, "delta": 3.251503}}
{"target": -3.960726348648469, "params": {"learning_rate": 2.947723857247336, "neurons": 37.55879463617786}, "datetime": {"datetime": "2023-05-07 10:52:46", "elapsed": 827.250758, "delta": 3.130268}}
{"target": -2.6530332980826525, "params": {"learning_rate": 1.409871609534535, "neurons": 39.11888350795437}, "datetime": {"datetime": "2023-05-07 10:52:50", "elapsed": 830.998052, "delta": 3.747294}}
{"target": -2.922181521625028, "params": {"learning_rate": 1.080634251521658, "neurons": 37.87141772405714}, "datetime": {"datetime": "2023-05-07 10:52:53", "elapsed": 834.401096, "delta": 3.403044}}
{"target": -2.6047159215105697, "params": {"learning_rate": 1.2205999862633476, "neurons": 38.313600949272974}, "datetime": {"datetime": "2023-05-07 10:52:56", "elapsed": 837.46923, "delta": 3.068134}}
{"target": -8.871939348520566, "params": {"learning_rate": 0.3328283850277326, "neurons": 19.361953127247155}, "datetime": {"datetime": "2023-05-07 10:52:59", "elapsed": 840.339322, "delta": 2.870092}}
{"target": -3.2755329203108747, "params": {"learning_rate": 2.4489141496915154, "neurons": 10.61533070961394}, "datetime": {"datetime": "2023-05-07 10:53:03", "elapsed": 843.769245, "delta": 3.429923}}
{"target": -3.8663989498132096, "params": {"learning_rate": 2.235981465034106, "neurons": 25.48865717122282}, "datetime": {"datetime": "2023-05-07 10:53:06", "elapsed": 846.659184, "delta": 2.889939}}
{"target": -3.7136209334808186, "params": {"learning_rate": 2.4913131968586417, "neurons": 37.56100604744481}, "datetime": {"datetime": "2023-05-07 10:53:10", "elapsed": 850.745058, "delta": 4.085874}}
{"target": -3.8979157036427994, "params": {"learning_rate": 1.8887987797437455, "neurons": 52.86302673748499}, "datetime": {"datetime": "2023-05-07 10:53:14", "elapsed": 855.020276, "delta": 4.275218}}
{"target": -10.019626266985856, "params": {"learning_rate": 4.024645156918127, "neurons": 37.74769532470791}, "datetime": {"datetime": "2023-05-07 10:53:17", "elapsed": 858.335896, "delta": 3.31562}}
{"target": -2.992744841152506, "params": {"learning_rate": 1.1360930334857129, "neurons": 26.349272482320355}, "datetime": {"datetime": "2023-05-07 10:53:20", "elapsed": 861.151399, "delta": 2.815503}}
{"target": -3.914794857228724, "params": {"learning_rate": 2.1688376896629045, "neurons": 36.575864424243775}, "datetime": {"datetime": "2023-05-07 10:53:23", "elapsed": 864.119618, "delta": 2.968219}}
{"target": -3.3869336528942617, "params": {"learning_rate": 1.3739636263612414, "neurons": 15.304308058474694}, "datetime": {"datetime": "2023-05-07 10:53:26", "elapsed": 867.006136, "delta": 2.886518}}
{"target": -3.9773969683996304, "params": {"learning_rate": 1.7326058772029878, "neurons": 30.020680955605105}, "datetime": {"datetime": "2023-05-07 10:53:29", "elapsed": 869.851936, "delta": 2.8458}}
{"target": -2.881227937118597, "params": {"learning_rate": 1.1242053022953045, "neurons": 37.157210961230945}, "datetime": {"datetime": "2023-05-07 10:53:31", "elapsed": 872.528839, "delta": 2.676903}}
{"target": -2.3496856748812194, "params": {"learning_rate": 1.2965477190690582, "neurons": 49.91618652775572}, "datetime": {"datetime": "2023-05-07 10:53:35", "elapsed": 875.749507, "delta": 3.220668}}
{"target": -3.834083530938308, "params": {"learning_rate": 1.717580995207955, "neurons": 8.561548455342711}, "datetime": {"datetime": "2023-05-07 10:53:38", "elapsed": 879.257114, "delta": 3.507607}}
{"target": -10.00000000000003, "params": {"learning_rate": 4.11988838405605, "neurons": 59.11245775835725}, "datetime": {"datetime": "2023-05-07 10:53:41", "elapsed": 882.092463, "delta": 2.835349}}
{"target": -10.000130427265725, "params": {"learning_rate": 3.5946404415302604, "neurons": 26.35239816587429}, "datetime": {"datetime": "2023-05-07 10:53:44", "elapsed": 885.442278, "delta": 3.349815}}
{"target": -9.94855330078705, "params": {"learning_rate": 4.001615886933326, "neurons": 23.72504084203286}, "datetime": {"datetime": "2023-05-07 10:53:47", "elapsed": 888.182593, "delta": 2.740315}}
{"target": -10.001116383508421, "params": {"learning_rate": 3.126701166757236, "neurons": 27.583191776494186}, "datetime": {"datetime": "2023-05-07 10:53:50", "elapsed": 891.252825, "delta": 3.070232}}
{"target": -3.8501449234377887, "params": {"learning_rate": 2.4161731780384743, "neurons": 23.918992731208494}, "datetime": {"datetime": "2023-05-07 10:53:53", "elapsed": 894.296135, "delta": 3.04331}}
{"target": -3.0527434041713395, "params": {"learning_rate": 1.2342278764320622, "neurons": 42.29454611531695}, "datetime": {"datetime": "2023-05-07 10:53:56", "elapsed": 897.240534, "delta": 2.944399}}
{"target": -3.468136479527973, "params": {"learning_rate": 2.7629805321207948, "neurons": 14.727378900470736}, "datetime": {"datetime": "2023-05-07 10:53:59", "elapsed": 900.132579, "delta": 2.892045}}
{"target": -1.9081064663863987, "params": {"learning_rate": 1.6273725011554943, "neurons": 41.7036495890282}, "datetime": {"datetime": "2023-05-07 10:54:02", "elapsed": 903.474175, "delta": 3.341596}}
{"target": -3.715955744401013, "params": {"learning_rate": 2.8236111442580887, "neurons": 7.221336085864966}, "datetime": {"datetime": "2023-05-07 10:54:06", "elapsed": 906.784566, "delta": 3.310391}}
{"target": -10.012200475099311, "params": {"learning_rate": 2.8424350427320704, "neurons": 43.823735164542825}, "datetime": {"datetime": "2023-05-07 10:54:09", "elapsed": 909.81289, "delta": 3.028324}}
{"target": -1.8031623115473319, "params": {"learning_rate": 1.4061923543616355, "neurons": 44.49776956850886}, "datetime": {"datetime": "2023-05-07 10:54:12", "elapsed": 913.063141, "delta": 3.250251}}
{"target": -10.000000000000012, "params": {"learning_rate": 8.829365451926098, "neurons": 55.38423140984676}, "datetime": {"datetime": "2023-05-07 10:54:15", "elapsed": 915.770337, "delta": 2.707196}}
{"target": -3.2437617225014246, "params": {"learning_rate": 4.0486863040992285, "neurons": 9.65264240593865}, "datetime": {"datetime": "2023-05-07 10:54:17", "elapsed": 918.522745, "delta": 2.752408}}
{"target": -13.406447112758139, "params": {"learning_rate": 0.1, "neurons": 27.50103800641695}, "datetime": {"datetime": "2023-05-07 10:54:22", "elapsed": 923.467348, "delta": 4.944603}}
{"target": -9.765904993975111, "params": {"learning_rate": 4.609959191911009, "neurons": 10.098422018269964}, "datetime": {"datetime": "2023-05-07 10:54:25", "elapsed": 926.026141, "delta": 2.558793}}
{"target": -10.166107456548477, "params": {"learning_rate": 4.096124385633803, "neurons": 8.944754666430416}, "datetime": {"datetime": "2023-05-07 10:54:28", "elapsed": 929.161624, "delta": 3.135483}}
{"target": -4.663613734987325, "params": {"learning_rate": 2.6871141256102704, "neurons": 8.897608881387068}, "datetime": {"datetime": "2023-05-07 10:54:31", "elapsed": 931.993665, "delta": 2.832041}}
{"target": -2.9741609525254433, "params": {"learning_rate": 1.211124930661861, "neurons": 23.87366326991712}, "datetime": {"datetime": "2023-05-07 10:54:34", "elapsed": 934.830942, "delta": 2.837277}}
{"target": -3.853598303124482, "params": {"learning_rate": 1.982425731609357, "neurons": 32.085246570126756}, "datetime": {"datetime": "2023-05-07 10:54:36", "elapsed": 937.560976, "delta": 2.730034}}
{"target": -10.001795808382674, "params": {"learning_rate": 5.26079255962406, "neurons": 49.58051662415771}, "datetime": {"datetime": "2023-05-07 10:54:40", "elapsed": 940.723276, "delta": 3.1623}}
{"target": -2.388219680209319, "params": {"learning_rate": 1.302373597390993, "neurons": 47.45225225952545}, "datetime": {"datetime": "2023-05-07 10:54:43", "elapsed": 943.650976, "delta": 2.9277}}
{"target": -3.676379863849686, "params": {"learning_rate": 2.1765141454464962, "neurons": 11.143448917598919}, "datetime": {"datetime": "2023-05-07 10:54:45", "elapsed": 946.468575, "delta": 2.817599}}
{"target": -3.1338029604570936, "params": {"learning_rate": 1.4179992806601909, "neurons": 21.626679904465615}, "datetime": {"datetime": "2023-05-07 10:54:48", "elapsed": 949.31772, "delta": 2.849145}}
{"target": -9.95784940522185, "params": {"learning_rate": 7.9138383009930156, "neurons": 68.41331157093708}, "datetime": {"datetime": "2023-05-07 10:54:51", "elapsed": 951.981317, "delta": 2.663597}}
{"target": -3.768569104619289, "params": {"learning_rate": 3.394244080670892, "neurons": 16.212356811081325}, "datetime": {"datetime": "2023-05-07 10:54:54", "elapsed": 954.611088, "delta": 2.629771}}
{"target": -3.919785316988122, "params": {"learning_rate": 2.0245689525624, "neurons": 7.403000923580481}, "datetime": {"datetime": "2023-05-07 10:54:56", "elapsed": 957.334424, "delta": 2.723336}}
{"target": -10.000000000000172, "params": {"learning_rate": 8.091887586064024, "neurons": 65.8283664667846}, "datetime": {"datetime": "2023-05-07 10:54:59", "elapsed": 960.40637, "delta": 3.071946}}
{"target": -10.001822724906189, "params": {"learning_rate": 5.120160094716382, "neurons": 16.57394905942316}, "datetime": {"datetime": "2023-05-07 10:55:02", "elapsed": 963.272027, "delta": 2.865657}}
{"target": -10.000000430499291, "params": {"learning_rate": 5.057786042683061, "neurons": 66.51567959222338}, "datetime": {"datetime": "2023-05-07 10:55:05", "elapsed": 966.276848, "delta": 3.004821}}
{"target": -2.729546511292082, "params": {"learning_rate": 3.3230477125171016, "neurons": 11.889483753698553}, "datetime": {"datetime": "2023-05-07 10:55:08", "elapsed": 968.921487, "delta": 2.644639}}
{"target": -10.000000000000012, "params": {"learning_rate": 10.0, "neurons": 29.662834240463507}, "datetime": {"datetime": "2023-05-07 10:55:11", "elapsed": 971.749063, "delta": 2.827576}}
{"target": -4.4407530597699845, "params": {"learning_rate": 2.02095046278727, "neurons": 39.284252191494375}, "datetime": {"datetime": "2023-05-07 10:55:14", "elapsed": 975.08571, "delta": 3.336647}}
{"target": -10.00012589388405, "params": {"learning_rate": 8.29581323565765, "neurons": 16.526603490560966}, "datetime": {"datetime": "2023-05-07 10:55:17", "elapsed": 978.332166, "delta": 3.246456}}
{"target": -2.2948318889852866, "params": {"learning_rate": 1.3301265292273794, "neurons": 63.436248174390016}, "datetime": {"datetime": "2023-05-07 10:55:20", "elapsed": 981.571165, "delta": 3.238999}}
{"target": -3.91021664720682, "params": {"learning_rate": 3.703697159085906, "neurons": 10.155908239248248}, "datetime": {"datetime": "2023-05-07 10:55:23", "elapsed": 984.592174, "delta": 3.021009}}
{"target": -3.058112160252904, "params": {"learning_rate": 1.2654050481077785, "neurons": 20.327926910805537}, "datetime": {"datetime": "2023-05-07 10:55:26", "elapsed": 987.326268, "delta": 2.734094}}
{"target": -2.3748151632384737, "params": {"learning_rate": 1.8163171969681708, "neurons": 35.52828291472771}, "datetime": {"datetime": "2023-05-07 10:55:30", "elapsed": 990.766577, "delta": 3.440309}}
{"target": -10.000000000000012, "params": {"learning_rate": 9.294462997520517, "neurons": 35.65370272271673}, "datetime": {"datetime": "2023-05-07 10:55:32", "elapsed": 993.604665, "delta": 2.838088}}
{"target": -3.1182072126746236, "params": {"learning_rate": 1.7024011042099092, "neurons": 22.794459836789365}, "datetime": {"datetime": "2023-05-07 10:55:36", "elapsed": 996.691037, "delta": 3.086372}}
{"target": -12.23184826978083, "params": {"learning_rate": 0.1, "neurons": 65.35387077901778}, "datetime": {"datetime": "2023-05-07 10:55:41", "elapsed": 1002.05351, "delta": 5.362473}}
{"target": -10.000000000228756, "params": {"learning_rate": 5.0673054637117465, "neurons": 44.96790893587612}, "datetime": {"datetime": "2023-05-07 10:55:44", "elapsed": 1005.170014, "delta": 3.116504}}
{"target": -10.079042607390583, "params": {"learning_rate": 8.460056942857163, "neurons": 5.0}, "datetime": {"datetime": "2023-05-07 10:55:47", "elapsed": 1008.399871, "delta": 3.229857}}
{"target": -1.8932104078424474, "params": {"learning_rate": 1.4719636241871799, "neurons": 38.699933099801214}, "datetime": {"datetime": "2023-05-07 10:55:51", "elapsed": 1012.107899, "delta": 3.708028}}
{"target": -3.9419788951680177, "params": {"learning_rate": 0.7107514984166363, "neurons": 39.635642576551206}, "datetime": {"datetime": "2023-05-07 10:55:54", "elapsed": 1015.434475, "delta": 3.326576}}
{"target": -3.0750277938387285, "params": {"learning_rate": 1.08750233436921, "neurons": 25.286727710460465}, "datetime": {"datetime": "2023-05-07 10:55:57", "elapsed": 1018.090235, "delta": 2.65576}}
{"target": -10.390925387411063, "params": {"learning_rate": 0.26564632365578333, "neurons": 32.32915234591546}, "datetime": {"datetime": "2023-05-07 10:56:00", "elapsed": 1020.875041, "delta": 2.784806}}
{"target": -4.101885496976502, "params": {"learning_rate": 1.244483058598436, "neurons": 59.55750123313019}, "datetime": {"datetime": "2023-05-07 10:56:03", "elapsed": 1024.459529, "delta": 3.584488}}
{"target": -2.837674655559148, "params": {"learning_rate": 1.1331157726544774, "neurons": 40.28248349444613}, "datetime": {"datetime": "2023-05-07 10:56:08", "elapsed": 1028.862153, "delta": 4.402624}}
{"target": -4.100267115337263, "params": {"learning_rate": 2.8381056842516643, "neurons": 68.23235445631983}, "datetime": {"datetime": "2023-05-07 10:56:11", "elapsed": 1031.61233, "delta": 2.750177}}
{"target": -4.29622643636176, "params": {"learning_rate": 3.5671092199272114, "neurons": 12.579144944807666}, "datetime": {"datetime": "2023-05-07 10:56:14", "elapsed": 1035.335684, "delta": 3.723354}}
{"target": -2.3099328364105185, "params": {"learning_rate": 1.2899929268432697, "neurons": 41.204233258762045}, "datetime": {"datetime": "2023-05-07 10:56:17", "elapsed": 1038.335371, "delta": 2.999687}}
{"target": -10.000126830115383, "params": {"learning_rate": 3.3301520016379165, "neurons": 55.392203620769585}, "datetime": {"datetime": "2023-05-07 10:56:20", "elapsed": 1041.178498, "delta": 2.843127}}
{"target": -3.184045337185905, "params": {"learning_rate": 0.7823183835863564, "neurons": 58.74991462799929}, "datetime": {"datetime": "2023-05-07 10:56:24", "elapsed": 1044.795784, "delta": 3.617286}}
{"target": -4.03891758315082, "params": {"learning_rate": 1.6465802612158997, "neurons": 6.049247779640671}, "datetime": {"datetime": "2023-05-07 10:56:26", "elapsed": 1047.527519, "delta": 2.731735}}
{"target": -10.000051610336232, "params": {"learning_rate": 2.290164756310264, "neurons": 63.034344668806035}, "datetime": {"datetime": "2023-05-07 10:56:29", "elapsed": 1050.366132, "delta": 2.838613}}
{"target": -2.3632219903908998, "params": {"learning_rate": 0.9924015672050547, "neurons": 62.79512441949949}, "datetime": {"datetime": "2023-05-07 10:56:33", "elapsed": 1054.328753, "delta": 3.962621}}
{"target": -10.000000348556934, "params": {"learning_rate": 4.14625164480229, "neurons": 62.490656790563364}, "datetime": {"datetime": "2023-05-07 10:56:37", "elapsed": 1057.664215, "delta": 3.335462}}
{"target": -10.001767763859363, "params": {"learning_rate": 5.998298806693652, "neurons": 10.48940643900676}, "datetime": {"datetime": "2023-05-07 10:56:40", "elapsed": 1061.151612, "delta": 3.487397}}
{"target": -10.001353957949515, "params": {"learning_rate": 4.92399011376537, "neurons": 11.186021305213433}, "datetime": {"datetime": "2023-05-07 10:56:43", "elapsed": 1064.177225, "delta": 3.025613}}
{"target": -3.104211133314351, "params": {"learning_rate": 2.3164592043248766, "neurons": 16.03716310686827}, "datetime": {"datetime": "2023-05-07 10:56:46", "elapsed": 1066.990984, "delta": 2.813759}}
{"target": -2.5168193906118708, "params": {"learning_rate": 1.099166018116442, "neurons": 62.23716534944963}, "datetime": {"datetime": "2023-05-07 10:56:49", "elapsed": 1069.921197, "delta": 2.930213}}
{"target": -4.074172522249615, "params": {"learning_rate": 2.920723443866247, "neurons": 19.320192692278457}, "datetime": {"datetime": "2023-05-07 10:56:52", "elapsed": 1073.374901, "delta": 3.453704}}
{"target": -10.00003716629012, "params": {"learning_rate": 4.674310171110958, "neurons": 52.164917447156185}, "datetime": {"datetime": "2023-05-07 10:56:55", "elapsed": 1076.525015, "delta": 3.150114}}
{"target": -10.00000000004603, "params": {"learning_rate": 8.519143531861918, "neurons": 48.78713947463452}, "datetime": {"datetime": "2023-05-07 10:56:59", "elapsed": 1079.745703, "delta": 3.220688}}
{"target": -10.000035096077807, "params": {"learning_rate": 6.720777614037626, "neurons": 13.182721579915395}, "datetime": {"datetime": "2023-05-07 10:57:02", "elapsed": 1083.19739, "delta": 3.451687}}
{"target": -4.477419959887053, "params": {"learning_rate": 0.6080313890349807, "neurons": 42.76350501648552}, "datetime": {"datetime": "2023-05-07 10:57:05", "elapsed": 1086.312589, "delta": 3.115199}}
{"target": -2.4094212255145897, "params": {"learning_rate": 1.1210356625975866, "neurons": 55.360066448884204}, "datetime": {"datetime": "2023-05-07 10:57:08", "elapsed": 1089.327307, "delta": 3.014718}}
{"target": -2.2496959084345476, "params": {"learning_rate": 1.1405082332282008, "neurons": 69.43172087746987}, "datetime": {"datetime": "2023-05-07 10:57:11", "elapsed": 1092.431682, "delta": 3.104375}}
{"target": -10.000186012009005, "params": {"learning_rate": 5.122246351216173, "neurons": 47.86291876878185}, "datetime": {"datetime": "2023-05-07 10:57:14", "elapsed": 1095.446697, "delta": 3.015015}}
{"target": -3.9247377493926017, "params": {"learning_rate": 2.0285635057032687, "neurons": 55.91844981298077}, "datetime": {"datetime": "2023-05-07 10:57:17", "elapsed": 1098.272769, "delta": 2.826072}}
{"target": -4.072261946214861, "params": {"learning_rate": 3.221150636607513, "neurons": 7.838766432201403}, "datetime": {"datetime": "2023-05-07 10:57:20", "elapsed": 1100.998951, "delta": 2.726182}}
{"target": -10.009789725699736, "params": {"learning_rate": 10.0, "neurons": 6.466862660105744}, "datetime": {"datetime": "2023-05-07 10:57:23", "elapsed": 1104.097004, "delta": 3.098053}}
{"target": -3.710788792981087, "params": {"learning_rate": 2.0010483421474685, "neurons": 64.39002657195363}, "datetime": {"datetime": "2023-05-07 10:57:26", "elapsed": 1106.981896, "delta": 2.884892}}
{"target": -8.389712527556851, "params": {"learning_rate": 1.8408041723652113, "neurons": 46.29223381120759}, "datetime": {"datetime": "2023-05-07 10:57:29", "elapsed": 1110.041294, "delta": 3.059398}}
{"target": -2.5534176575206446, "params": {"learning_rate": 1.0406704156873878, "neurons": 46.080139509138895}, "datetime": {"datetime": "2023-05-07 10:57:33", "elapsed": 1113.966737, "delta": 3.925443}}
{"target": -3.970991515746111, "params": {"learning_rate": 2.281640111323983, "neurons": 45.28021059258486}, "datetime": {"datetime": "2023-05-07 10:57:37", "elapsed": 1117.808607, "delta": 3.84187}}
{"target": -4.035116383003806, "params": {"learning_rate": 1.7312892939373523, "neurons": 47.35263748540999}, "datetime": {"datetime": "2023-05-07 10:57:40", "elapsed": 1121.173261, "delta": 3.364654}}
{"target": -2.9493001456785612, "params": {"learning_rate": 0.9599799606321273, "neurons": 44.99260281602579}, "datetime": {"datetime": "2023-05-07 10:57:43", "elapsed": 1124.586162, "delta": 3.412901}}
{"target": -2.8322874477312516, "params": {"learning_rate": 1.8490924831571873, "neurons": 58.27339217604972}, "datetime": {"datetime": "2023-05-07 10:57:46", "elapsed": 1127.590733, "delta": 3.004571}}
{"target": -10.000000000000817, "params": {"learning_rate": 9.977791644924999, "neurons": 58.199295431150055}, "datetime": {"datetime": "2023-05-07 10:57:49", "elapsed": 1130.58759, "delta": 2.996857}}
{"target": -15.765988504831823, "params": {"learning_rate": 0.1, "neurons": 15.553524178092207}, "datetime": {"datetime": "2023-05-07 10:57:54", "elapsed": 1134.733476, "delta": 4.145886}}
{"target": -3.5178851478189235, "params": {"learning_rate": 1.2375944227191107, "neurons": 16.42404597215975}, "datetime": {"datetime": "2023-05-07 10:57:58", "elapsed": 1138.751927, "delta": 4.018451}}
{"target": -13.920926806000725, "params": {"learning_rate": 0.12283723276182684, "neurons": 24.87723257538784}, "datetime": {"datetime": "2023-05-07 10:58:02", "elapsed": 1143.293816, "delta": 4.541889}}
{"target": -10.00005351299989, "params": {"learning_rate": 9.982920805959807, "neurons": 32.75336922662743}, "datetime": {"datetime": "2023-05-07 10:58:05", "elapsed": 1146.514863, "delta": 3.221047}}
{"target": -4.084227798107458, "params": {"learning_rate": 2.4530325185328077, "neurons": 22.384092594260476}, "datetime": {"datetime": "2023-05-07 10:58:09", "elapsed": 1150.162592, "delta": 3.647729}}
{"target": -10.000008124270655, "params": {"learning_rate": 5.00036607488243, "neurons": 34.93005735961573}, "datetime": {"datetime": "2023-05-07 10:58:13", "elapsed": 1153.676037, "delta": 3.513445}}
{"target": -10.000000000000012, "params": {"learning_rate": 9.94860744075876, "neurons": 52.50274066731574}, "datetime": {"datetime": "2023-05-07 10:58:16", "elapsed": 1157.53596, "delta": 3.859923}}
{"target": -10.000928074725485, "params": {"learning_rate": 9.944619807518707, "neurons": 9.344898694531988}, "datetime": {"datetime": "2023-05-07 10:58:20", "elapsed": 1160.743897, "delta": 3.207937}}
{"target": -10.000000000000012, "params": {"learning_rate": 8.386403433546963, "neurons": 30.982524583288416}, "datetime": {"datetime": "2023-05-07 10:58:24", "elapsed": 1164.98292, "delta": 4.239023}}
{"target": -10.000000000000012, "params": {"learning_rate": 9.995358204871135, "neurons": 67.42554896699588}, "datetime": {"datetime": "2023-05-07 10:58:27", "elapsed": 1168.237905, "delta": 3.254985}}
{"target": -4.026926223911499, "params": {"learning_rate": 1.6969508095162633, "neurons": 40.291504717448916}, "datetime": {"datetime": "2023-05-07 10:58:30", "elapsed": 1171.307256, "delta": 3.069351}}
