{"target": -10.002555071460934, "params": {"learning_rate": 7.736074368340785, "neurons": 6.3488767083610975}, "datetime": {"datetime": "2023-05-07 10:38:59", "elapsed": 0.0, "delta": 0.0}}
{"target": -10.000000000009402, "params": {"learning_rate": 6.373117525770127, "neurons": 53.67225236500977}, "datetime": {"datetime": "2023-05-07 10:39:00", "elapsed": 1.582791, "delta": 1.582791}}
{"target": -10.000016080640636, "params": {"learning_rate": 5.035219421795645, "neurons": 19.611781959505098}, "datetime": {"datetime": "2023-05-07 10:39:02", "elapsed": 3.065567, "delta": 1.482776}}
{"target": -3.931878771973, "params": {"learning_rate": 2.0608223611202776, "neurons": 54.434496292932316}, "datetime": {"datetime": "2023-05-07 10:39:03", "elapsed": 4.605206, "delta": 1.539639}}
{"target": -3.331311089829842, "params": {"learning_rate": 1.7741972819691012, "neurons": 10.742087921310667}, "datetime": {"datetime": "2023-05-07 10:39:05", "elapsed": 6.048378, "delta": 1.443172}}
{"target": -10.000000005380452, "params": {"learning_rate": 6.885062201841192, "neurons": 66.97056750267087}, "datetime": {"datetime": "2023-05-07 10:39:07", "elapsed": 7.611829, "delta": 1.563451}}
{"target": -13.22090951167334, "params": {"learning_rate": 0.13908783664635307, "neurons": 38.29249712007548}, "datetime": {"datetime": "2023-05-07 10:39:10", "elapsed": 10.616055, "delta": 3.004226}}
{"target": -10.000333713238259, "params": {"learning_rate": 8.144947520355924, "neurons": 44.81419434391023}, "datetime": {"datetime": "2023-05-07 10:39:11", "elapsed": 12.154965, "delta": 1.53891}}
{"target": -10.000006190489463, "params": {"learning_rate": 7.245377642574815, "neurons": 23.971944431091156}, "datetime": {"datetime": "2023-05-07 10:39:13", "elapsed": 13.630679, "delta": 1.475714}}
{"target": -10.000000000000012, "params": {"learning_rate": 9.18596381287814, "neurons": 51.44742592084989}, "datetime": {"datetime": "2023-05-07 10:39:14", "elapsed": 15.239848, "delta": 1.609169}}
{"target": -10.00847122274378, "params": {"learning_rate": 5.471189243311486, "neurons": 14.241053094099252}, "datetime": {"datetime": "2023-05-07 10:39:16", "elapsed": 16.778492, "delta": 1.538644}}
{"target": -10.000741617715548, "params": {"learning_rate": 3.7960735245095454, "neurons": 48.818684979312444}, "datetime": {"datetime": "2023-05-07 10:39:17", "elapsed": 18.353623, "delta": 1.575131}}
{"target": -10.000000001145295, "params": {"learning_rate": 4.474148426787661, "neurons": 33.21090956666409}, "datetime": {"datetime": "2023-05-07 10:39:19", "elapsed": 19.759733, "delta": 1.40611}}
{"target": -10.000000000000012, "params": {"learning_rate": 6.21589308684624, "neurons": 38.35398576603541}, "datetime": {"datetime": "2023-05-07 10:39:20", "elapsed": 21.162139, "delta": 1.402406}}
{"target": -10.000000000000014, "params": {"learning_rate": 6.538932101121525, "neurons": 44.06753197129539}, "datetime": {"datetime": "2023-05-07 10:39:22", "elapsed": 22.613053, "delta": 1.450914}}
{"target": -10.000000000025965, "params": {"learning_rate": 8.071709648644191, "neurons": 38.90706490558622}, "datetime": {"datetime": "2023-05-07 10:39:23", "elapsed": 24.031243, "delta": 1.41819}}
{"target": -10.000000000000012, "params": {"learning_rate": 9.095623920005815, "neurons": 25.750345784255444}, "datetime": {"datetime": "2023-05-07 10:39:24", "elapsed": 25.460995, "delta": 1.429752}}
{"target": -3.327883579562248, "params": {"learning_rate": 0.995547557781983, "neurons": 24.545503681353217}, "datetime": {"datetime": "2023-05-07 10:39:26", "elapsed": 26.776936, "delta": 1.315941}}
{"target": -2.3685881113716523, "params": {"learning_rate": 1.228445182449143, "neurons": 58.86428620999898}, "datetime": {"datetime": "2023-05-07 10:39:27", "elapsed": 28.28507, "delta": 1.508134}}
{"target": -4.675311048665179, "params": {"learning_rate": 0.5642735619535727, "neurons": 45.708664640240514}, "datetime": {"datetime": "2023-05-07 10:39:29", "elapsed": 29.783528, "delta": 1.498458}}
{"target": -10.000000000000012, "params": {"learning_rate": 5.521102943600511, "neurons": 58.253654718554465}, "datetime": {"datetime": "2023-05-07 10:39:30", "elapsed": 31.328742, "delta": 1.545214}}
{"target": -3.9353687915366087, "params": {"learning_rate": 2.0695806428202417, "neurons": 60.695269659752654}, "datetime": {"datetime": "2023-05-07 10:39:32", "elapsed": 33.256594, "delta": 1.927852}}
{"target": -10.000000527834855, "params": {"learning_rate": 3.5813611303776707, "neurons": 54.052099949440716}, "datetime": {"datetime": "2023-05-07 10:39:34", "elapsed": 35.284818, "delta": 2.028224}}
{"target": -6.1003462871206455, "params": {"learning_rate": 3.0300208981088192, "neurons": 62.455871171477106}, "datetime": {"datetime": "2023-05-07 10:39:38", "elapsed": 38.865116, "delta": 3.580298}}
{"target": -1.9504334782221215, "params": {"learning_rate": 3.3225652145392632, "neurons": 15.726033351744652}, "datetime": {"datetime": "2023-05-07 10:39:41", "elapsed": 42.41305, "delta": 3.547934}}
{"target": -3.83013139551072, "params": {"learning_rate": 2.0234640327231666, "neurons": 15.174753825381142}, "datetime": {"datetime": "2023-05-07 10:39:44", "elapsed": 45.342228, "delta": 2.929178}}
{"target": -2.841586208968743, "params": {"learning_rate": 0.9287831558289404, "neurons": 56.440399636811286}, "datetime": {"datetime": "2023-05-07 10:39:46", "elapsed": 47.447005, "delta": 2.104777}}
{"target": -12.6026575231103, "params": {"learning_rate": 0.1, "neurons": 54.28071102553506}, "datetime": {"datetime": "2023-05-07 10:39:51", "elapsed": 52.008489, "delta": 4.561484}}
{"target": -3.8152722315696552, "params": {"learning_rate": 1.762890687968673, "neurons": 57.53644970378509}, "datetime": {"datetime": "2023-05-07 10:39:53", "elapsed": 53.721638, "delta": 1.713149}}
{"target": -8.741237181897441, "params": {"learning_rate": 0.2858145499304903, "neurons": 58.06838513447022}, "datetime": {"datetime": "2023-05-07 10:39:54", "elapsed": 55.323023, "delta": 1.601385}}
{"target": -10.023546393310184, "params": {"learning_rate": 2.0686766066570996, "neurons": 59.26936594366961}, "datetime": {"datetime": "2023-05-07 10:39:56", "elapsed": 57.132845, "delta": 1.809822}}
{"target": -10.000011536339485, "params": {"learning_rate": 9.030774355117714, "neurons": 10.331932922090562}, "datetime": {"datetime": "2023-05-07 10:39:57", "elapsed": 58.555941, "delta": 1.423096}}
{"target": -10.000000000000012, "params": {"learning_rate": 8.364391019786193, "neurons": 29.413655753649866}, "datetime": {"datetime": "2023-05-07 10:39:59", "elapsed": 60.360921, "delta": 1.80498}}
{"target": -4.07907041521176, "params": {"learning_rate": 2.0120214325712173, "neurons": 53.71160659742456}, "datetime": {"datetime": "2023-05-07 10:40:01", "elapsed": 62.416659, "delta": 2.055738}}
{"target": -10.00000144933922, "params": {"learning_rate": 4.518196988755421, "neurons": 53.782076056759}, "datetime": {"datetime": "2023-05-07 10:40:04", "elapsed": 64.628611, "delta": 2.211952}}
{"target": -3.1350406487531854, "params": {"learning_rate": 2.753946641134085, "neurons": 15.525315307142572}, "datetime": {"datetime": "2023-05-07 10:40:06", "elapsed": 66.843737, "delta": 2.215126}}
{"target": -4.1202298119170875, "params": {"learning_rate": 3.399556429930199, "neurons": 15.070616259081756}, "datetime": {"datetime": "2023-05-07 10:40:08", "elapsed": 68.875475, "delta": 2.031738}}
{"target": -3.8348951089827525, "params": {"learning_rate": 1.716627766159501, "neurons": 56.51768684500254}, "datetime": {"datetime": "2023-05-07 10:40:10", "elapsed": 70.995461, "delta": 2.119986}}
{"target": -3.978194814791397, "params": {"learning_rate": 2.834071646601348, "neurons": 16.481769918363643}, "datetime": {"datetime": "2023-05-07 10:40:12", "elapsed": 73.096943, "delta": 2.101482}}
{"target": -3.3785570292847, "params": {"learning_rate": 0.7673114802034973, "neurons": 59.368888029182806}, "datetime": {"datetime": "2023-05-07 10:40:14", "elapsed": 74.905962, "delta": 1.809019}}
{"target": -4.47982423828625, "params": {"learning_rate": 4.0029504198726995, "neurons": 16.378250290364182}, "datetime": {"datetime": "2023-05-07 10:40:16", "elapsed": 76.71944, "delta": 1.813478}}
{"target": -2.263915359285334, "params": {"learning_rate": 1.1122318212370441, "neurons": 60.87429923155819}, "datetime": {"datetime": "2023-05-07 10:40:17", "elapsed": 78.45869, "delta": 1.73925}}
{"target": -3.9317741975815754, "params": {"learning_rate": 1.5399754528998666, "neurons": 61.78057313670325}, "datetime": {"datetime": "2023-05-07 10:40:19", "elapsed": 80.55591, "delta": 2.09722}}
{"target": -9.299610469655786, "params": {"learning_rate": 0.2591955331741749, "neurons": 61.52406799035709}, "datetime": {"datetime": "2023-05-07 10:40:22", "elapsed": 82.826095, "delta": 2.270185}}
{"target": -3.6183277041018282, "params": {"learning_rate": 1.7671323107360957, "neurons": 11.829113121923351}, "datetime": {"datetime": "2023-05-07 10:40:25", "elapsed": 85.989812, "delta": 3.163717}}
{"target": -5.086764897235595, "params": {"learning_rate": 0.7451162933627199, "neurons": 11.218290633681937}, "datetime": {"datetime": "2023-05-07 10:40:28", "elapsed": 88.681257, "delta": 2.691445}}
{"target": -3.182804347729302, "params": {"learning_rate": 2.84677738517365, "neurons": 11.227250917412254}, "datetime": {"datetime": "2023-05-07 10:40:30", "elapsed": 90.737127, "delta": 2.05587}}
{"target": -5.706255358714846, "params": {"learning_rate": 3.0755607422387885, "neurons": 9.978805982892908}, "datetime": {"datetime": "2023-05-07 10:40:32", "elapsed": 92.699047, "delta": 1.96192}}
{"target": -4.275539284153581, "params": {"learning_rate": 2.9125081044571943, "neurons": 12.495818143357479}, "datetime": {"datetime": "2023-05-07 10:40:34", "elapsed": 94.691226, "delta": 1.992179}}
{"target": -2.588677632458707, "params": {"learning_rate": 1.6034317935975022, "neurons": 25.580892006397107}, "datetime": {"datetime": "2023-05-07 10:40:35", "elapsed": 96.262398, "delta": 1.571172}}
{"target": -5.941778554680367, "params": {"learning_rate": 0.48175493635772354, "neurons": 25.719169828108747}, "datetime": {"datetime": "2023-05-07 10:40:37", "elapsed": 98.313283, "delta": 2.050885}}
{"target": -3.951823574128806, "params": {"learning_rate": 2.256107871211956, "neurons": 24.675224433050797}, "datetime": {"datetime": "2023-05-07 10:40:39", "elapsed": 100.13924, "delta": 1.825957}}
{"target": -4.131989972954258, "params": {"learning_rate": 2.6484031518214564, "neurons": 26.15591088149149}, "datetime": {"datetime": "2023-05-07 10:40:41", "elapsed": 101.84249, "delta": 1.70325}}
{"target": -3.5694270513920374, "params": {"learning_rate": 1.5725473528335157, "neurons": 13.601117554495627}, "datetime": {"datetime": "2023-05-07 10:40:42", "elapsed": 103.448803, "delta": 1.606313}}
{"target": -6.793076858275024, "params": {"learning_rate": 0.49487821438011204, "neurons": 14.498772208282894}, "datetime": {"datetime": "2023-05-07 10:40:44", "elapsed": 105.308053, "delta": 1.85925}}
{"target": -2.722779561463885, "params": {"learning_rate": 1.371922210617098, "neurons": 23.202975608448625}, "datetime": {"datetime": "2023-05-07 10:40:46", "elapsed": 106.946251, "delta": 1.638198}}
{"target": -13.242548816244405, "params": {"learning_rate": 0.20590512849293174, "neurons": 23.34359283608523}, "datetime": {"datetime": "2023-05-07 10:40:48", "elapsed": 108.649211, "delta": 1.70296}}
{"target": -3.9779183679097985, "params": {"learning_rate": 2.292653691321619, "neurons": 23.18249514279288}, "datetime": {"datetime": "2023-05-07 10:40:49", "elapsed": 110.419783, "delta": 1.770572}}
{"target": -3.298123528707562, "params": {"learning_rate": 1.8019599752044237, "neurons": 22.171159232721685}, "datetime": {"datetime": "2023-05-07 10:40:51", "elapsed": 112.327918, "delta": 1.908135}}
{"target": -2.152763787887083, "params": {"learning_rate": 1.6277507761734589, "neurons": 26.93603755638997}, "datetime": {"datetime": "2023-05-07 10:40:55", "elapsed": 116.009243, "delta": 3.681325}}
{"target": -3.9814498437660863, "params": {"learning_rate": 2.338064878807754, "neurons": 27.759621178365432}, "datetime": {"datetime": "2023-05-07 10:40:57", "elapsed": 118.054625, "delta": 2.045382}}
{"target": -3.5692292384083544, "params": {"learning_rate": 0.9296752626712538, "neurons": 27.844219948397196}, "datetime": {"datetime": "2023-05-07 10:40:59", "elapsed": 120.102136, "delta": 2.047511}}
{"target": -4.520945919389438, "params": {"learning_rate": 1.6804618920983303, "neurons": 29.203492753227415}, "datetime": {"datetime": "2023-05-07 10:41:01", "elapsed": 122.066495, "delta": 1.964359}}
{"target": -13.343830252507267, "params": {"learning_rate": 0.1, "neurons": 29.19827997511288}, "datetime": {"datetime": "2023-05-07 10:41:06", "elapsed": 127.217555, "delta": 5.15106}}
{"target": -10.002001345501366, "params": {"learning_rate": 3.0647024186738996, "neurons": 29.32891005498668}, "datetime": {"datetime": "2023-05-07 10:41:08", "elapsed": 129.312567, "delta": 2.095012}}
{"target": -4.420939002852501, "params": {"learning_rate": 2.578297071211164, "neurons": 13.950582269021485}, "datetime": {"datetime": "2023-05-07 10:41:10", "elapsed": 131.278191, "delta": 1.965624}}
{"target": -4.583060579816175, "params": {"learning_rate": 4.060850382324714, "neurons": 11.595627162007434}, "datetime": {"datetime": "2023-05-07 10:41:12", "elapsed": 133.364349, "delta": 2.086158}}
{"target": -4.555100911469033, "params": {"learning_rate": 1.0942673216600034, "neurons": 9.4349748386249}, "datetime": {"datetime": "2023-05-07 10:41:15", "elapsed": 135.814399, "delta": 2.45005}}
{"target": -3.671539456004317, "params": {"learning_rate": 2.049475266869347, "neurons": 20.750422615638364}, "datetime": {"datetime": "2023-05-07 10:41:17", "elapsed": 137.795088, "delta": 1.980689}}
{"target": -4.3380982914932105, "params": {"learning_rate": 2.954404196946808, "neurons": 21.577481454926787}, "datetime": {"datetime": "2023-05-07 10:41:19", "elapsed": 139.61822, "delta": 1.823132}}
{"target": -4.807212097336123, "params": {"learning_rate": 0.6554966006458646, "neurons": 20.152220010820592}, "datetime": {"datetime": "2023-05-07 10:41:21", "elapsed": 141.705207, "delta": 2.086987}}
{"target": -2.4649232821618856, "params": {"learning_rate": 2.1104585178443145, "neurons": 19.253407917680516}, "datetime": {"datetime": "2023-05-07 10:41:23", "elapsed": 144.143772, "delta": 2.438565}}
{"target": -3.205725579903366, "params": {"learning_rate": 1.2439522618932575, "neurons": 18.55886579622922}, "datetime": {"datetime": "2023-05-07 10:41:25", "elapsed": 146.157109, "delta": 2.013337}}
{"target": -3.0797804292954636, "params": {"learning_rate": 2.283378042337543, "neurons": 18.20668770392311}, "datetime": {"datetime": "2023-05-07 10:41:27", "elapsed": 147.943653, "delta": 1.786544}}
{"target": -3.5173611173434254, "params": {"learning_rate": 1.1753731261843174, "neurons": 16.839799934883104}, "datetime": {"datetime": "2023-05-07 10:41:29", "elapsed": 149.732219, "delta": 1.788566}}
{"target": -15.368873807383078, "params": {"learning_rate": 0.1, "neurons": 17.663444084408678}, "datetime": {"datetime": "2023-05-07 10:41:32", "elapsed": 152.805943, "delta": 3.073724}}
{"target": -2.916451675170861, "params": {"learning_rate": 1.7461792919559045, "neurons": 16.172956367709855}, "datetime": {"datetime": "2023-05-07 10:41:33", "elapsed": 154.54637, "delta": 1.740427}}
{"target": -11.715082549909006, "params": {"learning_rate": 0.22163932427918215, "neurons": 44.070000847287446}, "datetime": {"datetime": "2023-05-07 10:41:35", "elapsed": 156.335036, "delta": 1.788666}}
{"target": -6.383419117330462, "params": {"learning_rate": 0.3887574566480227, "neurons": 47.16666745412343}, "datetime": {"datetime": "2023-05-07 10:41:37", "elapsed": 158.097358, "delta": 1.762322}}
{"target": -4.623774256684297, "params": {"learning_rate": 3.05450457671971, "neurons": 19.99516322938002}, "datetime": {"datetime": "2023-05-07 10:41:39", "elapsed": 159.832424, "delta": 1.735066}}
{"target": -10.245185311619682, "params": {"learning_rate": 1.9278580619482324, "neurons": 17.28943052464841}, "datetime": {"datetime": "2023-05-07 10:41:41", "elapsed": 161.716798, "delta": 1.884374}}
{"target": -4.361615852172047, "params": {"learning_rate": 0.8604885153661329, "neurons": 15.905777294774728}, "datetime": {"datetime": "2023-05-07 10:41:42", "elapsed": 163.5526, "delta": 1.835802}}
{"target": -5.099562237172647, "params": {"learning_rate": 3.1031783774629806, "neurons": 18.589604514149332}, "datetime": {"datetime": "2023-05-07 10:41:44", "elapsed": 165.265576, "delta": 1.712976}}
{"target": -3.2335492514176085, "params": {"learning_rate": 1.2225388221866955, "neurons": 19.33971890385546}, "datetime": {"datetime": "2023-05-07 10:41:46", "elapsed": 166.96083, "delta": 1.695254}}
{"target": -2.4236403578414283, "params": {"learning_rate": 1.790740910739938, "neurons": 23.964003199390216}, "datetime": {"datetime": "2023-05-07 10:41:48", "elapsed": 168.771898, "delta": 1.811068}}
{"target": -3.9850511815309253, "params": {"learning_rate": 0.7897267246630982, "neurons": 26.98710658199363}, "datetime": {"datetime": "2023-05-07 10:41:49", "elapsed": 170.604243, "delta": 1.832345}}
{"target": -4.610639004280831, "params": {"learning_rate": 0.8338767263678031, "neurons": 12.677576337600597}, "datetime": {"datetime": "2023-05-07 10:41:51", "elapsed": 172.297812, "delta": 1.693569}}
{"target": -3.8800096778721467, "params": {"learning_rate": 0.9750377692379418, "neurons": 21.33698787295311}, "datetime": {"datetime": "2023-05-07 10:41:53", "elapsed": 174.040945, "delta": 1.743133}}
{"target": -4.636999470922456, "params": {"learning_rate": 1.4831212337171111, "neurons": 7.878083950235105}, "datetime": {"datetime": "2023-05-07 10:41:55", "elapsed": 175.75821, "delta": 1.717265}}
{"target": -15.787204109494613, "params": {"learning_rate": 0.10121718659832687, "neurons": 8.396514600281382}, "datetime": {"datetime": "2023-05-07 10:41:59", "elapsed": 180.02223, "delta": 4.26402}}
{"target": -4.335626367437817, "params": {"learning_rate": 2.5939262037823028, "neurons": 7.989512668444203}, "datetime": {"datetime": "2023-05-07 10:42:01", "elapsed": 181.895819, "delta": 1.873589}}
{"target": -4.158084228429393, "params": {"learning_rate": 2.1550344285413607, "neurons": 6.711173892534477}, "datetime": {"datetime": "2023-05-07 10:42:03", "elapsed": 183.736539, "delta": 1.84072}}
{"target": -5.8991594836253975, "params": {"learning_rate": 3.565174855573447, "neurons": 6.7657327152873705}, "datetime": {"datetime": "2023-05-07 10:42:04", "elapsed": 185.46896, "delta": 1.732421}}
{"target": -3.414222220728144, "params": {"learning_rate": 1.9884492214663727, "neurons": 9.15702279726417}, "datetime": {"datetime": "2023-05-07 10:42:06", "elapsed": 187.245722, "delta": 1.776762}}
{"target": -4.949738036713605, "params": {"learning_rate": 1.7116664216497195, "neurons": 5.286731289186952}, "datetime": {"datetime": "2023-05-07 10:42:08", "elapsed": 188.957729, "delta": 1.712007}}
{"target": -3.7744346080171933, "params": {"learning_rate": 2.274668136284358, "neurons": 45.85850236792245}, "datetime": {"datetime": "2023-05-07 10:42:10", "elapsed": 190.788745, "delta": 1.831016}}
{"target": -10.000000005676403, "params": {"learning_rate": 3.3506655508583814, "neurons": 45.067869219257425}, "datetime": {"datetime": "2023-05-07 10:42:11", "elapsed": 192.576423, "delta": 1.787678}}
{"target": -3.8985610334196283, "params": {"learning_rate": 1.8979966858028074, "neurons": 46.887377282418335}, "datetime": {"datetime": "2023-05-07 10:42:13", "elapsed": 194.446439, "delta": 1.870016}}
{"target": -4.6053987086097825, "params": {"learning_rate": 3.232071385559408, "neurons": 5.0}, "datetime": {"datetime": "2023-05-07 10:42:15", "elapsed": 196.12535, "delta": 1.678911}}
{"target": -9.980936088551358, "params": {"learning_rate": 4.674531382250642, "neurons": 5.130346142824807}, "datetime": {"datetime": "2023-05-07 10:42:17", "elapsed": 197.872231, "delta": 1.746881}}
{"target": -10.00002046086917, "params": {"learning_rate": 4.0024371163046375, "neurons": 25.16579334187614}, "datetime": {"datetime": "2023-05-07 10:42:19", "elapsed": 199.684885, "delta": 1.812654}}
{"target": -4.548718212790713, "params": {"learning_rate": 5.295146757443581, "neurons": 10.504339635155766}, "datetime": {"datetime": "2023-05-07 10:42:20", "elapsed": 201.428205, "delta": 1.74332}}
{"target": -9.240035097827887, "params": {"learning_rate": 5.151026093167731, "neurons": 9.01455238457221}, "datetime": {"datetime": "2023-05-07 10:42:22", "elapsed": 203.083297, "delta": 1.655092}}
{"target": -10.000067897974164, "params": {"learning_rate": 5.813836743303966, "neurons": 11.668071383736894}, "datetime": {"datetime": "2023-05-07 10:42:24", "elapsed": 204.696346, "delta": 1.613049}}
{"target": -1.834222816664948, "params": {"learning_rate": 1.5709534819164628, "neurons": 55.5532634147796}, "datetime": {"datetime": "2023-05-07 10:42:25", "elapsed": 206.551582, "delta": 1.855236}}
{"target": -4.089240837963774, "params": {"learning_rate": 2.4984119718832623, "neurons": 55.595094577174706}, "datetime": {"datetime": "2023-05-07 10:42:28", "elapsed": 208.629917, "delta": 2.078335}}
{"target": -3.925449027228692, "params": {"learning_rate": 1.6610137320062703, "neurons": 52.02656421362639}, "datetime": {"datetime": "2023-05-07 10:42:29", "elapsed": 210.532477, "delta": 1.90256}}
{"target": -2.575466456903268, "params": {"learning_rate": 0.9741394546827636, "neurons": 50.9113784235928}, "datetime": {"datetime": "2023-05-07 10:42:31", "elapsed": 212.301108, "delta": 1.768631}}
{"target": -3.688794747363821, "params": {"learning_rate": 1.8996634974492266, "neurons": 50.754382091460045}, "datetime": {"datetime": "2023-05-07 10:42:33", "elapsed": 214.079879, "delta": 1.778771}}
