{"target": -3.137895223221217, "params": {"learning_rate": 0.8443995811553962, "neurons": 49.738480480402096}, "datetime": {"datetime": "2023-05-07 10:42:35", "elapsed": 216.003796, "delta": 1.923917}}
{"target": -12.71446385665723, "params": {"learning_rate": 0.12395860197919767, "neurons": 51.113506987539296}, "datetime": {"datetime": "2023-05-07 10:42:38", "elapsed": 219.160208, "delta": 3.156412}}
{"target": -2.3991160557718345, "params": {"learning_rate": 1.7493241642683854, "neurons": 49.69372583949327}, "datetime": {"datetime": "2023-05-07 10:42:40", "elapsed": 221.026876, "delta": 1.866668}}
{"target": -3.7993196256816164, "params": {"learning_rate": 1.419042463820439, "neurons": 48.72416049811596}, "datetime": {"datetime": "2023-05-07 10:42:42", "elapsed": 222.854136, "delta": 1.82726}}
{"target": -2.09413458012674, "params": {"learning_rate": 1.3139505818038313, "neurons": 50.5002678861552}, "datetime": {"datetime": "2023-05-07 10:42:44", "elapsed": 224.877713, "delta": 2.023577}}
{"target": -10.00007249504277, "params": {"learning_rate": 2.9392890413785913, "neurons": 51.89103991276799}, "datetime": {"datetime": "2023-05-07 10:42:46", "elapsed": 226.72789, "delta": 1.850177}}
{"target": -6.3839597243290545, "params": {"learning_rate": 0.35932062766804407, "neurons": 69.80687719636572}, "datetime": {"datetime": "2023-05-07 10:42:48", "elapsed": 228.639186, "delta": 1.911296}}
{"target": -10.002836312088625, "params": {"learning_rate": 3.144956234555943, "neurons": 56.9518768355757}, "datetime": {"datetime": "2023-05-07 10:42:50", "elapsed": 230.73652, "delta": 2.097334}}
{"target": -10.000000000000012, "params": {"learning_rate": 10.0, "neurons": 61.89157755088252}, "datetime": {"datetime": "2023-05-07 10:42:52", "elapsed": 232.669267, "delta": 1.932747}}
{"target": -2.1251582346229965, "params": {"learning_rate": 1.4201607112700823, "neurons": 46.10270520422811}, "datetime": {"datetime": "2023-05-07 10:42:54", "elapsed": 234.714091, "delta": 2.044824}}
{"target": -10.000000000005683, "params": {"learning_rate": 9.968939052135324, "neurons": 16.866016566196706}, "datetime": {"datetime": "2023-05-07 10:42:55", "elapsed": 236.466974, "delta": 1.752883}}
{"target": -16.31018372012979, "params": {"learning_rate": 0.10185478355014443, "neurons": 5.022390508448263}, "datetime": {"datetime": "2023-05-07 10:43:01", "elapsed": 242.105988, "delta": 5.639014}}
{"target": -3.8695179601355685, "params": {"learning_rate": 1.6285667028928905, "neurons": 65.98279772583976}, "datetime": {"datetime": "2023-05-07 10:43:03", "elapsed": 244.112896, "delta": 2.006908}}
{"target": -7.01755049581101, "params": {"learning_rate": 0.33122749762652115, "neurons": 66.33383915257706}, "datetime": {"datetime": "2023-05-07 10:43:05", "elapsed": 246.358834, "delta": 2.245938}}
{"target": -10.00001225861403, "params": {"learning_rate": 2.8509555013485266, "neurons": 65.54714584335574}, "datetime": {"datetime": "2023-05-07 10:43:07", "elapsed": 248.280615, "delta": 1.921781}}
{"target": -8.40990077727812, "params": {"learning_rate": 1.7824581778870434, "neurons": 67.32988225036077}, "datetime": {"datetime": "2023-05-07 10:43:09", "elapsed": 250.194061, "delta": 1.913446}}
{"target": -3.1608345377119975, "params": {"learning_rate": 0.7961183513110578, "neurons": 64.88493708004643}, "datetime": {"datetime": "2023-05-07 10:43:11", "elapsed": 252.192336, "delta": 1.998275}}
{"target": -2.550210228448968, "params": {"learning_rate": 1.0601625071624239, "neurons": 63.754997120208344}, "datetime": {"datetime": "2023-05-07 10:43:13", "elapsed": 254.106492, "delta": 1.914156}}
{"target": -12.90131050650494, "params": {"learning_rate": 0.16900980607378638, "neurons": 63.75767116116159}, "datetime": {"datetime": "2023-05-07 10:43:15", "elapsed": 256.079575, "delta": 1.973083}}
{"target": -3.7376765542828565, "params": {"learning_rate": 1.8317805480772051, "neurons": 63.79124910616704}, "datetime": {"datetime": "2023-05-07 10:43:17", "elapsed": 257.976788, "delta": 1.897213}}
{"target": -1.6507980735595718, "params": {"learning_rate": 1.5012865353780387, "neurons": 64.73143280702338}, "datetime": {"datetime": "2023-05-07 10:43:19", "elapsed": 260.126717, "delta": 2.149929}}
{"target": -10.000000066838085, "params": {"learning_rate": 4.245297146485533, "neurons": 22.351960309609908}, "datetime": {"datetime": "2023-05-07 10:43:21", "elapsed": 261.9627, "delta": 1.835983}}
{"target": -10.00485465574445, "params": {"learning_rate": 10.0, "neurons": 34.201401532191305}, "datetime": {"datetime": "2023-05-07 10:43:23", "elapsed": 263.960297, "delta": 1.997597}}
{"target": -11.485346600106052, "params": {"learning_rate": 0.21591935293387116, "neurons": 48.71557871030675}, "datetime": {"datetime": "2023-05-07 10:43:25", "elapsed": 265.905249, "delta": 1.944952}}
{"target": -2.9828774881670816, "params": {"learning_rate": 1.908025515627295, "neurons": 12.80676428751651}, "datetime": {"datetime": "2023-05-07 10:43:27", "elapsed": 267.82439, "delta": 1.919141}}
{"target": -10.000000000000012, "params": {"learning_rate": 10.0, "neurons": 56.79581294073589}, "datetime": {"datetime": "2023-05-07 10:43:29", "elapsed": 269.834986, "delta": 2.010596}}
{"target": -10.000000000000012, "params": {"learning_rate": 10.0, "neurons": 70.0}, "datetime": {"datetime": "2023-05-07 10:43:31", "elapsed": 272.021436, "delta": 2.18645}}
{"target": -13.644326832498896, "params": {"learning_rate": 0.1, "neurons": 33.75933930510364}, "datetime": {"datetime": "2023-05-07 10:43:35", "elapsed": 276.340536, "delta": 4.3191}}
{"target": -10.000000000631394, "params": {"learning_rate": 9.97146777292146, "neurons": 20.85202253333442}, "datetime": {"datetime": "2023-05-07 10:43:37", "elapsed": 278.211756, "delta": 1.87122}}
{"target": -10.003628463981645, "params": {"learning_rate": 5.863031273887678, "neurons": 62.44108315167842}, "datetime": {"datetime": "2023-05-07 10:43:39", "elapsed": 280.446586, "delta": 2.23483}}
{"target": -10.00137396602679, "params": {"learning_rate": 4.425885302580185, "neurons": 70.0}, "datetime": {"datetime": "2023-05-07 10:43:41", "elapsed": 282.51211, "delta": 2.065524}}
{"target": -10.020869084830013, "params": {"learning_rate": 3.416141046228589, "neurons": 40.99756830070377}, "datetime": {"datetime": "2023-05-07 10:43:43", "elapsed": 284.423573, "delta": 1.911463}}
{"target": -10.000000000000012, "params": {"learning_rate": 9.925344171693794, "neurons": 47.86934497392718}, "datetime": {"datetime": "2023-05-07 10:43:45", "elapsed": 286.534079, "delta": 2.110506}}
{"target": -10.000031238227404, "params": {"learning_rate": 10.0, "neurons": 41.79879555474174}, "datetime": {"datetime": "2023-05-07 10:43:47", "elapsed": 288.536536, "delta": 2.002457}}
{"target": -4.93110780391119, "params": {"learning_rate": 2.5744071769535743, "neurons": 5.824778125047579}, "datetime": {"datetime": "2023-05-07 10:43:50", "elapsed": 290.615699, "delta": 2.079163}}
{"target": -10.000000000000012, "params": {"learning_rate": 9.861367905567489, "neurons": 66.00707760027454}, "datetime": {"datetime": "2023-05-07 10:43:52", "elapsed": 292.702793, "delta": 2.087094}}
{"target": -10.000000564079699, "params": {"learning_rate": 10.0, "neurons": 13.521285426656124}, "datetime": {"datetime": "2023-05-07 10:43:54", "elapsed": 294.620019, "delta": 1.917226}}
{"target": -10.000002111195517, "params": {"learning_rate": 3.403680269190853, "neurons": 36.47276015659877}, "datetime": {"datetime": "2023-05-07 10:43:56", "elapsed": 296.748206, "delta": 2.128187}}
{"target": -10.000000102232535, "params": {"learning_rate": 6.883334573231076, "neurons": 48.81144615401813}, "datetime": {"datetime": "2023-05-07 10:43:58", "elapsed": 298.864366, "delta": 2.11616}}
{"target": -10.000000007487209, "params": {"learning_rate": 6.756583932983785, "neurons": 17.056952952514344}, "datetime": {"datetime": "2023-05-07 10:44:00", "elapsed": 300.879111, "delta": 2.014745}}
{"target": -9.74605365678769, "params": {"learning_rate": 9.996845305402061, "neurons": 5.020374335390795}, "datetime": {"datetime": "2023-05-07 10:44:02", "elapsed": 302.83104, "delta": 1.951929}}
{"target": -10.000000000000012, "params": {"learning_rate": 7.064079661662709, "neurons": 35.1623135456562}, "datetime": {"datetime": "2023-05-07 10:44:04", "elapsed": 304.637737, "delta": 1.806697}}
{"target": -10.000000000000068, "params": {"learning_rate": 5.842378423033653, "neurons": 27.416476891391305}, "datetime": {"datetime": "2023-05-07 10:44:05", "elapsed": 306.462614, "delta": 1.824877}}
{"target": -10.01628040893183, "params": {"learning_rate": 2.2633685491993165, "neurons": 48.225038473822615}, "datetime": {"datetime": "2023-05-07 10:44:07", "elapsed": 308.536486, "delta": 2.073872}}
{"target": -3.9543504121544095, "params": {"learning_rate": 1.5221469792062208, "neurons": 62.802634971041016}, "datetime": {"datetime": "2023-05-07 10:44:09", "elapsed": 310.543831, "delta": 2.007345}}
{"target": -10.000000000000012, "params": {"learning_rate": 8.447373353987281, "neurons": 59.2890721814893}, "datetime": {"datetime": "2023-05-07 10:44:11", "elapsed": 312.537342, "delta": 1.993511}}
{"target": -3.886909612218343, "params": {"learning_rate": 1.5845808217652908, "neurons": 45.316444386821885}, "datetime": {"datetime": "2023-05-07 10:44:13", "elapsed": 314.555718, "delta": 2.018376}}
{"target": -10.000000000020666, "params": {"learning_rate": 7.3499538861015425, "neurons": 32.05123760556338}, "datetime": {"datetime": "2023-05-07 10:44:15", "elapsed": 316.444093, "delta": 1.888375}}
{"target": -10.00000054549235, "params": {"learning_rate": 10.0, "neurons": 37.118671552123615}, "datetime": {"datetime": "2023-05-07 10:44:17", "elapsed": 318.526775, "delta": 2.082682}}
{"target": -10.000000016452889, "params": {"learning_rate": 7.227471663524992, "neurons": 70.0}, "datetime": {"datetime": "2023-05-07 10:44:19", "elapsed": 320.391841, "delta": 1.865066}}
{"target": -4.197684890541851, "params": {"learning_rate": 4.116508785240187, "neurons": 10.568678693755057}, "datetime": {"datetime": "2023-05-07 10:44:21", "elapsed": 322.265328, "delta": 1.873487}}
{"target": -2.4622084368765162, "params": {"learning_rate": 1.8405370580248428, "neurons": 18.71081613803524}, "datetime": {"datetime": "2023-05-07 10:44:23", "elapsed": 324.153151, "delta": 1.887823}}
{"target": -10.000000000163462, "params": {"learning_rate": 9.979232498332177, "neurons": 54.044081689573424}, "datetime": {"datetime": "2023-05-07 10:44:26", "elapsed": 326.618755, "delta": 2.465604}}
{"target": -10.001801757763392, "params": {"learning_rate": 6.533485052972166, "neurons": 41.424386242505}, "datetime": {"datetime": "2023-05-07 10:44:28", "elapsed": 328.771234, "delta": 2.152479}}
{"target": -10.000000738494384, "params": {"learning_rate": 3.758369977207776, "neurons": 61.0403156667884}, "datetime": {"datetime": "2023-05-07 10:44:30", "elapsed": 330.821877, "delta": 2.050643}}
{"target": -2.731105722083753, "params": {"learning_rate": 1.1511466317948562, "neurons": 60.20094847716699}, "datetime": {"datetime": "2023-05-07 10:44:32", "elapsed": 333.22595, "delta": 2.404073}}
{"target": -13.974363384707388, "params": {"learning_rate": 0.1, "neurons": 41.23695874543823}, "datetime": {"datetime": "2023-05-07 10:44:37", "elapsed": 337.920169, "delta": 4.694219}}
{"target": -10.000536931187963, "params": {"learning_rate": 10.0, "neurons": 7.9198116011445725}, "datetime": {"datetime": "2023-05-07 10:44:39", "elapsed": 339.905203, "delta": 1.985034}}
{"target": -10.000000000638734, "params": {"learning_rate": 10.0, "neurons": 31.36436228963768}, "datetime": {"datetime": "2023-05-07 10:44:41", "elapsed": 342.114763, "delta": 2.20956}}
{"target": -10.000000000000012, "params": {"learning_rate": 7.925586414621434, "neurons": 64.07027515183407}, "datetime": {"datetime": "2023-05-07 10:44:43", "elapsed": 344.181728, "delta": 2.066965}}
{"target": -3.6657268971123305, "params": {"learning_rate": 2.0320531044690973, "neurons": 70.0}, "datetime": {"datetime": "2023-05-07 10:44:45", "elapsed": 346.446883, "delta": 2.265155}}
{"target": -3.664461744070773, "params": {"learning_rate": 2.506592346608756, "neurons": 68.96078105971455}, "datetime": {"datetime": "2023-05-07 10:44:47", "elapsed": 348.60716, "delta": 2.160277}}
{"target": -3.3983129166404553, "params": {"learning_rate": 1.3741609035854851, "neurons": 68.88641621852457}, "datetime": {"datetime": "2023-05-07 10:44:50", "elapsed": 350.655415, "delta": 2.048255}}
{"target": -11.042545543191364, "params": {"learning_rate": 0.19652084383135981, "neurons": 68.37931406169778}, "datetime": {"datetime": "2023-05-07 10:44:51", "elapsed": 352.590016, "delta": 1.934601}}
{"target": -10.000000000020862, "params": {"learning_rate": 7.358756481298493, "neurons": 20.96399975485601}, "datetime": {"datetime": "2023-05-07 10:44:53", "elapsed": 354.512949, "delta": 1.922933}}
{"target": -4.433954148819005, "params": {"learning_rate": 1.9623893985795728, "neurons": 31.335217597111402}, "datetime": {"datetime": "2023-05-07 10:44:56", "elapsed": 356.676938, "delta": 2.163989}}
{"target": -3.9494842003147728, "params": {"learning_rate": 2.742668299723487, "neurons": 32.18006451611177}, "datetime": {"datetime": "2023-05-07 10:44:58", "elapsed": 358.705236, "delta": 2.028298}}
{"target": -3.9105604072642675, "params": {"learning_rate": 3.332469946598643, "neurons": 31.281860011035132}, "datetime": {"datetime": "2023-05-07 10:45:00", "elapsed": 360.830197, "delta": 2.124961}}
{"target": -10.0000000002957, "params": {"learning_rate": 4.8230019266917, "neurons": 30.834788293590364}, "datetime": {"datetime": "2023-05-07 10:45:02", "elapsed": 362.825204, "delta": 1.995007}}
{"target": -10.000000000069427, "params": {"learning_rate": 7.23318803982334, "neurons": 56.05391906361094}, "datetime": {"datetime": "2023-05-07 10:45:04", "elapsed": 364.82412, "delta": 1.998916}}
{"target": -10.000632073410884, "params": {"learning_rate": 10.0, "neurons": 23.399938779868762}, "datetime": {"datetime": "2023-05-07 10:45:06", "elapsed": 366.686794, "delta": 1.862674}}
{"target": -2.1728110514705685, "params": {"learning_rate": 1.6296389614796354, "neurons": 28.115343287586494}, "datetime": {"datetime": "2023-05-07 10:45:08", "elapsed": 368.614295, "delta": 1.927501}}
{"target": -10.000624099908418, "params": {"learning_rate": 3.9425916372349694, "neurons": 67.87048461414471}, "datetime": {"datetime": "2023-05-07 10:45:09", "elapsed": 370.589014, "delta": 1.974719}}
{"target": -3.5534044183143108, "params": {"learning_rate": 1.2304939145523053, "neurons": 65.43265038319811}, "datetime": {"datetime": "2023-05-07 10:45:12", "elapsed": 372.65056, "delta": 2.061546}}
{"target": -10.000545725866091, "params": {"learning_rate": 5.8701042637183445, "neurons": 51.24316588770006}, "datetime": {"datetime": "2023-05-07 10:45:14", "elapsed": 374.985955, "delta": 2.335395}}
{"target": -10.000000000000012, "params": {"learning_rate": 10.0, "neurons": 27.89822673677462}, "datetime": {"datetime": "2023-05-07 10:45:20", "elapsed": 380.825456, "delta": 5.839501}}
{"target": -10.000001554826644, "params": {"learning_rate": 5.777988517440866, "neurons": 46.48450177508239}, "datetime": {"datetime": "2023-05-07 10:45:24", "elapsed": 385.104302, "delta": 4.278846}}
{"target": -3.9857222955134244, "params": {"learning_rate": 0.6478393587100946, "neurons": 55.71266904427031}, "datetime": {"datetime": "2023-05-07 10:45:28", "elapsed": 389.016329, "delta": 3.912027}}
{"target": -2.7505138233561874, "params": {"learning_rate": 1.2793693438094924, "neurons": 64.27562216712838}, "datetime": {"datetime": "2023-05-07 10:45:32", "elapsed": 393.412508, "delta": 4.396179}}
{"target": -10.000000000726033, "params": {"learning_rate": 7.8188642951944844, "neurons": 14.535600946559683}, "datetime": {"datetime": "2023-05-07 10:45:36", "elapsed": 397.049226, "delta": 3.636718}}
{"target": -10.0000000079359, "params": {"learning_rate": 10.0, "neurons": 45.24068640141491}, "datetime": {"datetime": "2023-05-07 10:45:40", "elapsed": 401.523544, "delta": 4.474318}}
{"target": -4.088267442118375, "params": {"learning_rate": 2.4643928189793303, "neurons": 33.67424788392975}, "datetime": {"datetime": "2023-05-07 10:45:45", "elapsed": 405.722673, "delta": 4.199129}}
{"target": -3.92277335231525, "params": {"learning_rate": 1.7743195189781924, "neurons": 32.635832403823315}, "datetime": {"datetime": "2023-05-07 10:45:48", "elapsed": 409.528153, "delta": 3.80548}}
{"target": -3.9866639676763995, "params": {"learning_rate": 1.9926196095715378, "neurons": 34.93534479508326}, "datetime": {"datetime": "2023-05-07 10:45:52", "elapsed": 413.357103, "delta": 3.82895}}
{"target": -10.001655407567148, "params": {"learning_rate": 3.1606215957102206, "neurons": 34.785848275560824}, "datetime": {"datetime": "2023-05-07 10:45:56", "elapsed": 417.293379, "delta": 3.936276}}
{"target": -3.2698279984893963, "params": {"learning_rate": 1.2151585633205086, "neurons": 35.863647134942134}, "datetime": {"datetime": "2023-05-07 10:46:00", "elapsed": 421.212159, "delta": 3.91878}}
{"target": -13.617042178099151, "params": {"learning_rate": 0.19249789985324048, "neurons": 36.097532732995234}, "datetime": {"datetime": "2023-05-07 10:46:04", "elapsed": 424.73143, "delta": 3.519271}}
{"target": -2.836821071837389, "params": {"learning_rate": 1.9582451217995016, "neurons": 35.95051251338842}, "datetime": {"datetime": "2023-05-07 10:46:07", "elapsed": 428.57678, "delta": 3.84535}}
{"target": -4.440551691917388, "params": {"learning_rate": 0.6734680287237198, "neurons": 31.51286142104579}, "datetime": {"datetime": "2023-05-07 10:46:11", "elapsed": 431.841461, "delta": 3.264681}}
{"target": -2.436800589048116, "params": {"learning_rate": 1.7024344065888442, "neurons": 36.780998476737345}, "datetime": {"datetime": "2023-05-07 10:46:14", "elapsed": 434.843598, "delta": 3.002137}}
{"target": -2.6412311601911336, "params": {"learning_rate": 2.312824085463603, "neurons": 37.90398040529805}, "datetime": {"datetime": "2023-05-07 10:46:17", "elapsed": 437.851783, "delta": 3.008185}}
{"target": -10.011347037418394, "params": {"learning_rate": 3.080293359986748, "neurons": 38.7281551425656}, "datetime": {"datetime": "2023-05-07 10:46:20", "elapsed": 440.960992, "delta": 3.109209}}
{"target": -2.204733166091959, "params": {"learning_rate": 1.6945188881728812, "neurons": 37.60536959647162}, "datetime": {"datetime": "2023-05-07 10:46:23", "elapsed": 444.155303, "delta": 3.194311}}
{"target": -2.301257675436852, "params": {"learning_rate": 2.2976408686498306, "neurons": 37.14508983814395}, "datetime": {"datetime": "2023-05-07 10:46:26", "elapsed": 446.915595, "delta": 2.760292}}
{"target": -10.000000014651267, "params": {"learning_rate": 5.3520587467415695, "neurons": 64.83770157871159}, "datetime": {"datetime": "2023-05-07 10:46:29", "elapsed": 449.794966, "delta": 2.879371}}
{"target": -10.001109862405842, "params": {"learning_rate": 6.960074198183889, "neurons": 9.79242502076714}, "datetime": {"datetime": "2023-05-07 10:46:31", "elapsed": 452.530639, "delta": 2.735673}}
{"target": -10.000000000000021, "params": {"learning_rate": 8.488628331619392, "neurons": 18.7569563310182}, "datetime": {"datetime": "2023-05-07 10:46:34", "elapsed": 454.963722, "delta": 2.433083}}
{"target": -3.8256911817043022, "params": {"learning_rate": 1.7427779835957904, "neurons": 9.984463880270273}, "datetime": {"datetime": "2023-05-07 10:46:37", "elapsed": 457.617489, "delta": 2.653767}}
{"target": -4.145712016681031, "params": {"learning_rate": 1.8185355280758133, "neurons": 26.322954740544226}, "datetime": {"datetime": "2023-05-07 10:46:39", "elapsed": 460.307682, "delta": 2.690193}}
{"target": -3.828672413496006, "params": {"learning_rate": 1.867940953943201, "neurons": 69.31049885669468}, "datetime": {"datetime": "2023-05-07 10:46:42", "elapsed": 463.32566, "delta": 3.017978}}
{"target": -2.9767199359917527, "params": {"learning_rate": 1.6082159524253912, "neurons": 24.836501616501117}, "datetime": {"datetime": "2023-05-07 10:46:45", "elapsed": 466.041799, "delta": 2.716139}}
{"target": -3.9940349755496283, "params": {"learning_rate": 1.6926226782771165, "neurons": 27.563928186760275}, "datetime": {"datetime": "2023-05-07 10:46:48", "elapsed": 468.74515, "delta": 2.703351}}
{"target": -3.947775605906312, "params": {"learning_rate": 3.5201418629173857, "neurons": 27.038364302904967}, "datetime": {"datetime": "2023-05-07 10:46:51", "elapsed": 471.879945, "delta": 3.134795}}
{"target": -4.017627659730929, "params": {"learning_rate": 3.850735163090013, "neurons": 13.200201462414027}, "datetime": {"datetime": "2023-05-07 10:46:53", "elapsed": 474.59809, "delta": 2.718145}}
{"target": -10.000643475606322, "params": {"learning_rate": 2.9528735535844115, "neurons": 69.89985953197514}, "datetime": {"datetime": "2023-05-07 10:46:56", "elapsed": 477.375177, "delta": 2.777087}}
{"target": -2.269223903033962, "params": {"learning_rate": 1.3169044595505381, "neurons": 51.29979337572215}, "datetime": {"datetime": "2023-05-07 10:46:59", "elapsed": 479.969388, "delta": 2.594211}}
{"target": -10.000000000000012, "params": {"learning_rate": 9.934946307850703, "neurons": 39.57405196177327}, "datetime": {"datetime": "2023-05-07 10:47:02", "elapsed": 482.672489, "delta": 2.703101}}
{"target": -11.910061822929514, "params": {"learning_rate": 0.18700416527543778, "neurons": 60.21664168062431}, "datetime": {"datetime": "2023-05-07 10:47:04", "elapsed": 485.528709, "delta": 2.85622}}
{"target": -10.000913264526671, "params": {"learning_rate": 4.247995246270551, "neurons": 42.982634135375775}, "datetime": {"datetime": "2023-05-07 10:47:07", "elapsed": 488.254048, "delta": 2.725339}}
{"target": -3.0819694739359234, "params": {"learning_rate": 1.73148192910253, "neurons": 20.023881468011986}, "datetime": {"datetime": "2023-05-07 10:47:10", "elapsed": 490.841906, "delta": 2.587858}}
