{"target": -10.002050361916169, "params": {"learning_rate": 2.716963429567317, "neurons": 58.094395995065426}, "datetime": {"datetime": "2023-05-07 10:58:34", "elapsed": 1174.857598, "delta": 3.550342}}
{"target": -3.0730496821132087, "params": {"learning_rate": 1.5618492332142893, "neurons": 15.77087552325333}, "datetime": {"datetime": "2023-05-07 10:58:37", "elapsed": 1177.708402, "delta": 2.850804}}
{"target": -3.441567826934535, "params": {"learning_rate": 1.404650281721729, "neurons": 12.244242284900988}, "datetime": {"datetime": "2023-05-07 10:58:40", "elapsed": 1180.764727, "delta": 3.056325}}
{"target": -3.862928759242811, "params": {"learning_rate": 1.8477935356512358, "neurons": 49.19745408887604}, "datetime": {"datetime": "2023-05-07 10:58:43", "elapsed": 1184.035409, "delta": 3.270682}}
{"target": -10.004158979161874, "params": {"learning_rate": 6.497552936444678, "neurons": 8.199241933948121}, "datetime": {"datetime": "2023-05-07 10:58:46", "elapsed": 1187.436148, "delta": 3.400739}}
{"target": -10.000000000008226, "params": {"learning_rate": 10.0, "neurons": 24.83286520694353}, "datetime": {"datetime": "2023-05-07 10:58:50", "elapsed": 1190.62068, "delta": 3.184532}}
{"target": -10.000663785069925, "params": {"learning_rate": 4.983164693261808, "neurons": 41.76682254809442}, "datetime": {"datetime": "2023-05-07 10:58:53", "elapsed": 1193.748196, "delta": 3.127516}}
{"target": -10.00000004506136, "params": {"learning_rate": 6.516634649089178, "neurons": 15.314812690627132}, "datetime": {"datetime": "2023-05-07 10:58:56", "elapsed": 1197.047892, "delta": 3.299696}}
{"target": -3.1884981925478164, "params": {"learning_rate": 1.457687750018074, "neurons": 24.331733624390516}, "datetime": {"datetime": "2023-05-07 10:59:00", "elapsed": 1200.761681, "delta": 3.713789}}
{"target": -2.7492912024441414, "params": {"learning_rate": 1.8327652108542225, "neurons": 23.531013246311822}, "datetime": {"datetime": "2023-05-07 10:59:03", "elapsed": 1203.845975, "delta": 3.084294}}
{"target": -2.9276591228328273, "params": {"learning_rate": 1.237009091740196, "neurons": 27.086762625476098}, "datetime": {"datetime": "2023-05-07 10:59:07", "elapsed": 1208.0312, "delta": 4.185225}}
{"target": -3.845706406890658, "params": {"learning_rate": 2.1097337423041496, "neurons": 26.976390607294192}, "datetime": {"datetime": "2023-05-07 10:59:10", "elapsed": 1211.601835, "delta": 3.570635}}
{"target": -4.8420580677962715, "params": {"learning_rate": 3.5087851103506953, "neurons": 5.775514216554495}, "datetime": {"datetime": "2023-05-07 10:59:14", "elapsed": 1214.647635, "delta": 3.0458}}
{"target": -3.8352245020416458, "params": {"learning_rate": 2.9999682099674057, "neurons": 24.629284852134308}, "datetime": {"datetime": "2023-05-07 10:59:18", "elapsed": 1219.016414, "delta": 4.368779}}
{"target": -17.121756036395627, "params": {"learning_rate": 0.1, "neurons": 6.716370536042806}, "datetime": {"datetime": "2023-05-07 10:59:24", "elapsed": 1224.923864, "delta": 5.90745}}
{"target": -10.000000002818403, "params": {"learning_rate": 5.783075754264774, "neurons": 32.067039339580965}, "datetime": {"datetime": "2023-05-07 10:59:27", "elapsed": 1228.40396, "delta": 3.480096}}
{"target": -10.000004343724523, "params": {"learning_rate": 6.367404507568829, "neurons": 63.87309794377481}, "datetime": {"datetime": "2023-05-07 10:59:31", "elapsed": 1231.663909, "delta": 3.259949}}
{"target": -10.000000000000012, "params": {"learning_rate": 7.193853503186507, "neurons": 51.92316144803209}, "datetime": {"datetime": "2023-05-07 10:59:34", "elapsed": 1235.549707, "delta": 3.885798}}
{"target": -2.6913944932579184, "params": {"learning_rate": 1.2418593302920569, "neurons": 44.07371880793576}, "datetime": {"datetime": "2023-05-07 10:59:38", "elapsed": 1239.303802, "delta": 3.754095}}
{"target": -10.000000185700742, "params": {"learning_rate": 8.705796501236222, "neurons": 69.97724825222623}, "datetime": {"datetime": "2023-05-07 10:59:41", "elapsed": 1242.569728, "delta": 3.265926}}
{"target": -10.00000019671261, "params": {"learning_rate": 4.877762724674313, "neurons": 29.32916647037861}, "datetime": {"datetime": "2023-05-07 10:59:45", "elapsed": 1245.76629, "delta": 3.196562}}
{"target": -2.710826728071546, "params": {"learning_rate": 1.1648368223397105, "neurons": 41.7101130587287}, "datetime": {"datetime": "2023-05-07 10:59:48", "elapsed": 1249.474353, "delta": 3.708063}}
{"target": -2.7573750757097715, "params": {"learning_rate": 1.180734543465418, "neurons": 45.67172295820568}, "datetime": {"datetime": "2023-05-07 10:59:52", "elapsed": 1252.94531, "delta": 3.470957}}
{"target": -10.00001019490667, "params": {"learning_rate": 5.824117397944682, "neurons": 56.90490546505897}, "datetime": {"datetime": "2023-05-07 10:59:56", "elapsed": 1256.780615, "delta": 3.835305}}
{"target": -2.546598819389556, "params": {"learning_rate": 1.070845308434876, "neurons": 47.94791121591673}, "datetime": {"datetime": "2023-05-07 10:59:59", "elapsed": 1260.135075, "delta": 3.35446}}
{"target": -2.68403852828692, "params": {"learning_rate": 3.365309787693076, "neurons": 13.325483671546406}, "datetime": {"datetime": "2023-05-07 11:00:02", "elapsed": 1263.222215, "delta": 3.08714}}
{"target": -10.003747230386596, "params": {"learning_rate": 2.9122422718989647, "neurons": 67.11267238070451}, "datetime": {"datetime": "2023-05-07 11:00:06", "elapsed": 1266.803378, "delta": 3.581163}}
{"target": -1.8230293518210026, "params": {"learning_rate": 1.1337764563181685, "neurons": 66.54154121989764}, "datetime": {"datetime": "2023-05-07 11:00:09", "elapsed": 1270.077704, "delta": 3.274326}}
{"target": -3.632565937815236, "params": {"learning_rate": 0.6934107859651403, "neurons": 67.02582464237594}, "datetime": {"datetime": "2023-05-07 11:00:13", "elapsed": 1274.582508, "delta": 4.504804}}
{"target": -10.000000232231978, "params": {"learning_rate": 7.547433319403991, "neurons": 25.511686721413884}, "datetime": {"datetime": "2023-05-07 11:00:18", "elapsed": 1278.677593, "delta": 4.095085}}
{"target": -2.13380753871148, "params": {"learning_rate": 1.4975793067190282, "neurons": 36.33437361901903}, "datetime": {"datetime": "2023-05-07 11:00:21", "elapsed": 1281.945437, "delta": 3.267844}}
{"target": -10.00000388029802, "params": {"learning_rate": 5.768395013556394, "neurons": 20.8687514423572}, "datetime": {"datetime": "2023-05-07 11:00:24", "elapsed": 1285.538349, "delta": 3.592912}}
{"target": -10.000000000000012, "params": {"learning_rate": 6.921920058593301, "neurons": 39.96448138678226}, "datetime": {"datetime": "2023-05-07 11:00:27", "elapsed": 1288.594468, "delta": 3.056119}}
{"target": -10.000000049553288, "params": {"learning_rate": 5.0860446046590155, "neurons": 60.321054889033135}, "datetime": {"datetime": "2023-05-07 11:00:31", "elapsed": 1291.785144, "delta": 3.190676}}
{"target": -4.077384468165836, "params": {"learning_rate": 1.6423105805501772, "neurons": 30.83526813493122}, "datetime": {"datetime": "2023-05-07 11:00:34", "elapsed": 1295.357357, "delta": 3.572213}}
{"target": -10.000000000000012, "params": {"learning_rate": 9.977872142023989, "neurons": 46.48538676320101}, "datetime": {"datetime": "2023-05-07 11:00:38", "elapsed": 1299.554363, "delta": 4.197006}}
{"target": -3.716523963915196, "params": {"learning_rate": 3.549845765765145, "neurons": 9.511268681248206}, "datetime": {"datetime": "2023-05-07 11:00:43", "elapsed": 1303.701128, "delta": 4.146765}}
{"target": -3.8137104968399496, "params": {"learning_rate": 3.832955055101144, "neurons": 19.288583106783335}, "datetime": {"datetime": "2023-05-07 11:00:48", "elapsed": 1308.845646, "delta": 5.144518}}
{"target": -3.8443577677151826, "params": {"learning_rate": 4.1964455893582695, "neurons": 18.724588152867405}, "datetime": {"datetime": "2023-05-07 11:00:51", "elapsed": 1312.054759, "delta": 3.209113}}
{"target": -10.000076378839953, "params": {"learning_rate": 5.071846705539068, "neurons": 18.281376704057546}, "datetime": {"datetime": "2023-05-07 11:00:54", "elapsed": 1315.338674, "delta": 3.283915}}
{"target": -1.9161096599790883, "params": {"learning_rate": 1.1938972782331534, "neurons": 64.88864606149511}, "datetime": {"datetime": "2023-05-07 11:00:59", "elapsed": 1319.795102, "delta": 4.456428}}
{"target": -2.4685006308493795, "params": {"learning_rate": 1.2057703683747711, "neurons": 34.57478551472795}, "datetime": {"datetime": "2023-05-07 11:01:03", "elapsed": 1324.158502, "delta": 4.3634}}
{"target": -4.2823898213332, "params": {"learning_rate": 3.279842426263571, "neurons": 33.42803648604131}, "datetime": {"datetime": "2023-05-07 11:01:07", "elapsed": 1327.665435, "delta": 3.506933}}
{"target": -3.512006274633248, "params": {"learning_rate": 2.7377145036038817, "neurons": 20.800526139551152}, "datetime": {"datetime": "2023-05-07 11:01:10", "elapsed": 1331.149601, "delta": 3.484166}}
{"target": -2.3136721262200965, "params": {"learning_rate": 1.3987862131159594, "neurons": 50.91261588143382}, "datetime": {"datetime": "2023-05-07 11:01:14", "elapsed": 1335.094259, "delta": 3.944658}}
{"target": -2.4084728269373215, "params": {"learning_rate": 1.1125212790319374, "neurons": 66.15924531811658}, "datetime": {"datetime": "2023-05-07 11:01:17", "elapsed": 1338.346542, "delta": 3.252283}}
{"target": -2.347701874273878, "params": {"learning_rate": 1.5997245941388767, "neurons": 34.5633646380438}, "datetime": {"datetime": "2023-05-07 11:01:21", "elapsed": 1342.217973, "delta": 3.871431}}
{"target": -2.3155758422149493, "params": {"learning_rate": 1.2823088031539025, "neurons": 52.441490086160925}, "datetime": {"datetime": "2023-05-07 11:01:24", "elapsed": 1345.460933, "delta": 3.24296}}
{"target": -10.000000000026372, "params": {"learning_rate": 5.821443070545063, "neurons": 70.0}, "datetime": {"datetime": "2023-05-07 11:01:29", "elapsed": 1350.079944, "delta": 4.619011}}
{"target": -10.006033929482117, "params": {"learning_rate": 8.574112969262702, "neurons": 20.33967653030213}, "datetime": {"datetime": "2023-05-07 11:01:32", "elapsed": 1353.460895, "delta": 3.380951}}
{"target": -3.927823343126878, "params": {"learning_rate": 1.8126362131555722, "neurons": 42.86298486381037}, "datetime": {"datetime": "2023-05-07 11:01:36", "elapsed": 1357.256267, "delta": 3.795372}}
{"target": -3.0105156773613393, "params": {"learning_rate": 0.8432243886349288, "neurons": 50.31142413903609}, "datetime": {"datetime": "2023-05-07 11:01:40", "elapsed": 1360.630294, "delta": 3.374027}}
{"target": -10.000000000000012, "params": {"learning_rate": 9.999676975335586, "neurons": 26.589512250317995}, "datetime": {"datetime": "2023-05-07 11:01:43", "elapsed": 1364.019493, "delta": 3.389199}}
{"target": -10.000000000000012, "params": {"learning_rate": 7.452936807654401, "neurons": 54.5011304050904}, "datetime": {"datetime": "2023-05-07 11:01:47", "elapsed": 1368.494572, "delta": 4.475079}}
{"target": -3.793961226455358, "params": {"learning_rate": 1.4771834673988722, "neurons": 54.50728411616034}, "datetime": {"datetime": "2023-05-07 11:01:51", "elapsed": 1371.879149, "delta": 3.384577}}
{"target": -10.00001998568787, "params": {"learning_rate": 3.240626715357659, "neurons": 68.82957806671413}, "datetime": {"datetime": "2023-05-07 11:01:55", "elapsed": 1375.918607, "delta": 4.039458}}
{"target": -10.00009452570812, "params": {"learning_rate": 6.094719885738465, "neurons": 42.80701629908248}, "datetime": {"datetime": "2023-05-07 11:01:58", "elapsed": 1379.246562, "delta": 3.327955}}
{"target": -10.000002282121256, "params": {"learning_rate": 6.814001513860871, "neurons": 45.56927975516444}, "datetime": {"datetime": "2023-05-07 11:02:02", "elapsed": 1383.497698, "delta": 4.251136}}
{"target": -10.00000011738513, "params": {"learning_rate": 7.26056687932241, "neurons": 28.393943747994204}, "datetime": {"datetime": "2023-05-07 11:02:07", "elapsed": 1388.380415, "delta": 4.882717}}
{"target": -4.004887190768464, "params": {"learning_rate": 2.9530112199375513, "neurons": 23.183864199053552}, "datetime": {"datetime": "2023-05-07 11:02:10", "elapsed": 1391.585916, "delta": 3.205501}}
{"target": -10.000000000000012, "params": {"learning_rate": 6.780067383006573, "neurons": 59.155298998364735}, "datetime": {"datetime": "2023-05-07 11:02:14", "elapsed": 1395.443933, "delta": 3.858017}}
{"target": -10.00003093165255, "params": {"learning_rate": 2.716404663459315, "neurons": 53.21219861899552}, "datetime": {"datetime": "2023-05-07 11:02:19", "elapsed": 1399.919066, "delta": 4.475133}}
{"target": -3.8768631452293416, "params": {"learning_rate": 1.641111521157391, "neurons": 53.28781896559898}, "datetime": {"datetime": "2023-05-07 11:02:23", "elapsed": 1403.941448, "delta": 4.022382}}
{"target": -4.718824677968074, "params": {"learning_rate": 0.5067611737989404, "neurons": 62.41718515057765}, "datetime": {"datetime": "2023-05-07 11:02:27", "elapsed": 1407.964646, "delta": 4.023198}}
{"target": -4.17877539770684, "params": {"learning_rate": 4.323424267723819, "neurons": 7.27257275213427}, "datetime": {"datetime": "2023-05-07 11:02:31", "elapsed": 1411.943879, "delta": 3.979233}}
{"target": -3.3734833847174532, "params": {"learning_rate": 1.6216653279285778, "neurons": 19.20267525357069}, "datetime": {"datetime": "2023-05-07 11:02:34", "elapsed": 1415.485791, "delta": 3.541912}}
{"target": -4.175496237948899, "params": {"learning_rate": 4.451537503596306, "neurons": 6.4036464363671515}, "datetime": {"datetime": "2023-05-07 11:02:38", "elapsed": 1418.924169, "delta": 3.438378}}
{"target": -2.8872040788616298, "params": {"learning_rate": 1.6516227369211312, "neurons": 18.25095086810007}, "datetime": {"datetime": "2023-05-07 11:02:43", "elapsed": 1423.634211, "delta": 4.710042}}
{"target": -2.4896441559947613, "params": {"learning_rate": 1.394592363451748, "neurons": 37.841960258992266}, "datetime": {"datetime": "2023-05-07 11:02:46", "elapsed": 1426.937149, "delta": 3.302938}}
{"target": -10.000000000000012, "params": {"learning_rate": 8.785102170418963, "neurons": 60.664023119177365}, "datetime": {"datetime": "2023-05-07 11:02:49", "elapsed": 1430.312123, "delta": 3.374974}}
{"target": -10.000022010514593, "params": {"learning_rate": 5.458361375807389, "neurons": 23.835324898128196}, "datetime": {"datetime": "2023-05-07 11:02:54", "elapsed": 1434.673431, "delta": 4.361308}}
{"target": -3.3348879783312624, "params": {"learning_rate": 1.9333463634497428, "neurons": 37.3530316838474}, "datetime": {"datetime": "2023-05-07 11:02:58", "elapsed": 1438.957849, "delta": 4.284418}}
{"target": -3.2696349169152183, "params": {"learning_rate": 1.1953546881800408, "neurons": 19.84189950054081}, "datetime": {"datetime": "2023-05-07 11:03:01", "elapsed": 1442.352363, "delta": 3.394514}}
{"target": -3.8070724349441547, "params": {"learning_rate": 3.1167719879582156, "neurons": 14.298653173943237}, "datetime": {"datetime": "2023-05-07 11:03:05", "elapsed": 1446.117928, "delta": 3.765565}}
{"target": -10.000013538784236, "params": {"learning_rate": 4.22942178054565, "neurons": 50.66422340909145}, "datetime": {"datetime": "2023-05-07 11:03:08", "elapsed": 1449.586962, "delta": 3.469034}}
{"target": -2.9196795294991897, "params": {"learning_rate": 1.0532035556721229, "neurons": 43.417624035798}, "datetime": {"datetime": "2023-05-07 11:03:12", "elapsed": 1453.238238, "delta": 3.651276}}
{"target": -4.10112952283536, "params": {"learning_rate": 1.2134826161474817, "neurons": 10.518842211888444}, "datetime": {"datetime": "2023-05-07 11:03:16", "elapsed": 1457.22589, "delta": 3.987652}}
{"target": -10.000000000000012, "params": {"learning_rate": 8.662207459737676, "neurons": 24.2032683578337}, "datetime": {"datetime": "2023-05-07 11:03:21", "elapsed": 1462.288615, "delta": 5.062725}}
{"target": -10.000000106946503, "params": {"learning_rate": 6.623224662835349, "neurons": 65.50316391036105}, "datetime": {"datetime": "2023-05-07 11:03:25", "elapsed": 1465.755201, "delta": 3.466586}}
{"target": -4.98634468557512, "params": {"learning_rate": 3.7741018631077723, "neurons": 30.739293783625676}, "datetime": {"datetime": "2023-05-07 11:03:30", "elapsed": 1471.027145, "delta": 5.271944}}
{"target": -2.7448815543905933, "params": {"learning_rate": 1.1484782637303808, "neurons": 29.860459166470424}, "datetime": {"datetime": "2023-05-07 11:03:33", "elapsed": 1474.47478, "delta": 3.447635}}
{"target": -10.00000020369322, "params": {"learning_rate": 7.736301112338158, "neurons": 11.01991772693635}, "datetime": {"datetime": "2023-05-07 11:03:37", "elapsed": 1477.911316, "delta": 3.436536}}
{"target": -10.000000000000012, "params": {"learning_rate": 8.59804701427238, "neurons": 56.999514769863225}, "datetime": {"datetime": "2023-05-07 11:03:40", "elapsed": 1481.510335, "delta": 3.599019}}
{"target": -3.2436714236690265, "params": {"learning_rate": 2.116414870721865, "neurons": 14.315561617595007}, "datetime": {"datetime": "2023-05-07 11:03:44", "elapsed": 1485.119934, "delta": 3.609599}}
{"target": -10.000000000000012, "params": {"learning_rate": 10.0, "neurons": 68.73691723374313}, "datetime": {"datetime": "2023-05-07 11:03:49", "elapsed": 1489.796725, "delta": 4.676791}}
{"target": -10.000000000002638, "params": {"learning_rate": 8.52434803537885, "neurons": 67.22363554762299}, "datetime": {"datetime": "2023-05-07 11:03:53", "elapsed": 1494.126505, "delta": 4.32978}}
{"target": -3.6251905533881446, "params": {"learning_rate": 1.614019874849698, "neurons": 35.90153474182452}, "datetime": {"datetime": "2023-05-07 11:03:57", "elapsed": 1497.863243, "delta": 3.736738}}
