{"target": -2.3766086990676705, "params": {"learning_rate": 1.2766971752694762, "neurons": 69.93399347116254}, "datetime": {"datetime": "2023-05-07 10:47:13", "elapsed": 493.67933, "delta": 2.837424}}
{"target": -10.000000000000012, "params": {"learning_rate": 6.427995823445172, "neurons": 60.46621226534999}, "datetime": {"datetime": "2023-05-07 10:47:15", "elapsed": 496.561369, "delta": 2.882039}}
{"target": -7.411484396459612, "params": {"learning_rate": 9.233508823186959, "neurons": 68.0331749262707}, "datetime": {"datetime": "2023-05-07 10:47:19", "elapsed": 499.990003, "delta": 3.428634}}
{"target": -2.9537365106395996, "params": {"learning_rate": 1.1802894410072076, "neurons": 52.86024313027226}, "datetime": {"datetime": "2023-05-07 10:47:22", "elapsed": 502.980833, "delta": 2.99083}}
{"target": -15.010810389068801, "params": {"learning_rate": 0.1, "neurons": 21.123236196695444}, "datetime": {"datetime": "2023-05-07 10:47:27", "elapsed": 507.823594, "delta": 4.842761}}
{"target": -3.2773045335876136, "params": {"learning_rate": 1.4914024033841549, "neurons": 21.017660715946807}, "datetime": {"datetime": "2023-05-07 10:47:30", "elapsed": 510.759915, "delta": 2.936321}}
{"target": -8.39854417598728, "params": {"learning_rate": 4.46845443662491, "neurons": 15.51067886197568}, "datetime": {"datetime": "2023-05-07 10:47:33", "elapsed": 514.09538, "delta": 3.335465}}
{"target": -10.00000505613492, "params": {"learning_rate": 3.857606137796646, "neurons": 17.506269821897114}, "datetime": {"datetime": "2023-05-07 10:47:36", "elapsed": 517.281212, "delta": 3.185832}}
{"target": -10.000180849837363, "params": {"learning_rate": 5.5404958036518375, "neurons": 7.046200575666094}, "datetime": {"datetime": "2023-05-07 10:47:39", "elapsed": 520.27212, "delta": 2.990908}}
{"target": -10.00000010166439, "params": {"learning_rate": 4.19505634537037, "neurons": 27.944116854538812}, "datetime": {"datetime": "2023-05-07 10:47:42", "elapsed": 523.148359, "delta": 2.876239}}
{"target": -3.7690051919380045, "params": {"learning_rate": 2.6835774564365353, "neurons": 26.917527230667122}, "datetime": {"datetime": "2023-05-07 10:47:45", "elapsed": 526.252684, "delta": 3.104325}}
{"target": -4.669528819955598, "params": {"learning_rate": 3.3492843370998524, "neurons": 8.685651364293491}, "datetime": {"datetime": "2023-05-07 10:47:48", "elapsed": 528.938645, "delta": 2.685961}}
{"target": -12.697762772342225, "params": {"learning_rate": 0.1, "neurons": 56.49128106255311}, "datetime": {"datetime": "2023-05-07 10:47:54", "elapsed": 535.370881, "delta": 6.432236}}
{"target": -2.1894757799599533, "params": {"learning_rate": 1.2613219616740259, "neurons": 54.9711805312602}, "datetime": {"datetime": "2023-05-07 10:47:57", "elapsed": 538.118237, "delta": 2.747356}}
{"target": -3.1476482030048847, "params": {"learning_rate": 1.2106928531843801, "neurons": 55.941604863395604}, "datetime": {"datetime": "2023-05-07 10:48:00", "elapsed": 541.069418, "delta": 2.951181}}
{"target": -10.000000000000012, "params": {"learning_rate": 9.989014641380027, "neurons": 63.94468658120246}, "datetime": {"datetime": "2023-05-07 10:48:03", "elapsed": 544.019883, "delta": 2.950465}}
{"target": -4.705743874756927, "params": {"learning_rate": 1.7102596858580275, "neurons": 33.872143813811554}, "datetime": {"datetime": "2023-05-07 10:48:06", "elapsed": 547.176869, "delta": 3.156986}}
{"target": -10.004849413385733, "params": {"learning_rate": 3.424518079367881, "neurons": 63.66990993681374}, "datetime": {"datetime": "2023-05-07 10:48:09", "elapsed": 550.102919, "delta": 2.92605}}
{"target": -10.000000000002002, "params": {"learning_rate": 9.960855655876525, "neurons": 49.87859661809899}, "datetime": {"datetime": "2023-05-07 10:48:12", "elapsed": 553.047601, "delta": 2.944682}}
{"target": -10.000000286977388, "params": {"learning_rate": 8.09531458184353, "neurons": 12.35015557055421}, "datetime": {"datetime": "2023-05-07 10:48:15", "elapsed": 556.082427, "delta": 3.034826}}
{"target": -3.848615962691145, "params": {"learning_rate": 1.8835271660697306, "neurons": 55.17408229445629}, "datetime": {"datetime": "2023-05-07 10:48:18", "elapsed": 559.136978, "delta": 3.054551}}
{"target": -3.0539047478816777, "params": {"learning_rate": 1.3314382575658517, "neurons": 30.526840861671992}, "datetime": {"datetime": "2023-05-07 10:48:21", "elapsed": 561.83064, "delta": 2.693662}}
{"target": -3.9043897385407504, "params": {"learning_rate": 2.3244258190856795, "neurons": 30.490122547753703}, "datetime": {"datetime": "2023-05-07 10:48:24", "elapsed": 564.944484, "delta": 3.113844}}
{"target": -2.50734806596816, "params": {"learning_rate": 1.24717418389975, "neurons": 57.06332422798888}, "datetime": {"datetime": "2023-05-07 10:48:27", "elapsed": 567.948331, "delta": 3.003847}}
{"target": -15.584365992793293, "params": {"learning_rate": 0.11851580068619544, "neurons": 10.378148272970524}, "datetime": {"datetime": "2023-05-07 10:48:32", "elapsed": 572.64345, "delta": 4.695119}}
{"target": -10.000000000000012, "params": {"learning_rate": 5.0242721227760505, "neurons": 55.651966753353}, "datetime": {"datetime": "2023-05-07 10:48:34", "elapsed": 575.458563, "delta": 2.815113}}
{"target": -4.661182634841266, "params": {"learning_rate": 1.251639011675751, "neurons": 6.694690757760652}, "datetime": {"datetime": "2023-05-07 10:48:37", "elapsed": 578.277271, "delta": 2.818708}}
{"target": -10.000000000045121, "params": {"learning_rate": 7.9850453323237085, "neurons": 46.86458858568216}, "datetime": {"datetime": "2023-05-07 10:48:40", "elapsed": 581.461456, "delta": 3.184185}}
{"target": -1.5240675280678408, "params": {"learning_rate": 1.5472003585148404, "neurons": 60.99964536610928}, "datetime": {"datetime": "2023-05-07 10:48:43", "elapsed": 584.53437, "delta": 3.072914}}
{"target": -10.000000000000012, "params": {"learning_rate": 10.0, "neurons": 59.73768764678823}, "datetime": {"datetime": "2023-05-07 10:48:46", "elapsed": 587.598111, "delta": 3.063741}}
{"target": -4.049299462242426, "params": {"learning_rate": 1.3453451043585318, "neurons": 53.92778419314233}, "datetime": {"datetime": "2023-05-07 10:48:50", "elapsed": 590.833728, "delta": 3.235617}}
{"target": -3.8534431981767385, "params": {"learning_rate": 2.2269099186507195, "neurons": 43.14489841715353}, "datetime": {"datetime": "2023-05-07 10:48:53", "elapsed": 593.713263, "delta": 2.879535}}
{"target": -3.29968563665148, "params": {"learning_rate": 1.9865499056786056, "neurons": 42.17016246178696}, "datetime": {"datetime": "2023-05-07 10:48:56", "elapsed": 597.046311, "delta": 3.333048}}
{"target": -3.6496336384475097, "params": {"learning_rate": 2.683870464602702, "neurons": 42.4694432821283}, "datetime": {"datetime": "2023-05-07 10:48:59", "elapsed": 599.90819, "delta": 2.861879}}
{"target": -10.000000000000156, "params": {"learning_rate": 7.689725683501121, "neurons": 27.07134179949117}, "datetime": {"datetime": "2023-05-07 10:49:02", "elapsed": 602.778405, "delta": 2.870215}}
{"target": -2.3985701561234283, "params": {"learning_rate": 1.1462734147228981, "neurons": 46.6843634251353}, "datetime": {"datetime": "2023-05-07 10:49:05", "elapsed": 606.069228, "delta": 3.290823}}
{"target": -10.000000000000012, "params": {"learning_rate": 8.33854454712886, "neurons": 42.74329634336724}, "datetime": {"datetime": "2023-05-07 10:49:08", "elapsed": 608.783089, "delta": 2.713861}}
{"target": -2.8599368600157717, "params": {"learning_rate": 1.2705477371465517, "neurons": 58.13490994791405}, "datetime": {"datetime": "2023-05-07 10:49:11", "elapsed": 611.978886, "delta": 3.195797}}
{"target": -2.934961325350998, "params": {"learning_rate": 1.3341125068943216, "neurons": 35.20895058350007}, "datetime": {"datetime": "2023-05-07 10:49:14", "elapsed": 615.08826, "delta": 3.109374}}
{"target": -10.000000300150887, "params": {"learning_rate": 7.994183955591572, "neurons": 61.82926810203921}, "datetime": {"datetime": "2023-05-07 10:49:17", "elapsed": 618.106935, "delta": 3.018675}}
{"target": -2.001654132633649, "params": {"learning_rate": 1.744169576240644, "neurons": 38.69379807039326}, "datetime": {"datetime": "2023-05-07 10:49:20", "elapsed": 620.916158, "delta": 2.809223}}
{"target": -3.5390996675674624, "params": {"learning_rate": 1.648120918391047, "neurons": 39.64316696072453}, "datetime": {"datetime": "2023-05-07 10:49:23", "elapsed": 623.965749, "delta": 3.049591}}
{"target": -3.9600458555689686, "params": {"learning_rate": 1.8863013227480758, "neurons": 40.882545686421146}, "datetime": {"datetime": "2023-05-07 10:49:26", "elapsed": 627.237961, "delta": 3.272212}}
{"target": -9.415928971508709, "params": {"learning_rate": 6.770858499089952, "neurons": 5.0}, "datetime": {"datetime": "2023-05-07 10:49:29", "elapsed": 630.185963, "delta": 2.948002}}
{"target": -10.003313838197617, "params": {"learning_rate": 5.569457811378841, "neurons": 36.407696211737395}, "datetime": {"datetime": "2023-05-07 10:49:32", "elapsed": 632.762519, "delta": 2.576556}}
{"target": -3.8707273542968, "params": {"learning_rate": 2.085359404199737, "neurons": 68.37626231540204}, "datetime": {"datetime": "2023-05-07 10:49:34", "elapsed": 635.391107, "delta": 2.628588}}
{"target": -10.000000000248532, "params": {"learning_rate": 8.152729318159489, "neurons": 53.16916969583863}, "datetime": {"datetime": "2023-05-07 10:49:37", "elapsed": 637.878351, "delta": 2.487244}}
{"target": -10.000000000037367, "params": {"learning_rate": 6.430406241259027, "neurons": 29.590046103582246}, "datetime": {"datetime": "2023-05-07 10:49:39", "elapsed": 640.515912, "delta": 2.637561}}
{"target": -1.765340841242239, "params": {"learning_rate": 1.3992598538998355, "neurons": 49.426962953533575}, "datetime": {"datetime": "2023-05-07 10:49:42", "elapsed": 643.256752, "delta": 2.74084}}
{"target": -10.000019891915553, "params": {"learning_rate": 2.3550674975547823, "neurons": 61.552400633052876}, "datetime": {"datetime": "2023-05-07 10:49:45", "elapsed": 646.594734, "delta": 3.337982}}
{"target": -3.8225750114889454, "params": {"learning_rate": 1.4493639957914974, "neurons": 60.56262984204507}, "datetime": {"datetime": "2023-05-07 10:49:48", "elapsed": 649.071627, "delta": 2.476893}}
{"target": -10.000001469846673, "params": {"learning_rate": 3.358658491417843, "neurons": 46.590566753668405}, "datetime": {"datetime": "2023-05-07 10:49:51", "elapsed": 651.881304, "delta": 2.809677}}
{"target": -13.555729420092423, "params": {"learning_rate": 0.1, "neurons": 30.87442220534486}, "datetime": {"datetime": "2023-05-07 10:49:56", "elapsed": 657.473258, "delta": 5.591954}}
{"target": -2.9394238589101387, "params": {"learning_rate": 1.0547322044919083, "neurons": 32.11905994809558}, "datetime": {"datetime": "2023-05-07 10:49:59", "elapsed": 659.922411, "delta": 2.449153}}
{"target": -3.721291228324728, "params": {"learning_rate": 2.033033308889922, "neurons": 44.29027167620417}, "datetime": {"datetime": "2023-05-07 10:50:02", "elapsed": 662.749613, "delta": 2.827202}}
{"target": -15.463029158765332, "params": {"learning_rate": 0.16708631123273154, "neurons": 12.081860598108397}, "datetime": {"datetime": "2023-05-07 10:50:04", "elapsed": 665.589647, "delta": 2.840034}}
{"target": -10.087291347088668, "params": {"learning_rate": 4.517689560670894, "neurons": 12.679360130888394}, "datetime": {"datetime": "2023-05-07 10:50:07", "elapsed": 668.555059, "delta": 2.965412}}
{"target": -2.6289669095780184, "params": {"learning_rate": 3.3780902719413444, "neurons": 13.879732551469843}, "datetime": {"datetime": "2023-05-07 10:50:10", "elapsed": 670.964833, "delta": 2.409774}}
{"target": -9.722494843634665, "params": {"learning_rate": 3.7429130094421326, "neurons": 20.763726559819453}, "datetime": {"datetime": "2023-05-07 10:50:12", "elapsed": 673.584577, "delta": 2.619744}}
{"target": -4.381601701715633, "params": {"learning_rate": 2.8380810937683236, "neurons": 13.295817322643527}, "datetime": {"datetime": "2023-05-07 10:50:15", "elapsed": 676.20072, "delta": 2.616143}}
{"target": -4.158445934082627, "params": {"learning_rate": 2.19507108408594, "neurons": 21.614695327809333}, "datetime": {"datetime": "2023-05-07 10:50:18", "elapsed": 679.237343, "delta": 3.036623}}
{"target": -4.831782680601823, "params": {"learning_rate": 0.78727092647995, "neurons": 13.428941223243994}, "datetime": {"datetime": "2023-05-07 10:50:21", "elapsed": 681.746066, "delta": 2.508723}}
{"target": -3.249661176087147, "params": {"learning_rate": 1.145284573822665, "neurons": 22.120406221186673}, "datetime": {"datetime": "2023-05-07 10:50:24", "elapsed": 684.618012, "delta": 2.871946}}
{"target": -10.000000000000023, "params": {"learning_rate": 6.01934069900782, "neurons": 25.304139603442696}, "datetime": {"datetime": "2023-05-07 10:50:26", "elapsed": 687.174698, "delta": 2.556686}}
{"target": -10.000000007771774, "params": {"learning_rate": 7.925186645195704, "neurons": 36.84650411792674}, "datetime": {"datetime": "2023-05-07 10:50:28", "elapsed": 689.459155, "delta": 2.284457}}
{"target": -2.783217285580564, "params": {"learning_rate": 0.9171375783219389, "neurons": 52.127676559446535}, "datetime": {"datetime": "2023-05-07 10:50:31", "elapsed": 692.106454, "delta": 2.647299}}
{"target": -4.522857164852291, "params": {"learning_rate": 3.8325242635868664, "neurons": 7.8368265435914095}, "datetime": {"datetime": "2023-05-07 10:50:33", "elapsed": 694.49078, "delta": 2.384326}}
{"target": -2.769501651134237, "params": {"learning_rate": 1.3523741717183442, "neurons": 43.020015532764596}, "datetime": {"datetime": "2023-05-07 10:50:36", "elapsed": 696.876872, "delta": 2.386092}}
{"target": -2.3840348809443492, "params": {"learning_rate": 1.5464745601740484, "neurons": 43.70742827443008}, "datetime": {"datetime": "2023-05-07 10:50:38", "elapsed": 699.516161, "delta": 2.639289}}
{"target": -10.000004878864004, "params": {"learning_rate": 3.6631239580055803, "neurons": 32.0280932905882}, "datetime": {"datetime": "2023-05-07 10:50:41", "elapsed": 702.01247, "delta": 2.496309}}
{"target": -10.001102517556147, "params": {"learning_rate": 4.072955545029248, "neurons": 14.00905862319513}, "datetime": {"datetime": "2023-05-07 10:50:43", "elapsed": 704.400799, "delta": 2.388329}}
{"target": -3.98308245290524, "params": {"learning_rate": 3.0571770289177516, "neurons": 23.860602000440128}, "datetime": {"datetime": "2023-05-07 10:50:46", "elapsed": 706.796681, "delta": 2.395882}}
{"target": -3.783157097932654, "params": {"learning_rate": 2.3657790874174323, "neurons": 40.04320975422553}, "datetime": {"datetime": "2023-05-07 10:50:48", "elapsed": 709.362876, "delta": 2.566195}}
{"target": -3.441387273446299, "params": {"learning_rate": 1.3977456699043918, "neurons": 12.889561584866723}, "datetime": {"datetime": "2023-05-07 10:50:51", "elapsed": 712.052718, "delta": 2.689842}}
{"target": -10.008846638931995, "params": {"learning_rate": 2.8284719940402927, "neurons": 49.99303591360611}, "datetime": {"datetime": "2023-05-07 10:50:53", "elapsed": 714.502951, "delta": 2.450233}}
{"target": -10.000000000000043, "params": {"learning_rate": 5.812932515196341, "neurons": 68.60457892849195}, "datetime": {"datetime": "2023-05-07 10:50:56", "elapsed": 717.060583, "delta": 2.557632}}
{"target": -10.000000840002784, "params": {"learning_rate": 5.230448021476672, "neurons": 39.901273760401104}, "datetime": {"datetime": "2023-05-07 10:50:59", "elapsed": 720.382222, "delta": 3.321639}}
{"target": -2.0129729917831964, "params": {"learning_rate": 1.578740472766859, "neurons": 38.18293270220253}, "datetime": {"datetime": "2023-05-07 10:51:02", "elapsed": 722.808195, "delta": 2.425973}}
{"target": -3.9470817956487956, "params": {"learning_rate": 1.3188831986107052, "neurons": 11.256212374281525}, "datetime": {"datetime": "2023-05-07 10:51:04", "elapsed": 725.456396, "delta": 2.648201}}
{"target": -10.00000032309403, "params": {"learning_rate": 10.0, "neurons": 11.662915759532867}, "datetime": {"datetime": "2023-05-07 10:51:07", "elapsed": 727.698344, "delta": 2.241948}}
{"target": -10.000000269045835, "params": {"learning_rate": 8.08533432723767, "neurons": 8.240736069120175}, "datetime": {"datetime": "2023-05-07 10:51:09", "elapsed": 730.364186, "delta": 2.665842}}
{"target": -5.370584708657579, "params": {"learning_rate": 2.4238236331619913, "neurons": 5.0}, "datetime": {"datetime": "2023-05-07 10:51:12", "elapsed": 732.811743, "delta": 2.447557}}
{"target": -10.000000088102578, "params": {"learning_rate": 8.216099979712842, "neurons": 33.65635259793262}, "datetime": {"datetime": "2023-05-07 10:51:15", "elapsed": 736.019821, "delta": 3.208078}}
{"target": -2.576115208165076, "params": {"learning_rate": 2.4407164336751452, "neurons": 18.786471042625195}, "datetime": {"datetime": "2023-05-07 10:51:18", "elapsed": 738.671144, "delta": 2.651323}}
{"target": -2.793802555670069, "params": {"learning_rate": 1.2720424999169513, "neurons": 31.493783630973464}, "datetime": {"datetime": "2023-05-07 10:51:21", "elapsed": 741.638247, "delta": 2.967103}}
{"target": -10.000025676672971, "params": {"learning_rate": 6.124498784358229, "neurons": 22.41174527743926}, "datetime": {"datetime": "2023-05-07 10:51:23", "elapsed": 744.569734, "delta": 2.931487}}
{"target": -2.860704253945517, "params": {"learning_rate": 1.2405472792489047, "neurons": 61.328575411128895}, "datetime": {"datetime": "2023-05-07 10:51:27", "elapsed": 747.93257, "delta": 3.362836}}
{"target": -10.001105261964417, "params": {"learning_rate": 7.517297476855085, "neurons": 57.82710136774519}, "datetime": {"datetime": "2023-05-07 10:51:30", "elapsed": 751.358781, "delta": 3.426211}}
{"target": -4.053478302291949, "params": {"learning_rate": 2.0977307212307865, "neurons": 28.483630289131465}, "datetime": {"datetime": "2023-05-07 10:51:34", "elapsed": 755.026187, "delta": 3.667406}}
{"target": -10.000000000002675, "params": {"learning_rate": 7.703941163162691, "neurons": 50.50115224856796}, "datetime": {"datetime": "2023-05-07 10:51:37", "elapsed": 758.275048, "delta": 3.248861}}
{"target": -10.000000002277371, "params": {"learning_rate": 10.0, "neurons": 15.197681566650228}, "datetime": {"datetime": "2023-05-07 10:51:40", "elapsed": 761.320145, "delta": 3.045097}}
{"target": -3.9431248753151724, "params": {"learning_rate": 2.9953195727565176, "neurons": 22.480677018007054}, "datetime": {"datetime": "2023-05-07 10:51:44", "elapsed": 764.777575, "delta": 3.45743}}
{"target": -4.232928849494024, "params": {"learning_rate": 3.5130217166008113, "neurons": 11.084232630648678}, "datetime": {"datetime": "2023-05-07 10:51:47", "elapsed": 767.773487, "delta": 2.995912}}
{"target": -3.1106004624770116, "params": {"learning_rate": 1.1953112507227681, "neurons": 28.58804638372527}, "datetime": {"datetime": "2023-05-07 10:51:50", "elapsed": 770.863254, "delta": 3.089767}}
{"target": -10.000000000000012, "params": {"learning_rate": 10.0, "neurons": 18.8965852982422}, "datetime": {"datetime": "2023-05-07 10:51:53", "elapsed": 774.182314, "delta": 3.31906}}
{"target": -3.6623343084895597, "params": {"learning_rate": 3.2075803907527676, "neurons": 30.60434910522422}, "datetime": {"datetime": "2023-05-07 10:51:56", "elapsed": 777.377607, "delta": 3.195293}}
{"target": -6.3296565523533115, "params": {"learning_rate": 0.3810291444685949, "neurons": 52.754610500710434}, "datetime": {"datetime": "2023-05-07 10:51:59", "elapsed": 780.188012, "delta": 2.810405}}
{"target": -10.000000040159366, "params": {"learning_rate": 6.0869385243179925, "neurons": 33.64866019923012}, "datetime": {"datetime": "2023-05-07 10:52:02", "elapsed": 783.148925, "delta": 2.960913}}
{"target": -4.214797298203164, "params": {"learning_rate": 2.493746524054233, "neurons": 33.00826365180875}, "datetime": {"datetime": "2023-05-07 10:52:05", "elapsed": 785.886293, "delta": 2.737368}}
{"target": -3.824820049787683, "params": {"learning_rate": 2.408267336924013, "neurons": 19.8539583889675}, "datetime": {"datetime": "2023-05-07 10:52:08", "elapsed": 789.150615, "delta": 3.264322}}
{"target": -4.222844196552262, "params": {"learning_rate": 2.7631593738903866, "neurons": 31.151450744377573}, "datetime": {"datetime": "2023-05-07 10:52:11", "elapsed": 792.365129, "delta": 3.214514}}
{"target": -10.00174941234207, "params": {"learning_rate": 8.4786593959751, "neurons": 22.354938760469814}, "datetime": {"datetime": "2023-05-07 10:52:15", "elapsed": 795.699516, "delta": 3.334387}}
{"target": -3.6578924598622296, "params": {"learning_rate": 2.4098223667087018, "neurons": 41.54932073867499}, "datetime": {"datetime": "2023-05-07 10:52:18", "elapsed": 799.05235, "delta": 3.352834}}
{"target": -4.025732735086412, "params": {"learning_rate": 1.858548560884555, "neurons": 65.08828998275159}, "datetime": {"datetime": "2023-05-07 10:52:21", "elapsed": 802.202456, "delta": 3.150106}}
{"target": -3.7660507550532176, "params": {"learning_rate": 2.5026321355447383, "neurons": 11.915273623389297}, "datetime": {"datetime": "2023-05-07 10:52:24", "elapsed": 805.205542, "delta": 3.003086}}
{"target": -10.00000009999437, "params": {"learning_rate": 6.681318323461356, "neurons": 19.010463516311887}, "datetime": {"datetime": "2023-05-07 10:52:27", "elapsed": 808.499513, "delta": 3.293971}}
{"target": -3.5052020446443484, "params": {"learning_rate": 1.5305190669246975, "neurons": 14.465891314324665}, "datetime": {"datetime": "2023-05-07 10:52:30", "elapsed": 811.556833, "delta": 3.05732}}
{"target": -10.000000000074284, "params": {"learning_rate": 10.0, "neurons": 43.549721198072085}, "datetime": {"datetime": "2023-05-07 10:52:34", "elapsed": 814.855874, "delta": 3.299041}}
{"target": -10.000000000000012, "params": {"learning_rate": 8.382034504875442, "neurons": 40.68063172332543}, "datetime": {"datetime": "2023-05-07 10:52:37", "elapsed": 817.999519, "delta": 3.143645}}
{"target": -8.581645049330277, "params": {"learning_rate": 1.9753694657351524, "neurons": 38.284771498541026}, "datetime": {"datetime": "2023-05-07 10:52:40", "elapsed": 820.868987, "delta": 2.869468}}
