{"target": -2.9554183689044065, "params": {"neurons": 55.13584181233849}, "datetime": {"datetime": "2023-05-07 13:08:59", "elapsed": 0.0, "delta": 0.0}}
{"target": -4.671787851000592, "params": {"neurons": 6.3488767083610975}, "datetime": {"datetime": "2023-05-07 13:09:00", "elapsed": 1.27617, "delta": 1.27617}}
{"target": -2.0799722131542104, "params": {"neurons": 46.187135270207904}, "datetime": {"datetime": "2023-05-07 13:09:02", "elapsed": 2.745319, "delta": 1.469149}}
{"target": -2.9554183689044065, "params": {"neurons": 55.13584181233849}, "datetime": {"datetime": "2023-05-07 13:09:26", "elapsed": 0.0, "delta": 0.0}}
{"target": -4.671787851000592, "params": {"neurons": 6.3488767083610975}, "datetime": {"datetime": "2023-05-07 13:09:27", "elapsed": 1.272252, "delta": 1.272252}}
{"target": -2.0799722131542104, "params": {"neurons": 46.187135270207904}, "datetime": {"datetime": "2023-05-07 13:09:28", "elapsed": 2.462551, "delta": 1.190299}}
{"target": -2.198326662515165, "params": {"neurons": 53.67225236500977}, "datetime": {"datetime": "2023-05-07 13:09:30", "elapsed": 3.791162, "delta": 1.328611}}
{"target": -2.6891140645226623, "params": {"neurons": 37.402955799668376}, "datetime": {"datetime": "2023-05-07 13:09:31", "elapsed": 4.95999, "delta": 1.168828}}
{"target": -3.1899958753228406, "params": {"neurons": 19.611781959505098}, "datetime": {"datetime": "2023-05-07 13:09:32", "elapsed": 6.288272, "delta": 1.328282}}
{"target": -3.7825108624696724, "params": {"neurons": 17.87408620937556}, "datetime": {"datetime": "2023-05-07 13:09:33", "elapsed": 7.503322, "delta": 1.21505}}
{"target": -1.9047358076459515, "params": {"neurons": 54.434496292932316}, "datetime": {"datetime": "2023-05-07 13:09:35", "elapsed": 8.783704, "delta": 1.280382}}
{"target": -3.568258482131629, "params": {"neurons": 15.992204376564803}, "datetime": {"datetime": "2023-05-07 13:09:36", "elapsed": 9.978825, "delta": 1.195121}}
{"target": -4.0206652126102185, "params": {"neurons": 10.742087921310667}, "datetime": {"datetime": "2023-05-07 13:09:37", "elapsed": 11.46195, "delta": 1.483125}}
{"target": -2.245337833486163, "params": {"neurons": 49.548388193906824}, "datetime": {"datetime": "2023-05-07 13:09:39", "elapsed": 12.698848, "delta": 1.236898}}
{"target": -1.6803397849409558, "params": {"neurons": 66.97056750267087}, "datetime": {"datetime": "2023-05-07 13:09:40", "elapsed": 13.980192, "delta": 1.281344}}
{"target": -5.195002338994388, "params": {"neurons": 5.25663731131444}, "datetime": {"datetime": "2023-05-07 13:09:41", "elapsed": 15.212118, "delta": 1.231926}}
{"target": -2.1149550867537688, "params": {"neurons": 38.29249712007548}, "datetime": {"datetime": "2023-05-07 13:09:42", "elapsed": 16.386501, "delta": 1.174383}}
{"target": -2.537141281934139, "params": {"neurons": 57.82036250738738}, "datetime": {"datetime": "2023-05-07 13:09:43", "elapsed": 17.597211, "delta": 1.21071}}
{"target": -2.6260001355037548, "params": {"neurons": 44.81419434391023}, "datetime": {"datetime": "2023-05-07 13:09:45", "elapsed": 18.714112, "delta": 1.116901}}
{"target": -2.22249597446367, "params": {"neurons": 51.91409563306697}, "datetime": {"datetime": "2023-05-07 13:09:46", "elapsed": 19.925037, "delta": 1.210925}}
{"target": -2.917390142921489, "params": {"neurons": 23.971944431091156}, "datetime": {"datetime": "2023-05-07 13:09:47", "elapsed": 21.11525, "delta": 1.190213}}
{"target": -2.090712405323222, "params": {"neurons": 64.65531796334133}, "datetime": {"datetime": "2023-05-07 13:09:48", "elapsed": 22.240259, "delta": 1.125009}}
{"target": -2.22249597446367, "params": {"neurons": 51.44742592084989}, "datetime": {"datetime": "2023-05-07 13:09:49", "elapsed": 23.380505, "delta": 1.140246}}
{"target": -2.6816249378151964, "params": {"neurons": 40.265383920731985}, "datetime": {"datetime": "2023-05-07 13:09:50", "elapsed": 24.531039, "delta": 1.150534}}
{"target": -3.8628078902857066, "params": {"neurons": 14.241053094099252}, "datetime": {"datetime": "2023-05-07 13:09:51", "elapsed": 25.653318, "delta": 1.122279}}
{"target": -2.727368555632842, "params": {"neurons": 29.2671494033455}, "datetime": {"datetime": "2023-05-07 13:09:53", "elapsed": 26.837339, "delta": 1.184021}}
{"target": -2.7145306173181103, "params": {"neurons": 48.818684979312444}, "datetime": {"datetime": "2023-05-07 13:09:54", "elapsed": 28.018109, "delta": 1.18077}}
{"target": -2.942109709093522, "params": {"neurons": 33.719156337494745}, "datetime": {"datetime": "2023-05-07 13:09:55", "elapsed": 29.261132, "delta": 1.243023}}
{"target": -2.2497638718740833, "params": {"neurons": 68.42563761589045}, "datetime": {"datetime": "2023-05-07 13:09:56", "elapsed": 30.560598, "delta": 1.299466}}
{"target": -3.6715833211270557, "params": {"neurons": 65.90435039916923}, "datetime": {"datetime": "2023-05-07 13:09:58", "elapsed": 31.96784, "delta": 1.407242}}
{"target": -2.4250102911261955, "params": {"neurons": 63.56435365040384}, "datetime": {"datetime": "2023-05-07 13:09:59", "elapsed": 33.222589, "delta": 1.254749}}
{"target": -3.5384123536541945, "params": {"neurons": 67.58092034986427}, "datetime": {"datetime": "2023-05-07 13:10:00", "elapsed": 34.553923, "delta": 1.331334}}
{"target": -1.6803397849409558, "params": {"neurons": 66.64598995861343}, "datetime": {"datetime": "2023-05-07 13:10:02", "elapsed": 35.931848, "delta": 1.377925}}
{"target": -2.9145627794518214, "params": {"neurons": 69.16973093305333}, "datetime": {"datetime": "2023-05-07 13:10:03", "elapsed": 37.281149, "delta": 1.349301}}
{"target": -2.0799722131542104, "params": {"neurons": 46.903833316538304}, "datetime": {"datetime": "2023-05-07 13:10:04", "elapsed": 38.531309, "delta": 1.25016}}
{"target": -2.2940774475346464, "params": {"neurons": 50.42931360332587}, "datetime": {"datetime": "2023-05-07 13:10:06", "elapsed": 40.002129, "delta": 1.47082}}
{"target": -3.5384123536541945, "params": {"neurons": 67.01141696801452}, "datetime": {"datetime": "2023-05-07 13:10:07", "elapsed": 41.302738, "delta": 1.300609}}
{"target": -2.942109709093522, "params": {"neurons": 33.166948426996605}, "datetime": {"datetime": "2023-05-07 13:10:09", "elapsed": 42.747356, "delta": 1.444618}}
{"target": -2.22249597446367, "params": {"neurons": 51.44740474260026}, "datetime": {"datetime": "2023-05-07 13:10:10", "elapsed": 44.145878, "delta": 1.398522}}
{"target": -1.6803397849409558, "params": {"neurons": 66.95285388651672}, "datetime": {"datetime": "2023-05-07 13:10:12", "elapsed": 45.775515, "delta": 1.629637}}
{"target": -1.6803397849409558, "params": {"neurons": 66.61429900734566}, "datetime": {"datetime": "2023-05-07 13:10:13", "elapsed": 47.276057, "delta": 1.500542}}
{"target": -1.9047358076459515, "params": {"neurons": 54.478461331443604}, "datetime": {"datetime": "2023-05-07 13:10:15", "elapsed": 48.886216, "delta": 1.610159}}
{"target": -1.6803397849409558, "params": {"neurons": 66.6994647423586}, "datetime": {"datetime": "2023-05-07 13:10:16", "elapsed": 50.530599, "delta": 1.644383}}
{"target": -1.6803397849409558, "params": {"neurons": 66.76340032046535}, "datetime": {"datetime": "2023-05-07 13:10:18", "elapsed": 52.160897, "delta": 1.630298}}
{"target": -1.6803397849409558, "params": {"neurons": 66.82020698990026}, "datetime": {"datetime": "2023-05-07 13:10:20", "elapsed": 53.929099, "delta": 1.768202}}
{"target": -1.6803397849409558, "params": {"neurons": 66.87046167983077}, "datetime": {"datetime": "2023-05-07 13:10:22", "elapsed": 55.77171, "delta": 1.842611}}
{"target": -1.6803397849409558, "params": {"neurons": 66.53873323116457}, "datetime": {"datetime": "2023-05-07 13:10:23", "elapsed": 57.43412, "delta": 1.66241}}
{"target": -1.6803397849409558, "params": {"neurons": 66.46440377830696}, "datetime": {"datetime": "2023-05-07 13:10:25", "elapsed": 59.122417, "delta": 1.688297}}
{"target": -1.6803397849409558, "params": {"neurons": 66.4002006001938}, "datetime": {"datetime": "2023-05-07 13:10:27", "elapsed": 60.824636, "delta": 1.702219}}
{"target": -1.6803397849409558, "params": {"neurons": 66.33631816303414}, "datetime": {"datetime": "2023-05-07 13:10:28", "elapsed": 62.656295, "delta": 1.831659}}
{"target": -1.6803397849409558, "params": {"neurons": 66.25950693778616}, "datetime": {"datetime": "2023-05-07 13:10:30", "elapsed": 64.419628, "delta": 1.763333}}
{"target": -1.6803397849409558, "params": {"neurons": 66.18261675356204}, "datetime": {"datetime": "2023-05-07 13:10:32", "elapsed": 66.187784, "delta": 1.768156}}
{"target": -1.6803397849409558, "params": {"neurons": 66.10930850034808}, "datetime": {"datetime": "2023-05-07 13:10:34", "elapsed": 68.099744, "delta": 1.91196}}
{"target": -2.0799722131542104, "params": {"neurons": 46.80707483316631}, "datetime": {"datetime": "2023-05-07 13:10:36", "elapsed": 70.178432, "delta": 2.078688}}
{"target": -1.9047358076459515, "params": {"neurons": 54.331750927362016}, "datetime": {"datetime": "2023-05-07 13:10:38", "elapsed": 72.07211, "delta": 1.893678}}
{"target": -1.9047358076459515, "params": {"neurons": 54.24625290558701}, "datetime": {"datetime": "2023-05-07 13:10:40", "elapsed": 73.993016, "delta": 1.920906}}
{"target": -1.9047358076459515, "params": {"neurons": 54.15369562671929}, "datetime": {"datetime": "2023-05-07 13:10:42", "elapsed": 75.934225, "delta": 1.941209}}
{"target": -1.9047358076459515, "params": {"neurons": 54.06213605662866}, "datetime": {"datetime": "2023-05-07 13:10:44", "elapsed": 77.697332, "delta": 1.763107}}
{"target": -2.198326662515165, "params": {"neurons": 53.968078350665216}, "datetime": {"datetime": "2023-05-07 13:10:45", "elapsed": 79.423352, "delta": 1.72602}}
{"target": -1.9047358076459515, "params": {"neurons": 54.58383338078497}, "datetime": {"datetime": "2023-05-07 13:10:47", "elapsed": 81.13777, "delta": 1.714418}}
{"target": -1.9047358076459515, "params": {"neurons": 54.67687555163301}, "datetime": {"datetime": "2023-05-07 13:10:49", "elapsed": 82.755139, "delta": 1.617369}}
{"target": -1.9047358076459515, "params": {"neurons": 54.77346915285666}, "datetime": {"datetime": "2023-05-07 13:10:50", "elapsed": 84.445634, "delta": 1.690495}}
{"target": -1.9047358076459515, "params": {"neurons": 54.86339067056962}, "datetime": {"datetime": "2023-05-07 13:10:52", "elapsed": 86.280321, "delta": 1.834687}}
{"target": -1.9047358076459515, "params": {"neurons": 54.95500043087117}, "datetime": {"datetime": "2023-05-07 13:10:54", "elapsed": 87.999674, "delta": 1.719353}}
{"target": -2.0799722131542104, "params": {"neurons": 46.2985098108045}, "datetime": {"datetime": "2023-05-07 13:10:56", "elapsed": 89.742441, "delta": 1.742767}}
{"target": -2.090712405323222, "params": {"neurons": 64.5458552440725}, "datetime": {"datetime": "2023-05-07 13:10:57", "elapsed": 91.662529, "delta": 1.920088}}
{"target": -2.0799722131542104, "params": {"neurons": 46.4160993252401}, "datetime": {"datetime": "2023-05-07 13:10:59", "elapsed": 93.62565, "delta": 1.963121}}
{"target": -2.0799722131542104, "params": {"neurons": 46.53300789011452}, "datetime": {"datetime": "2023-05-07 13:11:01", "elapsed": 95.430961, "delta": 1.805311}}
{"target": -2.0799722131542104, "params": {"neurons": 46.66320614700279}, "datetime": {"datetime": "2023-05-07 13:11:03", "elapsed": 97.236857, "delta": 1.805896}}
{"target": -2.0799722131542104, "params": {"neurons": 46.06939940410778}, "datetime": {"datetime": "2023-05-07 13:11:05", "elapsed": 99.1668, "delta": 1.929943}}
{"target": -2.420943595891747, "params": {"neurons": 45.94767376259995}, "datetime": {"datetime": "2023-05-07 13:11:07", "elapsed": 101.067765, "delta": 1.900965}}
{"target": -2.1149550867537688, "params": {"neurons": 38.17680454919578}, "datetime": {"datetime": "2023-05-07 13:11:09", "elapsed": 103.007397, "delta": 1.939632}}
{"target": -2.0326524862014255, "params": {"neurons": 47.019105455566695}, "datetime": {"datetime": "2023-05-07 13:11:11", "elapsed": 104.951248, "delta": 1.943851}}
{"target": -2.0326524862014255, "params": {"neurons": 47.12790556891201}, "datetime": {"datetime": "2023-05-07 13:11:13", "elapsed": 106.820044, "delta": 1.868796}}
{"target": -2.0326524862014255, "params": {"neurons": 47.23691369953105}, "datetime": {"datetime": "2023-05-07 13:11:14", "elapsed": 108.650786, "delta": 1.830742}}
{"target": -2.0326524862014255, "params": {"neurons": 47.3419434330357}, "datetime": {"datetime": "2023-05-07 13:11:16", "elapsed": 110.479523, "delta": 1.828737}}
{"target": -2.0326524862014255, "params": {"neurons": 47.450382906301115}, "datetime": {"datetime": "2023-05-07 13:11:18", "elapsed": 112.353708, "delta": 1.874185}}
{"target": -2.0326524862014255, "params": {"neurons": 47.561145933339105}, "datetime": {"datetime": "2023-05-07 13:11:20", "elapsed": 114.449485, "delta": 2.095777}}
{"target": -2.0326524862014255, "params": {"neurons": 47.667655463451496}, "datetime": {"datetime": "2023-05-07 13:11:22", "elapsed": 116.51192, "delta": 2.062435}}
{"target": -2.0326524862014255, "params": {"neurons": 47.76654709920168}, "datetime": {"datetime": "2023-05-07 13:11:24", "elapsed": 118.554412, "delta": 2.042492}}
{"target": -2.0326524862014255, "params": {"neurons": 47.876307547469494}, "datetime": {"datetime": "2023-05-07 13:11:26", "elapsed": 120.464183, "delta": 1.909771}}
{"target": -2.0326524862014255, "params": {"neurons": 47.9926332338731}, "datetime": {"datetime": "2023-05-07 13:11:28", "elapsed": 122.410419, "delta": 1.946236}}
{"target": -2.7145306173181103, "params": {"neurons": 48.091028609362105}, "datetime": {"datetime": "2023-05-07 13:11:30", "elapsed": 124.245267, "delta": 1.834848}}
{"target": -2.090712405323222, "params": {"neurons": 64.76972169303379}, "datetime": {"datetime": "2023-05-07 13:11:32", "elapsed": 126.194184, "delta": 1.948917}}
{"target": -2.090712405323222, "params": {"neurons": 64.8832321097954}, "datetime": {"datetime": "2023-05-07 13:11:34", "elapsed": 128.17698, "delta": 1.982796}}
{"target": -2.090712405323222, "params": {"neurons": 64.43405834948432}, "datetime": {"datetime": "2023-05-07 13:11:36", "elapsed": 130.536514, "delta": 2.359534}}
{"target": -2.090712405323222, "params": {"neurons": 64.99734102684727}, "datetime": {"datetime": "2023-05-07 13:11:39", "elapsed": 132.877608, "delta": 2.341094}}
{"target": -3.6715833211270557, "params": {"neurons": 65.10685239563574}, "datetime": {"datetime": "2023-05-07 13:11:41", "elapsed": 134.951163, "delta": 2.073555}}
{"target": -2.090712405323222, "params": {"neurons": 64.31794421724291}, "datetime": {"datetime": "2023-05-07 13:11:43", "elapsed": 137.325032, "delta": 2.373869}}
{"target": -2.090712405323222, "params": {"neurons": 64.20559343610472}, "datetime": {"datetime": "2023-05-07 13:11:45", "elapsed": 139.390233, "delta": 2.065201}}
{"target": -2.090712405323222, "params": {"neurons": 64.09774576810139}, "datetime": {"datetime": "2023-05-07 13:11:47", "elapsed": 141.518025, "delta": 2.127792}}
{"target": -2.4250102911261955, "params": {"neurons": 63.98104512311049}, "datetime": {"datetime": "2023-05-07 13:11:50", "elapsed": 143.822443, "delta": 2.304418}}
{"target": -2.1149550867537688, "params": {"neurons": 38.410151437132065}, "datetime": {"datetime": "2023-05-07 13:11:52", "elapsed": 145.889886, "delta": 2.067443}}
{"target": -2.1149550867537688, "params": {"neurons": 38.52438701888868}, "datetime": {"datetime": "2023-05-07 13:11:54", "elapsed": 147.92799, "delta": 2.038104}}
{"target": -2.1149550867537688, "params": {"neurons": 38.06549714322113}, "datetime": {"datetime": "2023-05-07 13:11:56", "elapsed": 149.913114, "delta": 1.985124}}
{"target": -2.1149550867537688, "params": {"neurons": 38.6369831527049}, "datetime": {"datetime": "2023-05-07 13:11:58", "elapsed": 151.912533, "delta": 1.999419}}
{"target": -1.6803397849409558, "params": {"neurons": 66.04260759586538}, "datetime": {"datetime": "2023-05-07 13:12:00", "elapsed": 154.473369, "delta": 2.560836}}
{"target": -2.1149550867537688, "params": {"neurons": 38.75037994180754}, "datetime": {"datetime": "2023-05-07 13:12:03", "elapsed": 156.706734, "delta": 2.233365}}
{"target": -2.1149550867537688, "params": {"neurons": 38.86267356379775}, "datetime": {"datetime": "2023-05-07 13:12:04", "elapsed": 158.657922, "delta": 1.951188}}
{"target": -2.1149550867537688, "params": {"neurons": 38.977061260476574}, "datetime": {"datetime": "2023-05-07 13:12:06", "elapsed": 160.600422, "delta": 1.9425}}
{"target": -2.7191052133939797, "params": {"neurons": 39.08864131339928}, "datetime": {"datetime": "2023-05-07 13:12:09", "elapsed": 162.788432, "delta": 2.18801}}
{"target": -2.6891140645226623, "params": {"neurons": 37.95076178718056}, "datetime": {"datetime": "2023-05-07 13:12:11", "elapsed": 164.99804, "delta": 2.209608}}
{"target": -2.198326662515165, "params": {"neurons": 53.80589397251023}, "datetime": {"datetime": "2023-05-07 13:12:13", "elapsed": 167.250626, "delta": 2.252586}}
{"target": -2.198326662515165, "params": {"neurons": 53.54536762609276}, "datetime": {"datetime": "2023-05-07 13:12:15", "elapsed": 169.518194, "delta": 2.267568}}
{"target": -2.198326662515165, "params": {"neurons": 53.41856405533333}, "datetime": {"datetime": "2023-05-07 13:12:18", "elapsed": 171.951935, "delta": 2.433741}}
{"target": -2.198326662515165, "params": {"neurons": 53.29259668210646}, "datetime": {"datetime": "2023-05-07 13:12:20", "elapsed": 174.206107, "delta": 2.254172}}
{"target": -2.198326662515165, "params": {"neurons": 53.16657171079977}, "datetime": {"datetime": "2023-05-07 13:12:22", "elapsed": 176.511609, "delta": 2.305502}}
{"target": -2.198326662515165, "params": {"neurons": 53.028649025906454}, "datetime": {"datetime": "2023-05-07 13:12:25", "elapsed": 178.846312, "delta": 2.334703}}
{"target": -2.4018322290640812, "params": {"neurons": 52.90155959638913}, "datetime": {"datetime": "2023-05-07 13:12:27", "elapsed": 180.992949, "delta": 2.146637}}
{"target": -2.4018322290640812, "params": {"neurons": 52.040921922289535}, "datetime": {"datetime": "2023-05-07 13:12:29", "elapsed": 183.461031, "delta": 2.468082}}
{"target": -2.22249597446367, "params": {"neurons": 51.78088718446069}, "datetime": {"datetime": "2023-05-07 13:12:32", "elapsed": 185.904271, "delta": 2.44324}}
{"target": -2.22249597446367, "params": {"neurons": 51.64757023141631}, "datetime": {"datetime": "2023-05-07 13:12:34", "elapsed": 188.43133, "delta": 2.527059}}
{"target": -2.22249597446367, "params": {"neurons": 51.31399432160065}, "datetime": {"datetime": "2023-05-07 13:12:37", "elapsed": 190.886064, "delta": 2.454734}}
{"target": -2.22249597446367, "params": {"neurons": 51.18148469642501}, "datetime": {"datetime": "2023-05-07 13:12:39", "elapsed": 193.397525, "delta": 2.511461}}
{"target": -2.22249597446367, "params": {"neurons": 51.0527843262691}, "datetime": {"datetime": "2023-05-07 13:12:42", "elapsed": 195.954741, "delta": 2.557216}}
{"target": -2.2940774475346464, "params": {"neurons": 50.91879139021614}, "datetime": {"datetime": "2023-05-07 13:12:44", "elapsed": 198.023964, "delta": 2.069223}}
{"target": -2.245337833486163, "params": {"neurons": 49.685636360907836}, "datetime": {"datetime": "2023-05-07 13:12:46", "elapsed": 200.465086, "delta": 2.441122}}
{"target": -2.245337833486163, "params": {"neurons": 49.82212157692568}, "datetime": {"datetime": "2023-05-07 13:12:49", "elapsed": 203.111474, "delta": 2.646388}}
{"target": -2.245337833486163, "params": {"neurons": 49.41269724194059}, "datetime": {"datetime": "2023-05-07 13:12:51", "elapsed": 205.426419, "delta": 2.314945}}
{"target": -2.245337833486163, "params": {"neurons": 49.27718172680013}, "datetime": {"datetime": "2023-05-07 13:12:54", "elapsed": 207.924657, "delta": 2.498238}}
{"target": -2.245337833486163, "params": {"neurons": 49.95790863661677}, "datetime": {"datetime": "2023-05-07 13:12:56", "elapsed": 210.24553, "delta": 2.320873}}
{"target": -2.2940774475346464, "params": {"neurons": 50.09220286517918}, "datetime": {"datetime": "2023-05-07 13:12:58", "elapsed": 212.544374, "delta": 2.298844}}
{"target": -2.245337833486163, "params": {"neurons": 49.13962416676964}, "datetime": {"datetime": "2023-05-07 13:13:01", "elapsed": 215.157623, "delta": 2.613249}}
{"target": -2.2497638718740833, "params": {"neurons": 68.28948493540682}, "datetime": {"datetime": "2023-05-07 13:13:03", "elapsed": 217.576645, "delta": 2.419022}}
{"target": -2.2497638718740833, "params": {"neurons": 68.55737306533742}, "datetime": {"datetime": "2023-05-07 13:13:06", "elapsed": 220.071363, "delta": 2.494718}}
{"target": -2.2497638718740833, "params": {"neurons": 68.15411930641973}, "datetime": {"datetime": "2023-05-07 13:13:09", "elapsed": 222.967056, "delta": 2.895693}}
{"target": -2.2497638718740833, "params": {"neurons": 68.01918704469063}, "datetime": {"datetime": "2023-05-07 13:13:12", "elapsed": 225.69899, "delta": 2.731934}}
{"target": -2.2497638718740833, "params": {"neurons": 68.69288458623168}, "datetime": {"datetime": "2023-05-07 13:13:14", "elapsed": 228.281287, "delta": 2.582297}}
{"target": -2.2497638718740833, "params": {"neurons": 68.82806829615151}, "datetime": {"datetime": "2023-05-07 13:13:17", "elapsed": 230.895785, "delta": 2.614498}}
{"target": -2.0799722131542104, "params": {"neurons": 46.736322866378146}, "datetime": {"datetime": "2023-05-07 13:13:19", "elapsed": 233.656091, "delta": 2.760306}}
{"target": -3.5384123536541945, "params": {"neurons": 67.87768689149729}, "datetime": {"datetime": "2023-05-07 13:13:22", "elapsed": 236.223837, "delta": 2.567746}}
{"target": -2.2940774475346464, "params": {"neurons": 50.261753937491946}, "datetime": {"datetime": "2023-05-07 13:13:25", "elapsed": 239.21495, "delta": 2.991113}}
{"target": -2.2940774475346464, "params": {"neurons": 50.602221095136635}, "datetime": {"datetime": "2023-05-07 13:13:28", "elapsed": 242.306054, "delta": 3.091104}}
{"target": -2.2940774475346464, "params": {"neurons": 50.75910292923443}, "datetime": {"datetime": "2023-05-07 13:13:31", "elapsed": 245.372114, "delta": 3.06606}}
