{"target": -2.811887418369642, "params": {"neurons": 27.126606321454656}, "datetime": {"datetime": "2023-05-07 13:21:46", "elapsed": 739.72123, "delta": 6.151887}}
{"target": -2.9163106415045617, "params": {"neurons": 32.23576266837938}, "datetime": {"datetime": "2023-05-07 13:21:51", "elapsed": 745.126869, "delta": 5.405639}}
{"target": -2.727368555632842, "params": {"neurons": 29.552258399165414}, "datetime": {"datetime": "2023-05-07 13:21:56", "elapsed": 750.33437, "delta": 5.207501}}
{"target": -4.0206652126102185, "params": {"neurons": 10.361276069270303}, "datetime": {"datetime": "2023-05-07 13:22:01", "elapsed": 755.352534, "delta": 5.018164}}
{"target": -2.8939653464728856, "params": {"neurons": 30.124350452392214}, "datetime": {"datetime": "2023-05-07 13:22:07", "elapsed": 761.147595, "delta": 5.795061}}
{"target": -2.5219033811470064, "params": {"neurons": 60.17164121198027}, "datetime": {"datetime": "2023-05-07 13:22:13", "elapsed": 767.562674, "delta": 6.415079}}
{"target": -4.438949916447088, "params": {"neurons": 9.583252767654022}, "datetime": {"datetime": "2023-05-07 13:22:18", "elapsed": 772.482392, "delta": 4.919718}}
{"target": -2.6891140645226623, "params": {"neurons": 37.664215205376}, "datetime": {"datetime": "2023-05-07 13:22:24", "elapsed": 777.935651, "delta": 5.453259}}
{"target": -2.811887418369642, "params": {"neurons": 27.719879683163587}, "datetime": {"datetime": "2023-05-07 13:22:29", "elapsed": 783.638318, "delta": 5.702667}}
{"target": -2.9163106415045617, "params": {"neurons": 32.85931020265633}, "datetime": {"datetime": "2023-05-07 13:22:34", "elapsed": 788.062762, "delta": 4.424444}}
{"target": -3.8630467460826763, "params": {"neurons": 62.90636123988102}, "datetime": {"datetime": "2023-05-07 13:22:40", "elapsed": 793.777524, "delta": 5.714762}}
{"target": -3.0805230084371527, "params": {"neurons": 28.99711858956042}, "datetime": {"datetime": "2023-05-07 13:22:46", "elapsed": 799.770887, "delta": 5.993363}}
{"target": -2.6260001355037548, "params": {"neurons": 44.13389424814907}, "datetime": {"datetime": "2023-05-07 13:22:51", "elapsed": 804.87668, "delta": 5.105793}}
{"target": -2.6260001355037548, "params": {"neurons": 44.58709875513393}, "datetime": {"datetime": "2023-05-07 13:22:56", "elapsed": 809.770629, "delta": 4.893949}}
{"target": -3.0805230084371527, "params": {"neurons": 28.363141569092132}, "datetime": {"datetime": "2023-05-07 13:23:01", "elapsed": 815.508658, "delta": 5.738029}}
{"target": -2.6204867041224134, "params": {"neurons": 43.69819833796116}, "datetime": {"datetime": "2023-05-07 13:23:07", "elapsed": 821.171552, "delta": 5.662894}}
{"target": -2.6204867041224134, "params": {"neurons": 43.27383791003811}, "datetime": {"datetime": "2023-05-07 13:23:13", "elapsed": 827.269303, "delta": 6.097751}}
{"target": -2.942109709093522, "params": {"neurons": 33.442996544029896}, "datetime": {"datetime": "2023-05-07 13:23:19", "elapsed": 833.185387, "delta": 5.916084}}
{"target": -3.0211587616352955, "params": {"neurons": 20.45696372329474}, "datetime": {"datetime": "2023-05-07 13:23:25", "elapsed": 838.773248, "delta": 5.587861}}
{"target": -2.478633779836776, "params": {"neurons": 36.30900224446954}, "datetime": {"datetime": "2023-05-07 13:23:30", "elapsed": 844.080443, "delta": 5.307195}}
{"target": -2.3977507072003794, "params": {"neurons": 35.77471144918472}, "datetime": {"datetime": "2023-05-07 13:23:35", "elapsed": 849.650207, "delta": 5.569764}}
{"target": -3.1899958753228406, "params": {"neurons": 19.901326090328585}, "datetime": {"datetime": "2023-05-07 13:23:42", "elapsed": 856.105199, "delta": 6.454992}}
{"target": -4.17351498626469, "params": {"neurons": 59.49304552470139}, "datetime": {"datetime": "2023-05-07 13:23:48", "elapsed": 862.182788, "delta": 6.077589}}
{"target": -2.6468457544172357, "params": {"neurons": 31.403327913441146}, "datetime": {"datetime": "2023-05-07 13:23:55", "elapsed": 869.161674, "delta": 6.978886}}
{"target": -2.4250102911261955, "params": {"neurons": 63.18110360363607}, "datetime": {"datetime": "2023-05-07 13:24:02", "elapsed": 876.022073, "delta": 6.860399}}
{"target": -2.6468457544172357, "params": {"neurons": 31.784158964694207}, "datetime": {"datetime": "2023-05-07 13:24:08", "elapsed": 881.838896, "delta": 5.816823}}
{"target": -2.537141281934139, "params": {"neurons": 57.342344385688115}, "datetime": {"datetime": "2023-05-07 13:24:13", "elapsed": 886.84277, "delta": 5.003874}}
{"target": -2.942109709093522, "params": {"neurons": 33.934334346987484}, "datetime": {"datetime": "2023-05-07 13:24:19", "elapsed": 893.558287, "delta": 6.715517}}
{"target": -2.537141281934139, "params": {"neurons": 57.662475042885745}, "datetime": {"datetime": "2023-05-07 13:24:26", "elapsed": 899.883005, "delta": 6.324718}}
{"target": -3.5926399103598947, "params": {"neurons": 12.7887568698346}, "datetime": {"datetime": "2023-05-07 13:24:32", "elapsed": 905.927288, "delta": 6.044283}}
{"target": -3.8630467460826763, "params": {"neurons": 62.30967124941444}, "datetime": {"datetime": "2023-05-07 13:24:39", "elapsed": 912.939893, "delta": 7.012605}}
{"target": -2.5219033811470064, "params": {"neurons": 60.78107275383838}, "datetime": {"datetime": "2023-05-07 13:24:46", "elapsed": 920.159797, "delta": 7.219904}}
{"target": -2.3977507072003794, "params": {"neurons": 35.516236495417715}, "datetime": {"datetime": "2023-05-07 13:24:51", "elapsed": 925.292934, "delta": 5.133137}}
{"target": -2.4018322290640812, "params": {"neurons": 52.176212918055896}, "datetime": {"datetime": "2023-05-07 13:24:57", "elapsed": 931.602107, "delta": 6.309173}}
{"target": -3.5926399103598947, "params": {"neurons": 12.225715777033598}, "datetime": {"datetime": "2023-05-07 13:25:04", "elapsed": 938.236152, "delta": 6.634045}}
{"target": -3.7086871093796137, "params": {"neurons": 13.368916999263009}, "datetime": {"datetime": "2023-05-07 13:25:10", "elapsed": 944.463432, "delta": 6.22728}}
{"target": -3.7086871093796137, "params": {"neurons": 13.944094126957182}, "datetime": {"datetime": "2023-05-07 13:25:17", "elapsed": 951.255384, "delta": 6.791952}}
{"target": -2.8328823797182894, "params": {"neurons": 24.962608949515673}, "datetime": {"datetime": "2023-05-07 13:25:23", "elapsed": 957.219469, "delta": 5.964085}}
{"target": -2.6371605513377587, "params": {"neurons": 25.317145202402713}, "datetime": {"datetime": "2023-05-07 13:25:29", "elapsed": 963.072768, "delta": 5.853299}}
{"target": -2.478633779836776, "params": {"neurons": 36.60034062854331}, "datetime": {"datetime": "2023-05-07 13:25:36", "elapsed": 970.068024, "delta": 6.995256}}
{"target": -3.9356803589947615, "params": {"neurons": 11.62688550082039}, "datetime": {"datetime": "2023-05-07 13:25:43", "elapsed": 977.641418, "delta": 7.573394}}
{"target": -3.9356803589947615, "params": {"neurons": 11.02375425275918}, "datetime": {"datetime": "2023-05-07 13:25:51", "elapsed": 985.463378, "delta": 7.82196}}
{"target": -2.4250102911261955, "params": {"neurons": 63.43398098022877}, "datetime": {"datetime": "2023-05-07 13:25:58", "elapsed": 991.849199, "delta": 6.385821}}
{"target": -2.4844864264742053, "params": {"neurons": 34.464624568645974}, "datetime": {"datetime": "2023-05-07 13:26:04", "elapsed": 998.529941, "delta": 6.680742}}
{"target": -2.6371605513377587, "params": {"neurons": 25.988187094493064}, "datetime": {"datetime": "2023-05-07 13:26:11", "elapsed": 1005.053966, "delta": 6.524025}}
{"target": -2.6816249378151964, "params": {"neurons": 40.4342281525271}, "datetime": {"datetime": "2023-05-07 13:26:19", "elapsed": 1013.590059, "delta": 8.536093}}
{"target": -2.6816249378151964, "params": {"neurons": 40.78867875245496}, "datetime": {"datetime": "2023-05-07 13:26:27", "elapsed": 1021.055931, "delta": 7.465872}}
{"target": -2.8939653464728856, "params": {"neurons": 30.634454164261196}, "datetime": {"datetime": "2023-05-07 13:26:34", "elapsed": 1027.699123, "delta": 6.643192}}
{"target": -2.8196253240372355, "params": {"neurons": 56.69830114339358}, "datetime": {"datetime": "2023-05-07 13:26:40", "elapsed": 1034.690649, "delta": 6.991526}}
{"target": -2.4844864264742053, "params": {"neurons": 34.73802166434112}, "datetime": {"datetime": "2023-05-07 13:26:48", "elapsed": 1042.024893, "delta": 7.334244}}
{"target": -2.6371605513377587, "params": {"neurons": 25.652339942072494}, "datetime": {"datetime": "2023-05-07 13:26:54", "elapsed": 1048.141645, "delta": 6.116752}}
{"target": -2.6468457544172357, "params": {"neurons": 31.039450965244203}, "datetime": {"datetime": "2023-05-07 13:27:01", "elapsed": 1055.516316, "delta": 7.374671}}
{"target": -2.8328823797182894, "params": {"neurons": 24.557148293169128}, "datetime": {"datetime": "2023-05-07 13:27:08", "elapsed": 1062.063466, "delta": 6.54715}}
{"target": -2.7145306173181103, "params": {"neurons": 48.64000028918582}, "datetime": {"datetime": "2023-05-07 13:27:15", "elapsed": 1068.8176, "delta": 6.754134}}
{"target": -2.7145306173181103, "params": {"neurons": 48.29150838611092}, "datetime": {"datetime": "2023-05-07 13:27:21", "elapsed": 1075.380139, "delta": 6.562539}}
{"target": -2.478633779836776, "params": {"neurons": 36.028928119080035}, "datetime": {"datetime": "2023-05-07 13:27:28", "elapsed": 1081.910313, "delta": 6.530174}}
{"target": -2.711842793953933, "params": {"neurons": 26.333013907248265}, "datetime": {"datetime": "2023-05-07 13:27:35", "elapsed": 1089.061189, "delta": 7.150876}}
{"target": -2.917390142921489, "params": {"neurons": 23.770663461111937}, "datetime": {"datetime": "2023-05-07 13:27:42", "elapsed": 1096.055378, "delta": 6.994189}}
{"target": -2.8328823797182894, "params": {"neurons": 24.17111009639583}, "datetime": {"datetime": "2023-05-07 13:27:49", "elapsed": 1103.034776, "delta": 6.979398}}
{"target": -2.9145627794518214, "params": {"neurons": 69.3716394388318}, "datetime": {"datetime": "2023-05-07 13:27:56", "elapsed": 1109.744721, "delta": 6.709945}}
{"target": -2.917390142921489, "params": {"neurons": 23.371914807620676}, "datetime": {"datetime": "2023-05-07 13:28:03", "elapsed": 1117.104849, "delta": 7.360128}}
{"target": -2.22249597446367, "params": {"neurons": 51.54580278402658}, "datetime": {"datetime": "2023-05-07 13:28:11", "elapsed": 1125.327944, "delta": 8.223095}}
{"target": -2.711842793953933, "params": {"neurons": 26.67445837083548}, "datetime": {"datetime": "2023-05-07 13:28:19", "elapsed": 1132.74022, "delta": 7.412276}}
{"target": -3.038779112546211, "params": {"neurons": 22.984630159731328}, "datetime": {"datetime": "2023-05-07 13:28:26", "elapsed": 1140.40521, "delta": 7.66499}}
{"target": -3.5384123536541945, "params": {"neurons": 67.34718942634194}, "datetime": {"datetime": "2023-05-07 13:28:34", "elapsed": 1148.662164, "delta": 8.256954}}
{"target": -2.9145627794518214, "params": {"neurons": 69.76157260344851}, "datetime": {"datetime": "2023-05-07 13:28:43", "elapsed": 1157.203251, "delta": 8.541087}}
{"target": -3.1983400732723943, "params": {"neurons": 18.964158877807872}, "datetime": {"datetime": "2023-05-07 13:28:52", "elapsed": 1165.783283, "delta": 8.580032}}
{"target": -2.478633779836776, "params": {"neurons": 36.86964469793796}, "datetime": {"datetime": "2023-05-07 13:28:59", "elapsed": 1173.472815, "delta": 7.689532}}
{"target": -3.1899958753228406, "params": {"neurons": 19.39647713012423}, "datetime": {"datetime": "2023-05-07 13:29:08", "elapsed": 1181.990994, "delta": 8.518179}}
{"target": -3.038779112546211, "params": {"neurons": 22.57371022530334}, "datetime": {"datetime": "2023-05-07 13:29:16", "elapsed": 1190.641967, "delta": 8.650973}}
{"target": -2.5219033811470064, "params": {"neurons": 60.495063290574514}, "datetime": {"datetime": "2023-05-07 13:29:27", "elapsed": 1200.788351, "delta": 10.146384}}
{"target": -3.1983400732723943, "params": {"neurons": 18.537677121524624}, "datetime": {"datetime": "2023-05-07 13:29:35", "elapsed": 1209.291103, "delta": 8.502752}}
{"target": -5.195002338994388, "params": {"neurons": 5.0}, "datetime": {"datetime": "2023-05-07 13:29:43", "elapsed": 1217.68458, "delta": 8.393477}}
{"target": -3.4671864294812362, "params": {"neurons": 16.69856816206933}, "datetime": {"datetime": "2023-05-07 13:29:52", "elapsed": 1225.847107, "delta": 8.162527}}
{"target": -3.4671864294812362, "params": {"neurons": 16.22356212590687}, "datetime": {"datetime": "2023-05-07 13:30:00", "elapsed": 1234.28363, "delta": 8.436523}}
{"target": -4.8983854841611265, "params": {"neurons": 7.1866232241706145}, "datetime": {"datetime": "2023-05-07 13:30:08", "elapsed": 1242.429058, "delta": 8.145428}}
{"target": -4.671787851000592, "params": {"neurons": 6.6269145811130965}, "datetime": {"datetime": "2023-05-07 13:30:15", "elapsed": 1249.600545, "delta": 7.171487}}
{"target": -2.8196253240372355, "params": {"neurons": 56.00127575123687}, "datetime": {"datetime": "2023-05-07 13:30:23", "elapsed": 1256.829686, "delta": 7.229141}}
{"target": -2.8196253240372355, "params": {"neurons": 56.34168213287037}, "datetime": {"datetime": "2023-05-07 13:30:29", "elapsed": 1263.466807, "delta": 6.637121}}
{"target": -3.1983400732723943, "params": {"neurons": 18.12411608522456}, "datetime": {"datetime": "2023-05-07 13:30:37", "elapsed": 1270.836367, "delta": 7.36956}}
{"target": -3.7825108624696724, "params": {"neurons": 17.15037709541716}, "datetime": {"datetime": "2023-05-07 13:30:44", "elapsed": 1278.613748, "delta": 7.777381}}
{"target": -3.038779112546211, "params": {"neurons": 22.185669386084292}, "datetime": {"datetime": "2023-05-07 13:30:52", "elapsed": 1286.629792, "delta": 8.016044}}
{"target": -2.537141281934139, "params": {"neurons": 57.048274157706594}, "datetime": {"datetime": "2023-05-07 13:31:01", "elapsed": 1295.086599, "delta": 8.456807}}
{"target": -3.348474876795004, "params": {"neurons": 21.341513344560784}, "datetime": {"datetime": "2023-05-07 13:31:10", "elapsed": 1303.696226, "delta": 8.609627}}
{"target": -3.7825108624696724, "params": {"neurons": 17.634991202029703}, "datetime": {"datetime": "2023-05-07 13:31:18", "elapsed": 1312.471069, "delta": 8.774843}}
{"target": -3.0211587616352955, "params": {"neurons": 20.919116816264097}, "datetime": {"datetime": "2023-05-07 13:31:25", "elapsed": 1319.633433, "delta": 7.162364}}
{"target": -3.348474876795004, "params": {"neurons": 21.768353609813893}, "datetime": {"datetime": "2023-05-07 13:31:34", "elapsed": 1327.834778, "delta": 8.201345}}
{"target": -2.7191052133939797, "params": {"neurons": 39.83199795477281}, "datetime": {"datetime": "2023-05-07 13:31:43", "elapsed": 1337.067792, "delta": 9.233014}}
{"target": -2.7191052133939797, "params": {"neurons": 39.25708995268591}, "datetime": {"datetime": "2023-05-07 13:31:50", "elapsed": 1344.182848, "delta": 7.115056}}
{"target": -2.7191052133939797, "params": {"neurons": 39.54579239621196}, "datetime": {"datetime": "2023-05-07 13:31:58", "elapsed": 1352.574885, "delta": 8.392037}}
{"target": -3.568258482131629, "params": {"neurons": 15.777078250581175}, "datetime": {"datetime": "2023-05-07 13:32:09", "elapsed": 1362.727219, "delta": 10.152334}}
{"target": -2.6816249378151964, "params": {"neurons": 40.128449841420185}, "datetime": {"datetime": "2023-05-07 13:32:17", "elapsed": 1371.359415, "delta": 8.632196}}
{"target": -2.727368555632842, "params": {"neurons": 29.405938152421548}, "datetime": {"datetime": "2023-05-07 13:32:26", "elapsed": 1380.386344, "delta": 9.026929}}
{"target": -2.9554183689044065, "params": {"neurons": 55.653367969288425}, "datetime": {"datetime": "2023-05-07 13:32:35", "elapsed": 1388.773538, "delta": 8.387194}}
{"target": -2.9554183689044065, "params": {"neurons": 55.315955966212215}, "datetime": {"datetime": "2023-05-07 13:32:45", "elapsed": 1398.777033, "delta": 10.003495}}
{"target": -2.727368555632842, "params": {"neurons": 29.696556245086796}, "datetime": {"datetime": "2023-05-07 13:32:53", "elapsed": 1406.848761, "delta": 8.071728}}
{"target": -2.811887418369642, "params": {"neurons": 27.27650985613276}, "datetime": {"datetime": "2023-05-07 13:33:03", "elapsed": 1417.142356, "delta": 10.293595}}
{"target": -3.568258482131629, "params": {"neurons": 15.337621390238109}, "datetime": {"datetime": "2023-05-07 13:33:11", "elapsed": 1425.370216, "delta": 8.22786}}
{"target": -2.811887418369642, "params": {"neurons": 27.87084887868026}, "datetime": {"datetime": "2023-05-07 13:33:20", "elapsed": 1434.289032, "delta": 8.918816}}
{"target": -2.420943595891747, "params": {"neurons": 45.30962391374509}, "datetime": {"datetime": "2023-05-07 13:33:29", "elapsed": 1442.823667, "delta": 8.534635}}
{"target": -2.4844864264742053, "params": {"neurons": 34.20369766844023}, "datetime": {"datetime": "2023-05-07 13:33:36", "elapsed": 1450.677847, "delta": 7.85418}}
{"target": -2.5219033811470064, "params": {"neurons": 60.04065343468665}, "datetime": {"datetime": "2023-05-07 13:33:47", "elapsed": 1460.805884, "delta": 10.128037}}
{"target": -2.711842793953933, "params": {"neurons": 26.981318673079233}, "datetime": {"datetime": "2023-05-07 13:33:55", "elapsed": 1469.111022, "delta": 8.305138}}
{"target": -5.195002338994388, "params": {"neurons": 5.533728726750596}, "datetime": {"datetime": "2023-05-07 13:34:04", "elapsed": 1478.160623, "delta": 9.049601}}
{"target": -2.9163106415045617, "params": {"neurons": 32.391384683497265}, "datetime": {"datetime": "2023-05-07 13:34:13", "elapsed": 1487.254993, "delta": 9.09437}}
{"target": -4.671787851000592, "params": {"neurons": 6.090765090955449}, "datetime": {"datetime": "2023-05-07 13:34:21", "elapsed": 1495.172303, "delta": 7.91731}}
{"target": -2.4250102911261955, "params": {"neurons": 63.862423283575495}, "datetime": {"datetime": "2023-05-07 13:34:29", "elapsed": 1503.244874, "delta": 8.072571}}
{"target": -3.8628078902857066, "params": {"neurons": 14.910635801443469}, "datetime": {"datetime": "2023-05-07 13:34:39", "elapsed": 1513.63582, "delta": 10.390946}}
{"target": -2.811887418369642, "params": {"neurons": 27.577225369471076}, "datetime": {"datetime": "2023-05-07 13:34:48", "elapsed": 1522.603794, "delta": 8.967974}}
{"target": -2.6891140645226623, "params": {"neurons": 37.53388079305308}, "datetime": {"datetime": "2023-05-07 13:34:57", "elapsed": 1530.93592, "delta": 8.332126}}
{"target": -2.8939653464728856, "params": {"neurons": 30.279102968774655}, "datetime": {"datetime": "2023-05-07 13:35:05", "elapsed": 1539.024009, "delta": 8.088089}}
{"target": -2.4018322290640812, "params": {"neurons": 52.41146610426507}, "datetime": {"datetime": "2023-05-07 13:35:13", "elapsed": 1547.441225, "delta": 8.417216}}
{"target": -2.727368555632842, "params": {"neurons": 29.975861882078817}, "datetime": {"datetime": "2023-05-07 13:35:23", "elapsed": 1557.472539, "delta": 10.031314}}
{"target": -2.6891140645226623, "params": {"neurons": 37.800700613183416}, "datetime": {"datetime": "2023-05-07 13:35:32", "elapsed": 1566.690982, "delta": 9.218443}}
{"target": -2.942109709093522, "params": {"neurons": 33.012370310164094}, "datetime": {"datetime": "2023-05-07 13:35:40", "elapsed": 1574.684105, "delta": 7.993123}}
{"target": -2.9163106415045617, "params": {"neurons": 32.70721892987436}, "datetime": {"datetime": "2023-05-07 13:35:50", "elapsed": 1584.15095, "delta": 9.466845}}
{"target": -3.8628078902857066, "params": {"neurons": 14.461585251096851}, "datetime": {"datetime": "2023-05-07 13:35:58", "elapsed": 1592.513375, "delta": 8.362425}}
{"target": -2.3977507072003794, "params": {"neurons": 35.280600896441854}, "datetime": {"datetime": "2023-05-07 13:36:07", "elapsed": 1601.326474, "delta": 8.813099}}
{"target": -2.420943595891747, "params": {"neurons": 45.525346113032256}, "datetime": {"datetime": "2023-05-07 13:36:14", "elapsed": 1608.627338, "delta": 7.300864}}
{"target": -2.6260001355037548, "params": {"neurons": 44.254757669090836}, "datetime": {"datetime": "2023-05-07 13:36:23", "elapsed": 1617.100403, "delta": 8.473065}}
{"target": -3.0805230084371527, "params": {"neurons": 28.838825371963356}, "datetime": {"datetime": "2023-05-07 13:36:31", "elapsed": 1625.366078, "delta": 8.265675}}
{"target": -2.9163106415045617, "params": {"neurons": 32.10041184491673}, "datetime": {"datetime": "2023-05-07 13:36:42", "elapsed": 1636.338109, "delta": 10.972031}}
{"target": -3.0805230084371527, "params": {"neurons": 28.52143469207781}, "datetime": {"datetime": "2023-05-07 13:36:52", "elapsed": 1646.452398, "delta": 10.114289}}
{"target": -2.6260001355037548, "params": {"neurons": 44.9249212505405}, "datetime": {"datetime": "2023-05-07 13:37:00", "elapsed": 1653.84805, "delta": 7.395652}}
{"target": -3.0805230084371527, "params": {"neurons": 28.20461869598958}, "datetime": {"datetime": "2023-05-07 13:37:08", "elapsed": 1662.226008, "delta": 8.377958}}
{"target": -2.2037272643647876, "params": {"neurons": 61.808384388836416}, "datetime": {"datetime": "2023-05-07 13:37:16", "elapsed": 1670.089809, "delta": 7.863801}}
{"target": -2.4018322290640812, "params": {"neurons": 52.79231498432473}, "datetime": {"datetime": "2023-05-07 13:37:25", "elapsed": 1679.433332, "delta": 9.343523}}
{"target": -2.2940774475346464, "params": {"neurons": 50.5163137941354}, "datetime": {"datetime": "2023-05-07 13:37:34", "elapsed": 1688.32668, "delta": 8.893348}}
{"target": -2.6204867041224134, "params": {"neurons": 43.156169536512294}, "datetime": {"datetime": "2023-05-07 13:37:42", "elapsed": 1696.188807, "delta": 7.862127}}
{"target": -2.9145627794518214, "params": {"neurons": 69.04864968922712}, "datetime": {"datetime": "2023-05-07 13:37:54", "elapsed": 1707.848762, "delta": 11.659955}}
{"target": -2.6260001355037548, "params": {"neurons": 44.69884071344798}, "datetime": {"datetime": "2023-05-07 13:38:03", "elapsed": 1716.916275, "delta": 9.067513}}
{"target": -2.6204867041224134, "params": {"neurons": 43.79864772281623}, "datetime": {"datetime": "2023-05-07 13:38:10", "elapsed": 1724.633445, "delta": 7.71717}}
