{"target": -2.9554183689044065, "params": {"neurons": 55.021741425188374}, "datetime": {"datetime": "2023-05-07 13:38:20", "elapsed": 1734.452734, "delta": 9.819289}}
{"target": -2.727368555632842, "params": {"neurons": 29.141908343126584}, "datetime": {"datetime": "2023-05-07 13:38:30", "elapsed": 1743.771801, "delta": 9.319067}}
{"target": -2.2940774475346464, "params": {"neurons": 50.180117505647516}, "datetime": {"datetime": "2023-05-07 13:38:39", "elapsed": 1753.29465, "delta": 9.522849}}
{"target": -1.6803397849409558, "params": {"neurons": 66.07203517922972}, "datetime": {"datetime": "2023-05-07 13:38:47", "elapsed": 1761.561447, "delta": 8.266797}}
{"target": -2.942109709093522, "params": {"neurons": 33.5836344699529}, "datetime": {"datetime": "2023-05-07 13:38:58", "elapsed": 1772.661227, "delta": 11.09978}}
{"target": -1.9047358076459515, "params": {"neurons": 54.91159607064585}, "datetime": {"datetime": "2023-05-07 13:39:09", "elapsed": 1783.296348, "delta": 10.635121}}
{"target": -2.942109709093522, "params": {"neurons": 33.309269454147014}, "datetime": {"datetime": "2023-05-07 13:39:18", "elapsed": 1792.507244, "delta": 9.210896}}
{"target": -2.090712405323222, "params": {"neurons": 64.94213915525992}, "datetime": {"datetime": "2023-05-07 13:39:28", "elapsed": 1802.484695, "delta": 9.977451}}
{"target": -2.7145306173181103, "params": {"neurons": 48.92485732023079}, "datetime": {"datetime": "2023-05-07 13:39:40", "elapsed": 1814.103207, "delta": 11.618512}}
{"target": -2.302928598789709, "params": {"neurons": 58.20413131854005}, "datetime": {"datetime": "2023-05-07 13:39:50", "elapsed": 1823.900452, "delta": 9.797245}}
{"target": -2.6891140645226623, "params": {"neurons": 37.28734183945689}, "datetime": {"datetime": "2023-05-07 13:40:00", "elapsed": 1833.923908, "delta": 10.023456}}
{"target": -2.0326524862014255, "params": {"neurons": 47.936512561266724}, "datetime": {"datetime": "2023-05-07 13:40:10", "elapsed": 1843.861632, "delta": 9.937724}}
{"target": -2.302928598789709, "params": {"neurons": 58.979671971299304}, "datetime": {"datetime": "2023-05-07 13:40:23", "elapsed": 1857.17491, "delta": 13.313278}}
{"target": -1.6803397849409558, "params": {"neurons": 66.29798918249973}, "datetime": {"datetime": "2023-05-07 13:40:35", "elapsed": 1868.874696, "delta": 11.699786}}
{"target": -3.0211587616352955, "params": {"neurons": 20.31337258765337}, "datetime": {"datetime": "2023-05-07 13:40:47", "elapsed": 1881.560422, "delta": 12.685726}}
{"target": -2.198326662515165, "params": {"neurons": 53.884524222243684}, "datetime": {"datetime": "2023-05-07 13:40:59", "elapsed": 1893.215715, "delta": 11.655293}}
{"target": -1.6803397849409558, "params": {"neurons": 66.50130006045845}, "datetime": {"datetime": "2023-05-07 13:41:11", "elapsed": 1904.874965, "delta": 11.65925}}
{"target": -2.4250102911261955, "params": {"neurons": 63.65861198979634}, "datetime": {"datetime": "2023-05-07 13:41:21", "elapsed": 1915.343615, "delta": 10.46865}}
{"target": -2.6260001355037548, "params": {"neurons": 44.4725338042091}, "datetime": {"datetime": "2023-05-07 13:41:33", "elapsed": 1927.573755, "delta": 12.23014}}
{"target": -3.0211587616352955, "params": {"neurons": 20.589546115409256}, "datetime": {"datetime": "2023-05-07 13:41:45", "elapsed": 1939.353052, "delta": 11.779297}}
{"target": -2.0724906475563807, "params": {"neurons": 42.06695256609598}, "datetime": {"datetime": "2023-05-07 13:41:59", "elapsed": 1953.040049, "delta": 13.686997}}
{"target": -1.6803397849409558, "params": {"neurons": 66.1462630930786}, "datetime": {"datetime": "2023-05-07 13:42:14", "elapsed": 1968.195381, "delta": 15.155332}}
{"target": -2.4018322290640812, "params": {"neurons": 52.60953861488166}, "datetime": {"datetime": "2023-05-07 13:42:25", "elapsed": 1979.514621, "delta": 11.31924}}
{"target": -2.2497638718740833, "params": {"neurons": 68.08117013169482}, "datetime": {"datetime": "2023-05-07 13:42:37", "elapsed": 1990.991872, "delta": 11.477251}}
{"target": -2.26388452915985, "params": {"neurons": 41.19208730757139}, "datetime": {"datetime": "2023-05-07 13:42:50", "elapsed": 2004.268742, "delta": 13.27687}}
{"target": -1.6803397849409558, "params": {"neurons": 66.21918662721288}, "datetime": {"datetime": "2023-05-07 13:43:03", "elapsed": 2016.821902, "delta": 12.55316}}
{"target": -2.26388452915985, "params": {"neurons": 41.77428074969552}, "datetime": {"datetime": "2023-05-07 13:43:15", "elapsed": 2029.303347, "delta": 12.481445}}
{"target": -2.2940774475346464, "params": {"neurons": 50.838182795943915}, "datetime": {"datetime": "2023-05-07 13:43:27", "elapsed": 2041.216252, "delta": 11.912905}}
{"target": -2.6204867041224134, "params": {"neurons": 43.38390568673774}, "datetime": {"datetime": "2023-05-07 13:43:39", "elapsed": 2053.258149, "delta": 12.041897}}
{"target": -1.6803397849409558, "params": {"neurons": 66.57861393182844}, "datetime": {"datetime": "2023-05-07 13:43:52", "elapsed": 2065.81398, "delta": 12.555831}}
{"target": -1.6803397849409558, "params": {"neurons": 66.73060857031712}, "datetime": {"datetime": "2023-05-07 13:44:02", "elapsed": 2076.671392, "delta": 10.857412}}
{"target": -1.6803397849409558, "params": {"neurons": 66.84759921409679}, "datetime": {"datetime": "2023-05-07 13:44:13", "elapsed": 2087.076892, "delta": 10.4055}}
{"target": -1.6803397849409558, "params": {"neurons": 66.43011179443586}, "datetime": {"datetime": "2023-05-07 13:44:25", "elapsed": 2099.521524, "delta": 12.444632}}
{"target": -2.6260001355037548, "params": {"neurons": 44.02846672575073}, "datetime": {"datetime": "2023-05-07 13:44:39", "elapsed": 2113.108768, "delta": 13.587244}}
{"target": -2.0799722131542104, "params": {"neurons": 46.595796541707315}, "datetime": {"datetime": "2023-05-07 13:44:51", "elapsed": 2125.155104, "delta": 12.046336}}
{"target": -2.198326662515165, "params": {"neurons": 53.09400441947324}, "datetime": {"datetime": "2023-05-07 13:45:02", "elapsed": 2136.421038, "delta": 11.265934}}
{"target": -2.2940774475346464, "params": {"neurons": 50.345441663577425}, "datetime": {"datetime": "2023-05-07 13:45:12", "elapsed": 2146.390551, "delta": 9.969513}}
{"target": -1.6803397849409558, "params": {"neurons": 66.36893580561434}, "datetime": {"datetime": "2023-05-07 13:45:25", "elapsed": 2159.367049, "delta": 12.976498}}
{"target": -1.9047358076459515, "params": {"neurons": 54.10666415165459}, "datetime": {"datetime": "2023-05-07 13:45:38", "elapsed": 2171.711017, "delta": 12.343968}}
{"target": -1.9047358076459515, "params": {"neurons": 54.533168274678744}, "datetime": {"datetime": "2023-05-07 13:45:52", "elapsed": 2185.727719, "delta": 14.016702}}
{"target": -2.0799722131542104, "params": {"neurons": 46.13073119280142}, "datetime": {"datetime": "2023-05-07 13:46:02", "elapsed": 2196.251948, "delta": 10.524229}}
{"target": -1.6803397849409558, "params": {"neurons": 66.79176103828034}, "datetime": {"datetime": "2023-05-07 13:46:15", "elapsed": 2209.427648, "delta": 13.1757}}
{"target": -2.302928598789709, "params": {"neurons": 58.66845080629275}, "datetime": {"datetime": "2023-05-07 13:46:24", "elapsed": 2218.578005, "delta": 9.150357}}
{"target": -1.6803397849409558, "params": {"neurons": 66.67149288335054}, "datetime": {"datetime": "2023-05-07 13:46:37", "elapsed": 2230.815744, "delta": 12.237739}}
{"target": -1.9047358076459515, "params": {"neurons": 54.37611030703752}, "datetime": {"datetime": "2023-05-07 13:46:52", "elapsed": 2245.76222, "delta": 14.946476}}
{"target": -1.6803397849409558, "params": {"neurons": 66.96264699097081}, "datetime": {"datetime": "2023-05-07 13:47:04", "elapsed": 2258.62844, "delta": 12.86622}}
{"target": -3.6715833211270557, "params": {"neurons": 65.69526335661668}, "datetime": {"datetime": "2023-05-07 13:47:17", "elapsed": 2271.597244, "delta": 12.968804}}
{"target": -3.6715833211270557, "params": {"neurons": 65.317125240062}, "datetime": {"datetime": "2023-05-07 13:47:31", "elapsed": 2285.200323, "delta": 13.603079}}
{"target": -4.625639105594787, "params": {"neurons": 8.986503703292604}, "datetime": {"datetime": "2023-05-07 13:47:40", "elapsed": 2294.453596, "delta": 9.253273}}
{"target": -4.625639105594787, "params": {"neurons": 8.555084022714583}, "datetime": {"datetime": "2023-05-07 13:47:53", "elapsed": 2307.468749, "delta": 13.015153}}
{"target": -2.6204867041224134, "params": {"neurons": 43.59209119270544}, "datetime": {"datetime": "2023-05-07 13:48:05", "elapsed": 2319.042119, "delta": 11.57337}}
{"target": -3.1899958753228406, "params": {"neurons": 19.75529349082899}, "datetime": {"datetime": "2023-05-07 13:48:17", "elapsed": 2331.470694, "delta": 12.428575}}
{"target": -3.0211587616352955, "params": {"neurons": 20.043372763753887}, "datetime": {"datetime": "2023-05-07 13:48:30", "elapsed": 2344.320514, "delta": 12.84982}}
{"target": -2.5219033811470064, "params": {"neurons": 60.27068985127992}, "datetime": {"datetime": "2023-05-07 13:48:43", "elapsed": 2357.029252, "delta": 12.708738}}
{"target": -2.420943595891747, "params": {"neurons": 45.11346282545796}, "datetime": {"datetime": "2023-05-07 13:48:56", "elapsed": 2370.291707, "delta": 13.262455}}
{"target": -4.0206652126102185, "params": {"neurons": 10.552719879482456}, "datetime": {"datetime": "2023-05-07 13:49:09", "elapsed": 2383.439282, "delta": 13.147575}}
{"target": -4.0206652126102185, "params": {"neurons": 10.184558930684524}, "datetime": {"datetime": "2023-05-07 13:49:23", "elapsed": 2397.476436, "delta": 14.037154}}
{"target": -4.625639105594787, "params": {"neurons": 8.129626458312789}, "datetime": {"datetime": "2023-05-07 13:49:37", "elapsed": 2411.122438, "delta": 13.646002}}
{"target": -4.8983854841611265, "params": {"neurons": 7.694611721210226}, "datetime": {"datetime": "2023-05-07 13:49:51", "elapsed": 2425.675115, "delta": 14.552677}}
{"target": -2.302928598789709, "params": {"neurons": 58.36565062701855}, "datetime": {"datetime": "2023-05-07 13:50:07", "elapsed": 2440.830572, "delta": 15.155457}}
{"target": -2.2037272643647876, "params": {"neurons": 61.40557291634972}, "datetime": {"datetime": "2023-05-07 13:50:18", "elapsed": 2452.144584, "delta": 11.314012}}
{"target": -1.6803397849409558, "params": {"neurons": 66.91670798049084}, "datetime": {"datetime": "2023-05-07 13:50:29", "elapsed": 2463.088571, "delta": 10.943987}}
{"target": -2.26388452915985, "params": {"neurons": 41.48668996673467}, "datetime": {"datetime": "2023-05-07 13:50:46", "elapsed": 2480.243513, "delta": 17.154942}}
{"target": -2.6468457544172357, "params": {"neurons": 31.879842208667007}, "datetime": {"datetime": "2023-05-07 13:50:59", "elapsed": 2493.599984, "delta": 13.356471}}
{"target": -2.2037272643647876, "params": {"neurons": 61.13965520698994}, "datetime": {"datetime": "2023-05-07 13:51:13", "elapsed": 2507.445402, "delta": 13.845418}}
{"target": -2.6468457544172357, "params": {"neurons": 31.306654844863886}, "datetime": {"datetime": "2023-05-07 13:51:29", "elapsed": 2523.630333, "delta": 16.184931}}
{"target": -2.2940774475346464, "params": {"neurons": 50.678967588745095}, "datetime": {"datetime": "2023-05-07 13:51:45", "elapsed": 2538.864226, "delta": 15.233893}}
{"target": -2.22249597446367, "params": {"neurons": 51.84525138296408}, "datetime": {"datetime": "2023-05-07 13:52:00", "elapsed": 2553.968212, "delta": 15.103986}}
{"target": -2.1149550867537688, "params": {"neurons": 38.91996239518619}, "datetime": {"datetime": "2023-05-07 13:52:15", "elapsed": 2568.711084, "delta": 14.742872}}
{"target": -2.0799722131542104, "params": {"neurons": 46.35852830503706}, "datetime": {"datetime": "2023-05-07 13:52:30", "elapsed": 2583.729848, "delta": 15.018764}}
{"target": -2.245337833486163, "params": {"neurons": 49.61619199283555}, "datetime": {"datetime": "2023-05-07 13:52:42", "elapsed": 2596.491348, "delta": 12.7615}}
{"target": -2.0326524862014255, "params": {"neurons": 47.50291458915634}, "datetime": {"datetime": "2023-05-07 13:52:57", "elapsed": 2611.522597, "delta": 15.031249}}
{"target": -2.0799722131542104, "params": {"neurons": 46.96588695298493}, "datetime": {"datetime": "2023-05-07 13:53:13", "elapsed": 2627.606329, "delta": 16.083732}}
{"target": -2.245337833486163, "params": {"neurons": 49.34420806627628}, "datetime": {"datetime": "2023-05-07 13:53:26", "elapsed": 2640.356193, "delta": 12.749864}}
{"target": -2.245337833486163, "params": {"neurons": 49.886200632636296}, "datetime": {"datetime": "2023-05-07 13:53:43", "elapsed": 2656.895235, "delta": 16.539042}}
{"target": -1.9047358076459515, "params": {"neurons": 54.72719723690721}, "datetime": {"datetime": "2023-05-07 13:53:56", "elapsed": 2670.13952, "delta": 13.244285}}
{"target": -2.090712405323222, "params": {"neurons": 64.37495839270987}, "datetime": {"datetime": "2023-05-07 13:54:09", "elapsed": 2683.35107, "delta": 13.21155}}
{"target": -2.2497638718740833, "params": {"neurons": 68.89152741833307}, "datetime": {"datetime": "2023-05-07 13:54:21", "elapsed": 2695.118292, "delta": 11.767222}}
{"target": -2.1149550867537688, "params": {"neurons": 38.11927744222916}, "datetime": {"datetime": "2023-05-07 13:54:36", "elapsed": 2710.264516, "delta": 15.146224}}
{"target": -2.22249597446367, "params": {"neurons": 51.24906858115372}, "datetime": {"datetime": "2023-05-07 13:54:52", "elapsed": 2726.582554, "delta": 16.318038}}
{"target": -2.2497638718740833, "params": {"neurons": 68.35813639502788}, "datetime": {"datetime": "2023-05-07 13:55:06", "elapsed": 2740.557457, "delta": 13.974903}}
{"target": -2.2037272643647876, "params": {"neurons": 61.673254947811444}, "datetime": {"datetime": "2023-05-07 13:55:22", "elapsed": 2756.125235, "delta": 15.567778}}
{"target": -2.0326524862014255, "params": {"neurons": 47.18338053120436}, "datetime": {"datetime": "2023-05-07 13:55:36", "elapsed": 2769.955801, "delta": 13.830566}}
{"target": -2.198326662515165, "params": {"neurons": 53.60888108869103}, "datetime": {"datetime": "2023-05-07 13:55:49", "elapsed": 2783.349221, "delta": 13.39342}}
{"target": -2.245337833486163, "params": {"neurons": 49.07568114320328}, "datetime": {"datetime": "2023-05-07 13:56:06", "elapsed": 2800.213419, "delta": 16.864198}}
{"target": -2.2497638718740833, "params": {"neurons": 68.62409385354925}, "datetime": {"datetime": "2023-05-07 13:56:21", "elapsed": 2815.252537, "delta": 15.039118}}
{"target": -2.6468457544172357, "params": {"neurons": 31.49656224566084}, "datetime": {"datetime": "2023-05-07 13:56:33", "elapsed": 2827.198405, "delta": 11.945868}}
{"target": -2.1149550867537688, "params": {"neurons": 38.35053107620347}, "datetime": {"datetime": "2023-05-07 13:56:47", "elapsed": 2841.000592, "delta": 13.802187}}
{"target": -2.090712405323222, "params": {"neurons": 64.71327479256843}, "datetime": {"datetime": "2023-05-07 13:57:01", "elapsed": 2855.324415, "delta": 14.323823}}
{"target": -2.420943595891747, "params": {"neurons": 45.864002920236345}, "datetime": {"datetime": "2023-05-07 13:57:22", "elapsed": 2876.182048, "delta": 20.857633}}
{"target": -2.090712405323222, "params": {"neurons": 64.15107640835778}, "datetime": {"datetime": "2023-05-07 13:57:38", "elapsed": 2891.977425, "delta": 15.795377}}
{"target": -2.0326524862014255, "params": {"neurons": 47.819773093877195}, "datetime": {"datetime": "2023-05-07 13:57:50", "elapsed": 2903.730069, "delta": 11.752644}}
{"target": -1.9047358076459515, "params": {"neurons": 54.202080732956574}, "datetime": {"datetime": "2023-05-07 13:58:05", "elapsed": 2918.793913, "delta": 15.063844}}
{"target": -2.302928598789709, "params": {"neurons": 58.518169361107304}, "datetime": {"datetime": "2023-05-07 13:58:20", "elapsed": 2934.130216, "delta": 15.336303}}
{"target": -2.198326662515165, "params": {"neurons": 53.354633969038446}, "datetime": {"datetime": "2023-05-07 13:58:33", "elapsed": 2947.665151, "delta": 13.534935}}
{"target": -2.6891140645226623, "params": {"neurons": 37.07284665451448}, "datetime": {"datetime": "2023-05-07 13:58:48", "elapsed": 2961.855188, "delta": 14.190037}}
{"target": -1.6803397849409558, "params": {"neurons": 66.01347251369893}, "datetime": {"datetime": "2023-05-07 13:59:03", "elapsed": 2977.044326, "delta": 15.189138}}
{"target": -2.8328823797182894, "params": {"neurons": 24.857148315726203}, "datetime": {"datetime": "2023-05-07 13:59:18", "elapsed": 2992.538965, "delta": 15.494639}}
{"target": -2.4844864264742053, "params": {"neurons": 34.958275010840325}, "datetime": {"datetime": "2023-05-07 13:59:34", "elapsed": 3007.972248, "delta": 15.433283}}
{"target": -2.1149550867537688, "params": {"neurons": 38.58013557348557}, "datetime": {"datetime": "2023-05-07 13:59:49", "elapsed": 3022.87668, "delta": 14.904432}}
{"target": -2.26388452915985, "params": {"neurons": 41.341144194826974}, "datetime": {"datetime": "2023-05-07 14:00:05", "elapsed": 3039.015419, "delta": 16.138739}}
{"target": -1.9047358076459515, "params": {"neurons": 54.819896393048175}, "datetime": {"datetime": "2023-05-07 14:00:22", "elapsed": 3056.349356, "delta": 17.333937}}
{"target": -1.6803397849409558, "params": {"neurons": 66.23713698051982}, "datetime": {"datetime": "2023-05-07 14:00:42", "elapsed": 3075.781169, "delta": 19.431813}}
{"target": -1.6803397849409558, "params": {"neurons": 66.02409171880737}, "datetime": {"datetime": "2023-05-07 14:00:55", "elapsed": 3088.79513, "delta": 13.013961}}
{"target": -1.6803397849409558, "params": {"neurons": 66.56074173801491}, "datetime": {"datetime": "2023-05-07 14:01:10", "elapsed": 3104.168949, "delta": 15.373819}}
{"target": -1.6803397849409558, "params": {"neurons": 66.8931613484727}, "datetime": {"datetime": "2023-05-07 14:01:25", "elapsed": 3119.419864, "delta": 15.250915}}
{"target": -2.0326524862014255, "params": {"neurons": 47.393318551606555}, "datetime": {"datetime": "2023-05-07 14:01:46", "elapsed": 3139.799989, "delta": 20.380125}}
{"target": -1.6803397849409558, "params": {"neurons": 66.31781335434607}, "datetime": {"datetime": "2023-05-07 14:02:01", "elapsed": 3155.543504, "delta": 15.743515}}
{"target": -1.6803397849409558, "params": {"neurons": 66.1295931060815}, "datetime": {"datetime": "2023-05-07 14:02:18", "elapsed": 3171.76966, "delta": 16.226156}}
{"target": -1.9047358076459515, "params": {"neurons": 54.63025867463077}, "datetime": {"datetime": "2023-05-07 14:02:35", "elapsed": 3189.500613, "delta": 17.730953}}
{"target": -1.6803397849409558, "params": {"neurons": 66.48282119135885}, "datetime": {"datetime": "2023-05-07 14:02:55", "elapsed": 3209.396466, "delta": 19.895853}}
{"target": -1.6803397849409558, "params": {"neurons": 66.93580822386855}, "datetime": {"datetime": "2023-05-07 14:03:14", "elapsed": 3228.109793, "delta": 18.713327}}
{"target": -1.6803397849409558, "params": {"neurons": 66.27786211494991}, "datetime": {"datetime": "2023-05-07 14:03:30", "elapsed": 3243.768734, "delta": 15.658941}}
{"target": -1.6803397849409558, "params": {"neurons": 66.19903065406143}, "datetime": {"datetime": "2023-05-07 14:03:52", "elapsed": 3266.63872, "delta": 22.869986}}
{"target": -1.6803397849409558, "params": {"neurons": 66.51920169095808}, "datetime": {"datetime": "2023-05-07 14:04:10", "elapsed": 3283.814905, "delta": 17.176185}}
{"target": -1.6803397849409558, "params": {"neurons": 66.7466772866189}, "datetime": {"datetime": "2023-05-07 14:04:26", "elapsed": 3300.261062, "delta": 16.446157}}
{"target": -1.6803397849409558, "params": {"neurons": 66.08875288335587}, "datetime": {"datetime": "2023-05-07 14:04:44", "elapsed": 3318.52763, "delta": 18.266568}}
{"target": -1.6803397849409558, "params": {"neurons": 66.59596112825889}, "datetime": {"datetime": "2023-05-07 14:05:03", "elapsed": 3336.888549, "delta": 18.360919}}
{"target": -1.6803397849409558, "params": {"neurons": 66.44686540742171}, "datetime": {"datetime": "2023-05-07 14:05:20", "elapsed": 3354.611649, "delta": 17.7231}}
{"target": -1.6803397849409558, "params": {"neurons": 66.38197073051376}, "datetime": {"datetime": "2023-05-07 14:05:37", "elapsed": 3370.701156, "delta": 16.089507}}
{"target": -1.6803397849409558, "params": {"neurons": 66.1680503902723}, "datetime": {"datetime": "2023-05-07 14:05:55", "elapsed": 3389.094457, "delta": 18.393301}}
{"target": -1.6803397849409558, "params": {"neurons": 66.71365887433302}, "datetime": {"datetime": "2023-05-07 14:06:11", "elapsed": 3404.9347, "delta": 15.840243}}
{"target": -1.6803397849409558, "params": {"neurons": 66.35294487988386}, "datetime": {"datetime": "2023-05-07 14:06:26", "elapsed": 3420.504257, "delta": 15.569557}}
{"target": -1.6803397849409558, "params": {"neurons": 66.80602052519515}, "datetime": {"datetime": "2023-05-07 14:06:45", "elapsed": 3439.295057, "delta": 18.7908}}
{"target": -1.6803397849409558, "params": {"neurons": 66.62685978795136}, "datetime": {"datetime": "2023-05-07 14:07:06", "elapsed": 3460.131238, "delta": 20.836181}}
{"target": -1.6803397849409558, "params": {"neurons": 66.05383865275189}, "datetime": {"datetime": "2023-05-07 14:07:23", "elapsed": 3477.010727, "delta": 16.879489}}
{"target": -1.6803397849409558, "params": {"neurons": 66.41444411471022}, "datetime": {"datetime": "2023-05-07 14:07:43", "elapsed": 3496.824338, "delta": 19.813611}}
{"target": -1.6803397849409558, "params": {"neurons": 66.83358257154592}, "datetime": {"datetime": "2023-05-07 14:08:03", "elapsed": 3517.592457, "delta": 20.768119}}
{"target": -1.6803397849409558, "params": {"neurons": 66.68965559973921}, "datetime": {"datetime": "2023-05-07 14:08:23", "elapsed": 3536.739039, "delta": 19.146582}}
