{"target": -4.8983854841611265, "params": {"neurons": 7.471350987261472}, "datetime": {"datetime": "2023-05-07 13:13:34", "elapsed": 248.077671, "delta": 2.705557}}
{"target": -2.5219033811470064, "params": {"neurons": 60.36269642171171}, "datetime": {"datetime": "2023-05-07 13:13:37", "elapsed": 250.878356, "delta": 2.800685}}
{"target": -2.26388452915985, "params": {"neurons": 41.554267517707146}, "datetime": {"datetime": "2023-05-07 13:13:40", "elapsed": 253.954932, "delta": 3.076576}}
{"target": -2.26388452915985, "params": {"neurons": 41.69769229659811}, "datetime": {"datetime": "2023-05-07 13:13:43", "elapsed": 256.74557, "delta": 2.790638}}
{"target": -2.26388452915985, "params": {"neurons": 41.8489591107049}, "datetime": {"datetime": "2023-05-07 13:13:45", "elapsed": 259.579632, "delta": 2.834062}}
{"target": -2.26388452915985, "params": {"neurons": 41.99066196636819}, "datetime": {"datetime": "2023-05-07 13:13:48", "elapsed": 261.991183, "delta": 2.411551}}
{"target": -2.26388452915985, "params": {"neurons": 41.41133120560798}, "datetime": {"datetime": "2023-05-07 13:13:51", "elapsed": 264.846195, "delta": 2.855012}}
{"target": -2.26388452915985, "params": {"neurons": 41.267382516962805}, "datetime": {"datetime": "2023-05-07 13:13:53", "elapsed": 267.460381, "delta": 2.614186}}
{"target": -2.0724906475563807, "params": {"neurons": 42.133189354428374}, "datetime": {"datetime": "2023-05-07 13:13:56", "elapsed": 270.397209, "delta": 2.936828}}
{"target": -2.0724906475563807, "params": {"neurons": 42.24422082687086}, "datetime": {"datetime": "2023-05-07 13:13:59", "elapsed": 272.695247, "delta": 2.298038}}
{"target": -2.0724906475563807, "params": {"neurons": 42.341750300974745}, "datetime": {"datetime": "2023-05-07 13:14:01", "elapsed": 275.417073, "delta": 2.721826}}
{"target": -2.0724906475563807, "params": {"neurons": 42.43534360787094}, "datetime": {"datetime": "2023-05-07 13:14:04", "elapsed": 278.150261, "delta": 2.733188}}
{"target": -2.0724906475563807, "params": {"neurons": 42.52844551470853}, "datetime": {"datetime": "2023-05-07 13:14:07", "elapsed": 281.073075, "delta": 2.922814}}
{"target": -2.0724906475563807, "params": {"neurons": 42.626054042044714}, "datetime": {"datetime": "2023-05-07 13:14:10", "elapsed": 283.83504, "delta": 2.761965}}
{"target": -2.0724906475563807, "params": {"neurons": 42.72670534118845}, "datetime": {"datetime": "2023-05-07 13:14:12", "elapsed": 286.237226, "delta": 2.402186}}
{"target": -2.0724906475563807, "params": {"neurons": 42.82605251958687}, "datetime": {"datetime": "2023-05-07 13:14:15", "elapsed": 288.822012, "delta": 2.584786}}
{"target": -2.0724906475563807, "params": {"neurons": 42.92243362674921}, "datetime": {"datetime": "2023-05-07 13:14:17", "elapsed": 291.683441, "delta": 2.861429}}
{"target": -2.6204867041224134, "params": {"neurons": 43.021347516363775}, "datetime": {"datetime": "2023-05-07 13:14:20", "elapsed": 294.537898, "delta": 2.854457}}
{"target": -2.26388452915985, "params": {"neurons": 41.119206106693746}, "datetime": {"datetime": "2023-05-07 13:14:23", "elapsed": 297.290468, "delta": 2.75257}}
{"target": -2.6816249378151964, "params": {"neurons": 40.96919306040916}, "datetime": {"datetime": "2023-05-07 13:14:26", "elapsed": 300.065529, "delta": 2.775061}}
{"target": -4.438949916447088, "params": {"neurons": 9.196873498882635}, "datetime": {"datetime": "2023-05-07 13:14:29", "elapsed": 302.705014, "delta": 2.639485}}
{"target": -2.8196253240372355, "params": {"neurons": 56.50173224564157}, "datetime": {"datetime": "2023-05-07 13:14:32", "elapsed": 305.819393, "delta": 3.114379}}
{"target": -2.711842793953933, "params": {"neurons": 26.838910602905834}, "datetime": {"datetime": "2023-05-07 13:14:35", "elapsed": 309.156608, "delta": 3.337215}}
{"target": -3.8630467460826763, "params": {"neurons": 62.607910257268095}, "datetime": {"datetime": "2023-05-07 13:14:38", "elapsed": 312.170611, "delta": 3.014003}}
{"target": -3.038779112546211, "params": {"neurons": 22.37402964385085}, "datetime": {"datetime": "2023-05-07 13:14:41", "elapsed": 315.471983, "delta": 3.301372}}
{"target": -2.6371605513377587, "params": {"neurons": 25.489471798695227}, "datetime": {"datetime": "2023-05-07 13:14:44", "elapsed": 318.687136, "delta": 3.215153}}
{"target": -3.0211587616352955, "params": {"neurons": 20.736205417783058}, "datetime": {"datetime": "2023-05-07 13:14:48", "elapsed": 321.931824, "delta": 3.244688}}
{"target": -2.3977507072003794, "params": {"neurons": 35.90185259746858}, "datetime": {"datetime": "2023-05-07 13:14:51", "elapsed": 325.209797, "delta": 3.277973}}
{"target": -4.17351498626469, "params": {"neurons": 59.16718271835649}, "datetime": {"datetime": "2023-05-07 13:14:54", "elapsed": 328.150503, "delta": 2.940706}}
{"target": -2.8939653464728856, "params": {"neurons": 30.42818182498854}, "datetime": {"datetime": "2023-05-07 13:14:57", "elapsed": 331.138721, "delta": 2.988218}}
{"target": -3.7086871093796137, "params": {"neurons": 13.08282027030306}, "datetime": {"datetime": "2023-05-07 13:15:00", "elapsed": 334.532023, "delta": 3.393302}}
{"target": -2.6468457544172357, "params": {"neurons": 31.97555099200977}, "datetime": {"datetime": "2023-05-07 13:15:04", "elapsed": 337.769207, "delta": 3.237184}}
{"target": -3.0805230084371527, "params": {"neurons": 28.04835038547541}, "datetime": {"datetime": "2023-05-07 13:15:06", "elapsed": 340.427516, "delta": 2.658309}}
{"target": -2.4844864264742053, "params": {"neurons": 34.87786495459193}, "datetime": {"datetime": "2023-05-07 13:15:09", "elapsed": 343.308331, "delta": 2.880815}}
{"target": -3.9356803589947615, "params": {"neurons": 11.921778385288283}, "datetime": {"datetime": "2023-05-07 13:15:12", "elapsed": 346.075618, "delta": 2.767287}}
{"target": -2.2037272643647876, "params": {"neurons": 61.47536968085368}, "datetime": {"datetime": "2023-05-07 13:15:14", "elapsed": 348.6666, "delta": 2.590982}}
{"target": -2.2037272643647876, "params": {"neurons": 61.60373454676051}, "datetime": {"datetime": "2023-05-07 13:15:18", "elapsed": 352.08577, "delta": 3.41917}}
{"target": -2.2037272643647876, "params": {"neurons": 61.73680402429714}, "datetime": {"datetime": "2023-05-07 13:15:21", "elapsed": 355.397743, "delta": 3.311973}}
{"target": -2.2037272643647876, "params": {"neurons": 61.874193189450914}, "datetime": {"datetime": "2023-05-07 13:15:24", "elapsed": 358.481265, "delta": 3.083522}}
{"target": -3.8630467460826763, "params": {"neurons": 62.00601895681479}, "datetime": {"datetime": "2023-05-07 13:15:28", "elapsed": 361.821847, "delta": 3.340582}}
{"target": -2.2037272643647876, "params": {"neurons": 61.338177324181935}, "datetime": {"datetime": "2023-05-07 13:15:31", "elapsed": 365.379864, "delta": 3.558017}}
{"target": -2.2037272643647876, "params": {"neurons": 61.20677039975233}, "datetime": {"datetime": "2023-05-07 13:15:35", "elapsed": 368.823213, "delta": 3.443349}}
{"target": -2.2037272643647876, "params": {"neurons": 61.07546168664843}, "datetime": {"datetime": "2023-05-07 13:15:38", "elapsed": 372.3246, "delta": 3.501387}}
{"target": -2.5219033811470064, "params": {"neurons": 60.94303535331773}, "datetime": {"datetime": "2023-05-07 13:15:41", "elapsed": 375.679304, "delta": 3.354704}}
{"target": -2.6204867041224134, "params": {"neurons": 43.921168479350946}, "datetime": {"datetime": "2023-05-07 13:15:44", "elapsed": 378.682911, "delta": 3.003607}}
{"target": -3.4671864294812362, "params": {"neurons": 16.93166003053755}, "datetime": {"datetime": "2023-05-07 13:15:48", "elapsed": 381.697957, "delta": 3.015046}}
{"target": -2.3977507072003794, "params": {"neurons": 35.64469452156451}, "datetime": {"datetime": "2023-05-07 13:15:51", "elapsed": 384.787494, "delta": 3.089537}}
{"target": -2.3977507072003794, "params": {"neurons": 35.388857501093575}, "datetime": {"datetime": "2023-05-07 13:15:53", "elapsed": 387.542287, "delta": 2.754793}}
{"target": -2.478633779836776, "params": {"neurons": 36.16010506186655}, "datetime": {"datetime": "2023-05-07 13:15:56", "elapsed": 390.644433, "delta": 3.102146}}
{"target": -3.5611539956619236, "params": {"neurons": 70.0}, "datetime": {"datetime": "2023-05-07 13:16:00", "elapsed": 394.049641, "delta": 3.405208}}
{"target": -3.568258482131629, "params": {"neurons": 15.120005025367082}, "datetime": {"datetime": "2023-05-07 13:16:03", "elapsed": 397.265448, "delta": 3.215807}}
{"target": -2.3977507072003794, "params": {"neurons": 35.18135378448413}, "datetime": {"datetime": "2023-05-07 13:16:06", "elapsed": 400.408028, "delta": 3.14258}}
{"target": -3.1983400732723943, "params": {"neurons": 18.748603919480132}, "datetime": {"datetime": "2023-05-07 13:16:10", "elapsed": 404.054655, "delta": 3.646627}}
{"target": -4.625639105594787, "params": {"neurons": 8.336415395738257}, "datetime": {"datetime": "2023-05-07 13:16:13", "elapsed": 407.429066, "delta": 3.374411}}
{"target": -2.4250102911261955, "params": {"neurons": 63.304358166595684}, "datetime": {"datetime": "2023-05-07 13:16:17", "elapsed": 410.828866, "delta": 3.3998}}
{"target": -2.4018322290640812, "params": {"neurons": 52.30414846275843}, "datetime": {"datetime": "2023-05-07 13:16:20", "elapsed": 414.093819, "delta": 3.264953}}
{"target": -2.4018322290640812, "params": {"neurons": 52.51571265345248}, "datetime": {"datetime": "2023-05-07 13:16:24", "elapsed": 417.823876, "delta": 3.730057}}
{"target": -3.348474876795004, "params": {"neurons": 21.555564376048373}, "datetime": {"datetime": "2023-05-07 13:16:27", "elapsed": 421.336317, "delta": 3.512441}}
{"target": -2.4250102911261955, "params": {"neurons": 63.066338529948844}, "datetime": {"datetime": "2023-05-07 13:16:30", "elapsed": 424.366884, "delta": 3.030567}}
{"target": -2.917390142921489, "params": {"neurons": 23.17233677333794}, "datetime": {"datetime": "2023-05-07 13:16:34", "elapsed": 427.803329, "delta": 3.436445}}
{"target": -2.6468457544172357, "params": {"neurons": 31.209001539070385}, "datetime": {"datetime": "2023-05-07 13:16:37", "elapsed": 430.794596, "delta": 2.991267}}
{"target": -2.4018322290640812, "params": {"neurons": 52.70323379824212}, "datetime": {"datetime": "2023-05-07 13:16:40", "elapsed": 434.403924, "delta": 3.609328}}
{"target": -2.8328823797182894, "params": {"neurons": 24.748700955623786}, "datetime": {"datetime": "2023-05-07 13:16:44", "elapsed": 438.037993, "delta": 3.634069}}
{"target": -4.438949916447088, "params": {"neurons": 9.96962198314313}, "datetime": {"datetime": "2023-05-07 13:16:47", "elapsed": 441.582816, "delta": 3.544823}}
{"target": -2.711842793953933, "params": {"neurons": 26.161699315583757}, "datetime": {"datetime": "2023-05-07 13:16:51", "elapsed": 444.869655, "delta": 3.286839}}
{"target": -2.537141281934139, "params": {"neurons": 57.18353298749093}, "datetime": {"datetime": "2023-05-07 13:16:54", "elapsed": 448.178503, "delta": 3.308848}}
{"target": -2.9554183689044065, "params": {"neurons": 55.82250184160224}, "datetime": {"datetime": "2023-05-07 13:16:58", "elapsed": 451.81376, "delta": 3.635257}}
{"target": -2.478633779836776, "params": {"neurons": 36.739340133700836}, "datetime": {"datetime": "2023-05-07 13:17:01", "elapsed": 455.434056, "delta": 3.620296}}
{"target": -2.302928598789709, "params": {"neurons": 58.440335044022426}, "datetime": {"datetime": "2023-05-07 13:17:05", "elapsed": 458.815668, "delta": 3.381612}}
{"target": -2.302928598789709, "params": {"neurons": 58.592352306297045}, "datetime": {"datetime": "2023-05-07 13:17:08", "elapsed": 462.580411, "delta": 3.764743}}
{"target": -2.302928598789709, "params": {"neurons": 58.28558285584602}, "datetime": {"datetime": "2023-05-07 13:17:12", "elapsed": 466.389095, "delta": 3.808684}}
{"target": -2.302928598789709, "params": {"neurons": 58.74427137891151}, "datetime": {"datetime": "2023-05-07 13:17:16", "elapsed": 470.495666, "delta": 4.106571}}
{"target": -2.302928598789709, "params": {"neurons": 58.12320466359866}, "datetime": {"datetime": "2023-05-07 13:17:19", "elapsed": 473.653254, "delta": 3.157588}}
{"target": -2.245337833486163, "params": {"neurons": 49.01306852712264}, "datetime": {"datetime": "2023-05-07 13:17:22", "elapsed": 476.668965, "delta": 3.015711}}
{"target": -2.420943595891747, "params": {"neurons": 45.417661600935666}, "datetime": {"datetime": "2023-05-07 13:17:26", "elapsed": 480.678553, "delta": 4.009588}}
{"target": -2.420943595891747, "params": {"neurons": 45.63025718070758}, "datetime": {"datetime": "2023-05-07 13:17:30", "elapsed": 484.451093, "delta": 3.77254}}
{"target": -2.2497638718740833, "params": {"neurons": 68.95345750302229}, "datetime": {"datetime": "2023-05-07 13:17:34", "elapsed": 488.171063, "delta": 3.71997}}
{"target": -2.302928598789709, "params": {"neurons": 58.88520834291091}, "datetime": {"datetime": "2023-05-07 13:17:38", "elapsed": 492.03547, "delta": 3.864407}}
{"target": -2.420943595891747, "params": {"neurons": 45.20043832788382}, "datetime": {"datetime": "2023-05-07 13:17:42", "elapsed": 495.822905, "delta": 3.787435}}
{"target": -2.4844864264742053, "params": {"neurons": 34.32383457216173}, "datetime": {"datetime": "2023-05-07 13:17:45", "elapsed": 499.344876, "delta": 3.521971}}
{"target": -3.0805230084371527, "params": {"neurons": 28.67780391329433}, "datetime": {"datetime": "2023-05-07 13:17:49", "elapsed": 502.992994, "delta": 3.648118}}
{"target": -2.811887418369642, "params": {"neurons": 27.429529816844497}, "datetime": {"datetime": "2023-05-07 13:17:52", "elapsed": 506.469953, "delta": 3.476959}}
{"target": -2.9163106415045617, "params": {"neurons": 32.55517634005845}, "datetime": {"datetime": "2023-05-07 13:17:56", "elapsed": 510.413718, "delta": 3.943765}}
{"target": -4.17351498626469, "params": {"neurons": 59.81683823058461}, "datetime": {"datetime": "2023-05-07 13:18:00", "elapsed": 514.096715, "delta": 3.682997}}
{"target": -2.7191052133939797, "params": {"neurons": 39.69016264242801}, "datetime": {"datetime": "2023-05-07 13:18:04", "elapsed": 518.180259, "delta": 4.083544}}
{"target": -2.4250102911261955, "params": {"neurons": 63.752379899786646}, "datetime": {"datetime": "2023-05-07 13:18:08", "elapsed": 522.107519, "delta": 3.92726}}
{"target": -2.727368555632842, "params": {"neurons": 29.837367675453397}, "datetime": {"datetime": "2023-05-07 13:18:12", "elapsed": 525.97711, "delta": 3.869591}}
{"target": -3.0211587616352955, "params": {"neurons": 20.176011919775572}, "datetime": {"datetime": "2023-05-07 13:18:16", "elapsed": 529.747641, "delta": 3.770531}}
{"target": -3.9356803589947615, "params": {"neurons": 11.332536643789325}, "datetime": {"datetime": "2023-05-07 13:18:20", "elapsed": 533.92206, "delta": 4.174419}}
{"target": -3.5926399103598947, "params": {"neurons": 12.502551311870272}, "datetime": {"datetime": "2023-05-07 13:18:24", "elapsed": 537.751939, "delta": 3.829879}}
{"target": -2.478633779836776, "params": {"neurons": 36.45836914800752}, "datetime": {"datetime": "2023-05-07 13:18:27", "elapsed": 541.358894, "delta": 3.606955}}
{"target": -3.7086871093796137, "params": {"neurons": 13.658710121953776}, "datetime": {"datetime": "2023-05-07 13:18:32", "elapsed": 546.682464, "delta": 5.32357}}
{"target": -4.671787851000592, "params": {"neurons": 6.907082293164236}, "datetime": {"datetime": "2023-05-07 13:18:37", "elapsed": 551.238173, "delta": 4.555709}}
{"target": -2.4844864264742053, "params": {"neurons": 34.60015449416333}, "datetime": {"datetime": "2023-05-07 13:18:41", "elapsed": 555.462869, "delta": 4.224696}}
{"target": -2.478633779836776, "params": {"neurons": 36.99005380257335}, "datetime": {"datetime": "2023-05-07 13:18:45", "elapsed": 559.609398, "delta": 4.146529}}
{"target": -2.6260001355037548, "params": {"neurons": 44.36686256034409}, "datetime": {"datetime": "2023-05-07 13:18:50", "elapsed": 563.986493, "delta": 4.377095}}
{"target": -5.195002338994388, "params": {"neurons": 5.810683706572377}, "datetime": {"datetime": "2023-05-07 13:18:54", "elapsed": 567.866533, "delta": 3.88004}}
{"target": -2.6204867041224134, "params": {"neurons": 43.486548498440044}, "datetime": {"datetime": "2023-05-07 13:18:58", "elapsed": 572.163689, "delta": 4.297156}}
{"target": -3.4671864294812362, "params": {"neurons": 16.463589924871457}, "datetime": {"datetime": "2023-05-07 13:19:02", "elapsed": 576.055513, "delta": 3.891824}}
{"target": -2.4844864264742053, "params": {"neurons": 34.09891344526949}, "datetime": {"datetime": "2023-05-07 13:19:07", "elapsed": 580.845519, "delta": 4.790006}}
{"target": -3.7825108624696724, "params": {"neurons": 17.397944665863033}, "datetime": {"datetime": "2023-05-07 13:19:11", "elapsed": 585.324938, "delta": 4.479419}}
{"target": -2.537141281934139, "params": {"neurons": 57.50140964773823}, "datetime": {"datetime": "2023-05-07 13:19:15", "elapsed": 589.075581, "delta": 3.750643}}
{"target": -2.6468457544172357, "params": {"neurons": 31.596443945044484}, "datetime": {"datetime": "2023-05-07 13:19:19", "elapsed": 593.226939, "delta": 4.151358}}
{"target": -2.8939653464728856, "params": {"neurons": 30.845095593538606}, "datetime": {"datetime": "2023-05-07 13:19:23", "elapsed": 597.430871, "delta": 4.203932}}
{"target": -3.1899958753228406, "params": {"neurons": 19.18255248390441}, "datetime": {"datetime": "2023-05-07 13:19:27", "elapsed": 601.361601, "delta": 3.93073}}
{"target": -2.5219033811470064, "params": {"neurons": 60.626863065604155}, "datetime": {"datetime": "2023-05-07 13:19:31", "elapsed": 605.604103, "delta": 4.242502}}
{"target": -2.8196253240372355, "params": {"neurons": 56.89459380654646}, "datetime": {"datetime": "2023-05-07 13:19:36", "elapsed": 610.373126, "delta": 4.769023}}
{"target": -2.537141281934139, "params": {"neurons": 57.98366969727635}, "datetime": {"datetime": "2023-05-07 13:19:41", "elapsed": 615.041927, "delta": 4.668801}}
{"target": -3.1983400732723943, "params": {"neurons": 18.32084671810062}, "datetime": {"datetime": "2023-05-07 13:19:45", "elapsed": 619.181862, "delta": 4.139935}}
{"target": -2.6371605513377587, "params": {"neurons": 25.13950095789632}, "datetime": {"datetime": "2023-05-07 13:19:49", "elapsed": 623.238409, "delta": 4.056547}}
{"target": -2.917390142921489, "params": {"neurons": 23.57002561333456}, "datetime": {"datetime": "2023-05-07 13:19:54", "elapsed": 627.926881, "delta": 4.688472}}
{"target": -3.568258482131629, "params": {"neurons": 15.553766131558486}, "datetime": {"datetime": "2023-05-07 13:19:59", "elapsed": 632.700053, "delta": 4.773172}}
{"target": -3.8628078902857066, "params": {"neurons": 14.68456189313015}, "datetime": {"datetime": "2023-05-07 13:20:02", "elapsed": 636.500373, "delta": 3.80032}}
{"target": -2.9145627794518214, "params": {"neurons": 69.5715979484863}, "datetime": {"datetime": "2023-05-07 13:20:07", "elapsed": 640.836379, "delta": 4.336006}}
{"target": -3.038779112546211, "params": {"neurons": 22.774308875438322}, "datetime": {"datetime": "2023-05-07 13:20:11", "elapsed": 645.377876, "delta": 4.541497}}
{"target": -2.8328823797182894, "params": {"neurons": 24.359469769110287}, "datetime": {"datetime": "2023-05-07 13:20:15", "elapsed": 649.631372, "delta": 4.253496}}
{"target": -2.420943595891747, "params": {"neurons": 45.027095860612754}, "datetime": {"datetime": "2023-05-07 13:20:20", "elapsed": 654.347093, "delta": 4.715721}}
{"target": -3.348474876795004, "params": {"neurons": 21.126653407018033}, "datetime": {"datetime": "2023-05-07 13:20:24", "elapsed": 658.134745, "delta": 3.787652}}
{"target": -3.348474876795004, "params": {"neurons": 21.9740254050598}, "datetime": {"datetime": "2023-05-07 13:20:28", "elapsed": 662.524286, "delta": 4.389541}}
{"target": -2.6816249378151964, "params": {"neurons": 40.6120738451084}, "datetime": {"datetime": "2023-05-07 13:20:33", "elapsed": 667.514932, "delta": 4.990646}}
{"target": -2.6371605513377587, "params": {"neurons": 25.81297825686976}, "datetime": {"datetime": "2023-05-07 13:20:38", "elapsed": 672.024881, "delta": 4.509949}}
{"target": -2.7145306173181103, "params": {"neurons": 48.467728232600884}, "datetime": {"datetime": "2023-05-07 13:20:44", "elapsed": 677.693138, "delta": 5.668257}}
{"target": -2.711842793953933, "params": {"neurons": 26.503774232948874}, "datetime": {"datetime": "2023-05-07 13:20:49", "elapsed": 682.950448, "delta": 5.25731}}
{"target": -4.625639105594787, "params": {"neurons": 8.769646390376318}, "datetime": {"datetime": "2023-05-07 13:20:53", "elapsed": 687.147488, "delta": 4.19704}}
{"target": -4.8983854841611265, "params": {"neurons": 7.907752755174965}, "datetime": {"datetime": "2023-05-07 13:20:58", "elapsed": 692.085457, "delta": 4.937969}}
{"target": -2.8196253240372355, "params": {"neurons": 56.17134094091214}, "datetime": {"datetime": "2023-05-07 13:21:03", "elapsed": 697.311345, "delta": 5.225888}}
{"target": -3.6715833211270557, "params": {"neurons": 65.50448954041227}, "datetime": {"datetime": "2023-05-07 13:21:08", "elapsed": 702.404828, "delta": 5.093483}}
{"target": -2.9554183689044065, "params": {"neurons": 55.48485590185633}, "datetime": {"datetime": "2023-05-07 13:21:14", "elapsed": 708.331511, "delta": 5.926683}}
{"target": -2.7191052133939797, "params": {"neurons": 39.98331311456126}, "datetime": {"datetime": "2023-05-07 13:21:19", "elapsed": 713.201205, "delta": 4.869694}}
{"target": -2.3977507072003794, "params": {"neurons": 35.03403930227066}, "datetime": {"datetime": "2023-05-07 13:21:24", "elapsed": 718.15714, "delta": 4.955935}}
{"target": -2.7191052133939797, "params": {"neurons": 39.40205095877104}, "datetime": {"datetime": "2023-05-07 13:21:29", "elapsed": 722.803659, "delta": 4.646519}}
{"target": -2.6891140645226623, "params": {"neurons": 37.17180957737628}, "datetime": {"datetime": "2023-05-07 13:21:35", "elapsed": 728.712435, "delta": 5.908776}}
{"target": -2.420943595891747, "params": {"neurons": 45.78358678700249}, "datetime": {"datetime": "2023-05-07 13:21:39", "elapsed": 733.569343, "delta": 4.856908}}
